{"meta": {"format": 3, "version": "7.8.2", "timestamp": "2025-10-02T18:17:35.158827", "branch_coverage": false, "show_contexts": false}, "files": {"common/__init__.py": {"executed_lines": [0], "summary": {"covered_lines": 0, "num_statements": 0, "percent_covered": 100.0, "percent_covered_display": "100", "missing_lines": 0, "excluded_lines": 0}, "missing_lines": [], "excluded_lines": [], "functions": {"": {"executed_lines": [], "summary": {"covered_lines": 0, "num_statements": 0, "percent_covered": 100.0, "percent_covered_display": "100", "missing_lines": 0, "excluded_lines": 0}, "missing_lines": [], "excluded_lines": []}}, "classes": {"": {"executed_lines": [], "summary": {"covered_lines": 0, "num_statements": 0, "percent_covered": 100.0, "percent_covered_display": "100", "missing_lines": 0, "excluded_lines": 0}, "missing_lines": [], "excluded_lines": []}}}, "common/config.py": {"executed_lines": [], "summary": {"covered_lines": 0, "num_statements": 27, "percent_covered": 0.0, "percent_covered_display": "0", "missing_lines": 27, "excluded_lines": 0}, "missing_lines": [6, 7, 8, 11, 12, 14, 17, 19, 20, 21, 23, 24, 34, 36, 37, 38, 40, 43, 45, 46, 47, 49, 52, 54, 55, 56, 58], "excluded_lines": [], "functions": {"get_iris_config": {"executed_lines": [], "summary": {"covered_lines": 0, "num_statements": 5, "percent_covered": 0.0, "percent_covered_display": "0", "missing_lines": 5, "excluded_lines": 0}, "missing_lines": [19, 20, 21, 23, 24], "excluded_lines": []}, "get_embedding_config": {"executed_lines": [], "summary": {"covered_lines": 0, "num_statements": 4, "percent_covered": 0.0, "percent_covered_display": "0", "missing_lines": 4, "excluded_lines": 0}, "missing_lines": [36, 37, 38, 40], "excluded_lines": []}, "get_storage_config": {"executed_lines": [], "summary": {"covered_lines": 0, "num_statements": 4, "percent_covered": 0.0, "percent_covered_display": "0", "missing_lines": 4, "excluded_lines": 0}, "missing_lines": [45, 46, 47, 49], "excluded_lines": []}, "get_pipeline_config": {"executed_lines": [], "summary": {"covered_lines": 0, "num_statements": 4, "percent_covered": 0.0, "percent_covered_display": "0", "missing_lines": 4, "excluded_lines": 0}, "missing_lines": [54, 55, 56, 58], "excluded_lines": []}, "": {"executed_lines": [], "summary": {"covered_lines": 0, "num_statements": 10, "percent_covered": 0.0, "percent_covered_display": "0", "missing_lines": 10, "excluded_lines": 0}, "missing_lines": [6, 7, 8, 11, 12, 14, 17, 34, 43, 52], "excluded_lines": []}}, "classes": {"": {"executed_lines": [], "summary": {"covered_lines": 0, "num_statements": 27, "percent_covered": 0.0, "percent_covered_display": "0", "missing_lines": 27, "excluded_lines": 0}, "missing_lines": [6, 7, 8, 11, 12, 14, 17, 19, 20, 21, 23, 24, 34, 36, 37, 38, 40, 43, 45, 46, 47, 49, 52, 54, 55, 56, 58], "excluded_lines": []}}}, "common/connection_manager.py": {"executed_lines": [], "summary": {"covered_lines": 0, "num_statements": 120, "percent_covered": 0.0, "percent_covered_display": "0", "missing_lines": 120, "excluded_lines": 0}, "missing_lines": [6, 7, 8, 9, 11, 14, 17, 24, 25, 26, 28, 29, 33, 35, 36, 38, 39, 40, 42, 43, 44, 45, 46, 47, 49, 50, 51, 53, 54, 55, 56, 57, 58, 59, 61, 62, 63, 64, 65, 68, 69, 72, 74, 75, 77, 79, 90, 91, 93, 95, 98, 99, 100, 101, 103, 108, 109, 114, 116, 118, 126, 127, 129, 131, 132, 135, 136, 137, 138, 140, 142, 143, 145, 146, 148, 150, 151, 152, 153, 155, 156, 158, 159, 161, 162, 163, 164, 166, 167, 169, 172, 173, 174, 176, 178, 180, 181, 183, 184, 186, 189, 190, 191, 193, 195, 196, 198, 200, 201, 205, 208, 220, 222, 224, 227, 228, 230, 233, 241, 242], "excluded_lines": [], "functions": {"ConnectionManager.__init__": {"executed_lines": [], "summary": {"covered_lines": 0, "num_statements": 5, "percent_covered": 0.0, "percent_covered_display": "0", "missing_lines": 5, "excluded_lines": 0}, "missing_lines": [24, 25, 26, 28, 29], "excluded_lines": []}, "ConnectionManager.connect": {"executed_lines": [], "summary": {"covered_lines": 0, "num_statements": 32, "percent_covered": 0.0, "percent_covered_display": "0", "missing_lines": 32, "excluded_lines": 0}, "missing_lines": [35, 36, 38, 39, 40, 42, 43, 44, 45, 46, 47, 49, 50, 51, 53, 54, 55, 56, 57, 58, 59, 61, 62, 63, 64, 65, 68, 69, 72, 74, 75, 77], "excluded_lines": []}, "ConnectionManager.execute": {"executed_lines": [], "summary": {"covered_lines": 0, "num_statements": 13, "percent_covered": 0.0, "percent_covered_display": "0", "missing_lines": 13, "excluded_lines": 0}, "missing_lines": [90, 91, 93, 95, 98, 99, 100, 101, 103, 108, 109, 114, 116], "excluded_lines": []}, "ConnectionManager.execute_many": {"executed_lines": [], "summary": {"covered_lines": 0, "num_statements": 10, "percent_covered": 0.0, "percent_covered_display": "0", "missing_lines": 10, "excluded_lines": 0}, "missing_lines": [126, 127, 129, 131, 132, 135, 136, 137, 138, 140], "excluded_lines": []}, "ConnectionManager.cursor": {"executed_lines": [], "summary": {"covered_lines": 0, "num_statements": 14, "percent_covered": 0.0, "percent_covered_display": "0", "missing_lines": 14, "excluded_lines": 0}, "missing_lines": [145, 146, 148, 150, 151, 155, 158, 161, 166, 169, 172, 173, 174, 176], "excluded_lines": []}, "ConnectionManager.cursor.JDBCCursorWrapper.__init__": {"executed_lines": [], "summary": {"covered_lines": 0, "num_statements": 2, "percent_covered": 0.0, "percent_covered_display": "0", "missing_lines": 2, "excluded_lines": 0}, "missing_lines": [152, 153], "excluded_lines": []}, "ConnectionManager.cursor.JDBCCursorWrapper.execute": {"executed_lines": [], "summary": {"covered_lines": 0, "num_statements": 1, "percent_covered": 0.0, "percent_covered_display": "0", "missing_lines": 1, "excluded_lines": 0}, "missing_lines": [156], "excluded_lines": []}, "ConnectionManager.cursor.JDBCCursorWrapper.fetchall": {"executed_lines": [], "summary": {"covered_lines": 0, "num_statements": 1, "percent_covered": 0.0, "percent_covered_display": "0", "missing_lines": 1, "excluded_lines": 0}, "missing_lines": [159], "excluded_lines": []}, "ConnectionManager.cursor.JDBCCursorWrapper.fetchone": {"executed_lines": [], "summary": {"covered_lines": 0, "num_statements": 3, "percent_covered": 0.0, "percent_covered_display": "0", "missing_lines": 3, "excluded_lines": 0}, "missing_lines": [162, 163, 164], "excluded_lines": []}, "ConnectionManager.cursor.JDBCCursorWrapper.close": {"executed_lines": [], "summary": {"covered_lines": 0, "num_statements": 1, "percent_covered": 0.0, "percent_covered_display": "0", "missing_lines": 1, "excluded_lines": 0}, "missing_lines": [167], "excluded_lines": []}, "ConnectionManager.close": {"executed_lines": [], "summary": {"covered_lines": 0, "num_statements": 8, "percent_covered": 0.0, "percent_covered_display": "0", "missing_lines": 8, "excluded_lines": 0}, "missing_lines": [180, 181, 183, 184, 186, 189, 190, 191], "excluded_lines": []}, "ConnectionManager.__enter__": {"executed_lines": [], "summary": {"covered_lines": 0, "num_statements": 2, "percent_covered": 0.0, "percent_covered_display": "0", "missing_lines": 2, "excluded_lines": 0}, "missing_lines": [195, 196], "excluded_lines": []}, "ConnectionManager.__exit__": {"executed_lines": [], "summary": {"covered_lines": 0, "num_statements": 2, "percent_covered": 0.0, "percent_covered_display": "0", "missing_lines": 2, "excluded_lines": 0}, "missing_lines": [200, 201], "excluded_lines": []}, "get_connection_manager": {"executed_lines": [], "summary": {"covered_lines": 0, "num_statements": 6, "percent_covered": 0.0, "percent_covered_display": "0", "missing_lines": 6, "excluded_lines": 0}, "missing_lines": [220, 222, 224, 227, 228, 230], "excluded_lines": []}, "set_global_connection_type": {"executed_lines": [], "summary": {"covered_lines": 0, "num_statements": 2, "percent_covered": 0.0, "percent_covered_display": "0", "missing_lines": 2, "excluded_lines": 0}, "missing_lines": [241, 242], "excluded_lines": []}, "": {"executed_lines": [], "summary": {"covered_lines": 0, "num_statements": 18, "percent_covered": 0.0, "percent_covered_display": "0", "missing_lines": 18, "excluded_lines": 0}, "missing_lines": [6, 7, 8, 9, 11, 14, 17, 33, 79, 118, 142, 143, 178, 193, 198, 205, 208, 233], "excluded_lines": []}}, "classes": {"ConnectionManager": {"executed_lines": [], "summary": {"covered_lines": 0, "num_statements": 86, "percent_covered": 0.0, "percent_covered_display": "0", "missing_lines": 86, "excluded_lines": 0}, "missing_lines": [24, 25, 26, 28, 29, 35, 36, 38, 39, 40, 42, 43, 44, 45, 46, 47, 49, 50, 51, 53, 54, 55, 56, 57, 58, 59, 61, 62, 63, 64, 65, 68, 69, 72, 74, 75, 77, 90, 91, 93, 95, 98, 99, 100, 101, 103, 108, 109, 114, 116, 126, 127, 129, 131, 132, 135, 136, 137, 138, 140, 145, 146, 148, 150, 151, 155, 158, 161, 166, 169, 172, 173, 174, 176, 180, 181, 183, 184, 186, 189, 190, 191, 195, 196, 200, 201], "excluded_lines": []}, "ConnectionManager.cursor.JDBCCursorWrapper": {"executed_lines": [], "summary": {"covered_lines": 0, "num_statements": 8, "percent_covered": 0.0, "percent_covered_display": "0", "missing_lines": 8, "excluded_lines": 0}, "missing_lines": [152, 153, 156, 159, 162, 163, 164, 167], "excluded_lines": []}, "": {"executed_lines": [], "summary": {"covered_lines": 0, "num_statements": 26, "percent_covered": 0.0, "percent_covered_display": "0", "missing_lines": 26, "excluded_lines": 0}, "missing_lines": [6, 7, 8, 9, 11, 14, 17, 33, 79, 118, 142, 143, 178, 193, 198, 205, 208, 220, 222, 224, 227, 228, 230, 233, 241, 242], "excluded_lines": []}}}, "common/database.py": {"executed_lines": [], "summary": {"covered_lines": 0, "num_statements": 63, "percent_covered": 0.0, "percent_covered_display": "0", "missing_lines": 63, "excluded_lines": 0}, "missing_lines": [6, 7, 8, 9, 11, 14, 29, 30, 32, 34, 35, 39, 41, 43, 45, 46, 47, 48, 49, 52, 61, 62, 63, 64, 66, 68, 69, 70, 72, 73, 74, 76, 77, 78, 79, 81, 82, 83, 85, 86, 88, 89, 91, 92, 93, 95, 96, 99, 106, 107, 110, 112, 114, 116, 117, 118, 119, 120, 123, 132, 134, 140, 141], "excluded_lines": [], "functions": {"wait_for_database": {"executed_lines": [], "summary": {"covered_lines": 0, "num_statements": 41, "percent_covered": 0.0, "percent_covered_display": "0", "missing_lines": 41, "excluded_lines": 0}, "missing_lines": [29, 30, 32, 34, 35, 39, 41, 43, 45, 46, 47, 48, 49, 52, 61, 62, 63, 64, 66, 68, 69, 70, 72, 73, 74, 76, 77, 78, 79, 81, 82, 83, 85, 86, 88, 89, 91, 92, 93, 95, 96], "excluded_lines": []}, "check_database_health": {"executed_lines": [], "summary": {"covered_lines": 0, "num_statements": 15, "percent_covered": 0.0, "percent_covered_display": "0", "missing_lines": 15, "excluded_lines": 0}, "missing_lines": [106, 107, 110, 112, 114, 116, 117, 118, 119, 120, 123, 132, 134, 140, 141], "excluded_lines": []}, "": {"executed_lines": [], "summary": {"covered_lines": 0, "num_statements": 7, "percent_covered": 0.0, "percent_covered_display": "0", "missing_lines": 7, "excluded_lines": 0}, "missing_lines": [6, 7, 8, 9, 11, 14, 99], "excluded_lines": []}}, "classes": {"": {"executed_lines": [], "summary": {"covered_lines": 0, "num_statements": 63, "percent_covered": 0.0, "percent_covered_display": "0", "missing_lines": 63, "excluded_lines": 0}, "missing_lines": [6, 7, 8, 9, 11, 14, 29, 30, 32, 34, 35, 39, 41, 43, 45, 46, 47, 48, 49, 52, 61, 62, 63, 64, 66, 68, 69, 70, 72, 73, 74, 76, 77, 78, 79, 81, 82, 83, 85, 86, 88, 89, 91, 92, 93, 95, 96, 99, 106, 107, 110, 112, 114, 116, 117, 118, 119, 120, 123, 132, 134, 140, 141], "excluded_lines": []}}}, "common/database_schema_manager.py": {"executed_lines": [], "summary": {"covered_lines": 0, "num_statements": 117, "percent_covered": 0.0, "percent_covered_display": "0", "missing_lines": 117, "excluded_lines": 19}, "missing_lines": [7, 8, 9, 10, 12, 14, 17, 18, 21, 22, 23, 24, 25, 28, 29, 32, 33, 34, 35, 36, 39, 45, 47, 49, 50, 52, 53, 56, 57, 59, 61, 63, 64, 65, 68, 69, 70, 73, 74, 75, 76, 84, 92, 93, 94, 96, 98, 100, 111, 112, 114, 115, 117, 118, 119, 121, 122, 123, 125, 136, 137, 138, 140, 141, 143, 144, 145, 149, 150, 151, 153, 155, 156, 157, 159, 169, 172, 173, 174, 175, 176, 179, 181, 183, 185, 187, 188, 190, 191, 194, 195, 196, 197, 199, 200, 201, 203, 205, 207, 212, 214, 216, 218, 219, 221, 222, 236, 239, 242, 243, 244, 248, 250, 253, 255, 258, 260], "excluded_lines": [264, 266, 268, 270, 271, 274, 275, 276, 277, 279, 280, 281, 282, 283, 284, 285, 286, 288, 289], "functions": {"DatabaseSchemaManager.__init__": {"executed_lines": [], "summary": {"covered_lines": 0, "num_statements": 8, "percent_covered": 0.0, "percent_covered_display": "0", "missing_lines": 8, "excluded_lines": 0}, "missing_lines": [47, 49, 50, 52, 53, 56, 57, 59], "excluded_lines": []}, "DatabaseSchemaManager._load_schema_config": {"executed_lines": [], "summary": {"covered_lines": 0, "num_statements": 14, "percent_covered": 0.0, "percent_covered_display": "0", "missing_lines": 14, "excluded_lines": 0}, "missing_lines": [63, 64, 65, 68, 69, 70, 73, 74, 75, 76, 84, 92, 93, 94], "excluded_lines": []}, "DatabaseSchemaManager.get_schema_name": {"executed_lines": [], "summary": {"covered_lines": 0, "num_statements": 1, "percent_covered": 0.0, "percent_covered_display": "0", "missing_lines": 1, "excluded_lines": 0}, "missing_lines": [98], "excluded_lines": []}, "DatabaseSchemaManager.get_table_name": {"executed_lines": [], "summary": {"covered_lines": 0, "num_statements": 10, "percent_covered": 0.0, "percent_covered_display": "0", "missing_lines": 10, "excluded_lines": 0}, "missing_lines": [111, 112, 114, 115, 117, 118, 119, 121, 122, 123], "excluded_lines": []}, "DatabaseSchemaManager.get_column_name": {"executed_lines": [], "summary": {"covered_lines": 0, "num_statements": 11, "percent_covered": 0.0, "percent_covered_display": "0", "missing_lines": 11, "excluded_lines": 0}, "missing_lines": [136, 137, 138, 140, 141, 143, 144, 145, 149, 150, 151], "excluded_lines": []}, "DatabaseSchemaManager.get_qualified_column": {"executed_lines": [], "summary": {"covered_lines": 0, "num_statements": 3, "percent_covered": 0.0, "percent_covered_display": "0", "missing_lines": 3, "excluded_lines": 0}, "missing_lines": [155, 156, 157], "excluded_lines": []}, "DatabaseSchemaManager.standardize_column_name": {"executed_lines": [], "summary": {"covered_lines": 0, "num_statements": 7, "percent_covered": 0.0, "percent_covered_display": "0", "missing_lines": 7, "excluded_lines": 0}, "missing_lines": [169, 172, 173, 174, 175, 176, 179], "excluded_lines": []}, "DatabaseSchemaManager.get_data_type": {"executed_lines": [], "summary": {"covered_lines": 0, "num_statements": 1, "percent_covered": 0.0, "percent_covered_display": "0", "missing_lines": 1, "excluded_lines": 0}, "missing_lines": [183], "excluded_lines": []}, "DatabaseSchemaManager.build_create_table_sql": {"executed_lines": [], "summary": {"covered_lines": 0, "num_statements": 12, "percent_covered": 0.0, "percent_covered_display": "0", "missing_lines": 12, "excluded_lines": 0}, "missing_lines": [187, 188, 190, 191, 194, 195, 196, 197, 199, 200, 201, 203], "excluded_lines": []}, "DatabaseSchemaManager.get_all_tables": {"executed_lines": [], "summary": {"covered_lines": 0, "num_statements": 1, "percent_covered": 0.0, "percent_covered_display": "0", "missing_lines": 1, "excluded_lines": 0}, "missing_lines": [207], "excluded_lines": []}, "DatabaseSchemaManager.validate_table_exists": {"executed_lines": [], "summary": {"covered_lines": 0, "num_statements": 1, "percent_covered": 0.0, "percent_covered_display": "0", "missing_lines": 1, "excluded_lines": 0}, "missing_lines": [214], "excluded_lines": []}, "DatabaseSchemaManager.get_table_info": {"executed_lines": [], "summary": {"covered_lines": 0, "num_statements": 4, "percent_covered": 0.0, "percent_covered_display": "0", "missing_lines": 4, "excluded_lines": 0}, "missing_lines": [218, 219, 221, 222], "excluded_lines": []}, "get_schema_manager": {"executed_lines": [], "summary": {"covered_lines": 0, "num_statements": 3, "percent_covered": 0.0, "percent_covered_display": "0", "missing_lines": 3, "excluded_lines": 0}, "missing_lines": [242, 243, 244], "excluded_lines": []}, "get_table": {"executed_lines": [], "summary": {"covered_lines": 0, "num_statements": 1, "percent_covered": 0.0, "percent_covered_display": "0", "missing_lines": 1, "excluded_lines": 0}, "missing_lines": [250], "excluded_lines": []}, "get_column": {"executed_lines": [], "summary": {"covered_lines": 0, "num_statements": 1, "percent_covered": 0.0, "percent_covered_display": "0", "missing_lines": 1, "excluded_lines": 0}, "missing_lines": [255], "excluded_lines": []}, "get_qualified_column": {"executed_lines": [], "summary": {"covered_lines": 0, "num_statements": 1, "percent_covered": 0.0, "percent_covered_display": "0", "missing_lines": 1, "excluded_lines": 0}, "missing_lines": [260], "excluded_lines": []}, "": {"executed_lines": [], "summary": {"covered_lines": 0, "num_statements": 38, "percent_covered": 0.0, "percent_covered_display": "0", "missing_lines": 38, "excluded_lines": 19}, "missing_lines": [7, 8, 9, 10, 12, 14, 17, 18, 21, 22, 23, 24, 25, 28, 29, 32, 33, 34, 35, 36, 39, 45, 61, 96, 100, 125, 153, 159, 181, 185, 205, 212, 216, 236, 239, 248, 253, 258], "excluded_lines": [264, 266, 268, 270, 271, 274, 275, 276, 277, 279, 280, 281, 282, 283, 284, 285, 286, 288, 289]}}, "classes": {"TableConfig": {"executed_lines": [], "summary": {"covered_lines": 0, "num_statements": 0, "percent_covered": 100.0, "percent_covered_display": "100", "missing_lines": 0, "excluded_lines": 0}, "missing_lines": [], "excluded_lines": []}, "SchemaConfig": {"executed_lines": [], "summary": {"covered_lines": 0, "num_statements": 0, "percent_covered": 100.0, "percent_covered_display": "100", "missing_lines": 0, "excluded_lines": 0}, "missing_lines": [], "excluded_lines": []}, "DatabaseSchemaManager": {"executed_lines": [], "summary": {"covered_lines": 0, "num_statements": 73, "percent_covered": 0.0, "percent_covered_display": "0", "missing_lines": 73, "excluded_lines": 0}, "missing_lines": [47, 49, 50, 52, 53, 56, 57, 59, 63, 64, 65, 68, 69, 70, 73, 74, 75, 76, 84, 92, 93, 94, 98, 111, 112, 114, 115, 117, 118, 119, 121, 122, 123, 136, 137, 138, 140, 141, 143, 144, 145, 149, 150, 151, 155, 156, 157, 169, 172, 173, 174, 175, 176, 179, 183, 187, 188, 190, 191, 194, 195, 196, 197, 199, 200, 201, 203, 207, 214, 218, 219, 221, 222], "excluded_lines": []}, "": {"executed_lines": [], "summary": {"covered_lines": 0, "num_statements": 44, "percent_covered": 0.0, "percent_covered_display": "0", "missing_lines": 44, "excluded_lines": 19}, "missing_lines": [7, 8, 9, 10, 12, 14, 17, 18, 21, 22, 23, 24, 25, 28, 29, 32, 33, 34, 35, 36, 39, 45, 61, 96, 100, 125, 153, 159, 181, 185, 205, 212, 216, 236, 239, 242, 243, 244, 248, 250, 253, 255, 258, 260], "excluded_lines": [264, 266, 268, 270, 271, 274, 275, 276, 277, 279, 280, 281, 282, 283, 284, 285, 286, 288, 289]}}}, "common/db_init_with_indexes.py": {"executed_lines": [], "summary": {"covered_lines": 0, "num_statements": 77, "percent_covered": 0.0, "percent_covered_display": "0", "missing_lines": 77, "excluded_lines": 14}, "missing_lines": [7, 8, 9, 12, 14, 16, 17, 20, 28, 29, 31, 32, 35, 37, 38, 39, 42, 45, 50, 51, 53, 54, 55, 56, 58, 61, 62, 63, 64, 67, 68, 72, 74, 77, 78, 79, 80, 81, 83, 86, 87, 88, 89, 90, 99, 103, 106, 108, 109, 111, 113, 115, 116, 119, 121, 126, 127, 128, 129, 130, 131, 132, 134, 135, 137, 138, 139, 141, 144, 146, 147, 149, 150, 151, 152, 153, 155], "excluded_lines": [158, 159, 161, 162, 165, 168, 171, 173, 174, 177, 178, 179, 180, 181], "functions": {"initialize_complete_rag_database": {"executed_lines": [], "summary": {"covered_lines": 0, "num_statements": 60, "percent_covered": 0.0, "percent_covered_display": "0", "missing_lines": 60, "excluded_lines": 0}, "missing_lines": [28, 29, 31, 32, 35, 37, 38, 39, 42, 45, 50, 51, 53, 54, 55, 56, 58, 61, 62, 63, 64, 67, 68, 72, 74, 77, 78, 79, 80, 81, 83, 86, 87, 88, 89, 90, 99, 103, 106, 108, 109, 111, 113, 115, 116, 119, 121, 126, 127, 128, 129, 130, 131, 132, 134, 135, 137, 138, 139, 141], "excluded_lines": []}, "create_schema_if_not_exists": {"executed_lines": [], "summary": {"covered_lines": 0, "num_statements": 8, "percent_covered": 0.0, "percent_covered_display": "0", "missing_lines": 8, "excluded_lines": 0}, "missing_lines": [146, 147, 149, 150, 151, 152, 153, 155], "excluded_lines": []}, "": {"executed_lines": [], "summary": {"covered_lines": 0, "num_statements": 9, "percent_covered": 0.0, "percent_covered_display": "0", "missing_lines": 9, "excluded_lines": 14}, "missing_lines": [7, 8, 9, 12, 14, 16, 17, 20, 144], "excluded_lines": [158, 159, 161, 162, 165, 168, 171, 173, 174, 177, 178, 179, 180, 181]}}, "classes": {"": {"executed_lines": [], "summary": {"covered_lines": 0, "num_statements": 77, "percent_covered": 0.0, "percent_covered_display": "0", "missing_lines": 77, "excluded_lines": 14}, "missing_lines": [7, 8, 9, 12, 14, 16, 17, 20, 28, 29, 31, 32, 35, 37, 38, 39, 42, 45, 50, 51, 53, 54, 55, 56, 58, 61, 62, 63, 64, 67, 68, 72, 74, 77, 78, 79, 80, 81, 83, 86, 87, 88, 89, 90, 99, 103, 106, 108, 109, 111, 113, 115, 116, 119, 121, 126, 127, 128, 129, 130, 131, 132, 134, 135, 137, 138, 139, 141, 144, 146, 147, 149, 150, 151, 152, 153, 155], "excluded_lines": [158, 159, 161, 162, 165, 168, 171, 173, 174, 177, 178, 179, 180, 181]}}}, "common/db_vector_utils.py": {"executed_lines": [1, 2, 4, 7], "summary": {"covered_lines": 4, "num_statements": 72, "percent_covered": 5.555555555555555, "percent_covered_display": "6", "missing_lines": 68, "excluded_lines": 0}, "missing_lines": [35, 36, 39, 41, 44, 48, 51, 52, 53, 57, 60, 62, 63, 64, 65, 68, 69, 71, 73, 76, 80, 83, 92, 95, 97, 98, 99, 100, 103, 104, 105, 106, 108, 109, 110, 113, 116, 117, 122, 123, 126, 127, 128, 129, 132, 135, 138, 139, 140, 141, 143, 144, 146, 147, 148, 149, 150, 152, 153, 157, 161, 164, 166, 167, 169, 172, 173, 176], "excluded_lines": [], "functions": {"insert_vector": {"executed_lines": [], "summary": {"covered_lines": 0, "num_statements": 68, "percent_covered": 0.0, "percent_covered_display": "0", "missing_lines": 68, "excluded_lines": 0}, "missing_lines": [35, 36, 39, 41, 44, 48, 51, 52, 53, 57, 60, 62, 63, 64, 65, 68, 69, 71, 73, 76, 80, 83, 92, 95, 97, 98, 99, 100, 103, 104, 105, 106, 108, 109, 110, 113, 116, 117, 122, 123, 126, 127, 128, 129, 132, 135, 138, 139, 140, 141, 143, 144, 146, 147, 148, 149, 150, 152, 153, 157, 161, 164, 166, 167, 169, 172, 173, 176], "excluded_lines": []}, "": {"executed_lines": [1, 2, 4, 7], "summary": {"covered_lines": 4, "num_statements": 4, "percent_covered": 100.0, "percent_covered_display": "100", "missing_lines": 0, "excluded_lines": 0}, "missing_lines": [], "excluded_lines": []}}, "classes": {"": {"executed_lines": [1, 2, 4, 7], "summary": {"covered_lines": 4, "num_statements": 72, "percent_covered": 5.555555555555555, "percent_covered_display": "6", "missing_lines": 68, "excluded_lines": 0}, "missing_lines": [35, 36, 39, 41, 44, 48, 51, 52, 53, 57, 60, 62, 63, 64, 65, 68, 69, 71, 73, 76, 80, 83, 92, 95, 97, 98, 99, 100, 103, 104, 105, 106, 108, 109, 110, 113, 116, 117, 122, 123, 126, 127, 128, 129, 132, 135, 138, 139, 140, 141, 143, 144, 146, 147, 148, 149, 150, 152, 153, 157, 161, 164, 166, 167, 169, 172, 173, 176], "excluded_lines": []}}}, "common/environment_manager.py": {"executed_lines": [], "summary": {"covered_lines": 0, "num_statements": 79, "percent_covered": 0.0, "percent_covered_display": "0", "missing_lines": 79, "excluded_lines": 15}, "missing_lines": [14, 15, 16, 17, 18, 19, 21, 24, 27, 28, 29, 30, 31, 33, 41, 42, 43, 44, 45, 47, 52, 53, 54, 57, 58, 59, 60, 61, 64, 65, 67, 77, 78, 80, 82, 93, 95, 96, 97, 99, 106, 108, 118, 120, 127, 128, 130, 143, 144, 145, 146, 148, 149, 152, 157, 160, 161, 162, 164, 165, 172, 173, 176, 177, 183, 185, 186, 188, 189, 190, 191, 192, 193, 194, 195, 197, 198, 199, 200], "excluded_lines": [203, 204, 206, 207, 208, 209, 211, 213, 214, 215, 216, 217, 218, 219, 220], "functions": {"EnvironmentManager.__init__": {"executed_lines": [], "summary": {"covered_lines": 0, "num_statements": 4, "percent_covered": 0.0, "percent_covered_display": "0", "missing_lines": 4, "excluded_lines": 0}, "missing_lines": [28, 29, 30, 31], "excluded_lines": []}, "EnvironmentManager.get_best_python_executable": {"executed_lines": [], "summary": {"covered_lines": 0, "num_statements": 16, "percent_covered": 0.0, "percent_covered_display": "0", "missing_lines": 16, "excluded_lines": 0}, "missing_lines": [41, 42, 43, 44, 45, 47, 52, 53, 54, 57, 58, 59, 60, 61, 64, 65], "excluded_lines": []}, "EnvironmentManager._check_environment_has_iris": {"executed_lines": [], "summary": {"covered_lines": 0, "num_statements": 8, "percent_covered": 0.0, "percent_covered_display": "0", "missing_lines": 8, "excluded_lines": 0}, "missing_lines": [77, 78, 80, 82, 93, 95, 96, 97], "excluded_lines": []}, "EnvironmentManager.get_environment_info": {"executed_lines": [], "summary": {"covered_lines": 0, "num_statements": 3, "percent_covered": 0.0, "percent_covered_display": "0", "missing_lines": 3, "excluded_lines": 0}, "missing_lines": [106, 108, 118], "excluded_lines": []}, "EnvironmentManager.ensure_iris_available": {"executed_lines": [], "summary": {"covered_lines": 0, "num_statements": 2, "percent_covered": 0.0, "percent_covered_display": "0", "missing_lines": 2, "excluded_lines": 0}, "missing_lines": [127, 128], "excluded_lines": []}, "EnvironmentManager.run_in_best_environment": {"executed_lines": [], "summary": {"covered_lines": 0, "num_statements": 6, "percent_covered": 0.0, "percent_covered_display": "0", "missing_lines": 6, "excluded_lines": 0}, "missing_lines": [143, 144, 145, 146, 148, 149], "excluded_lines": []}, "get_iris_connection_in_best_env": {"executed_lines": [], "summary": {"covered_lines": 0, "num_statements": 10, "percent_covered": 0.0, "percent_covered_display": "0", "missing_lines": 10, "excluded_lines": 0}, "missing_lines": [157, 160, 161, 162, 164, 165, 172, 173, 176, 177], "excluded_lines": []}, "check_environment_status": {"executed_lines": [], "summary": {"covered_lines": 0, "num_statements": 14, "percent_covered": 0.0, "percent_covered_display": "0", "missing_lines": 14, "excluded_lines": 0}, "missing_lines": [185, 186, 188, 189, 190, 191, 192, 193, 194, 195, 197, 198, 199, 200], "excluded_lines": []}, "": {"executed_lines": [], "summary": {"covered_lines": 0, "num_statements": 16, "percent_covered": 0.0, "percent_covered_display": "0", "missing_lines": 16, "excluded_lines": 15}, "missing_lines": [14, 15, 16, 17, 18, 19, 21, 24, 27, 33, 67, 99, 120, 130, 152, 183], "excluded_lines": [203, 204, 206, 207, 208, 209, 211, 213, 214, 215, 216, 217, 218, 219, 220]}}, "classes": {"EnvironmentManager": {"executed_lines": [], "summary": {"covered_lines": 0, "num_statements": 39, "percent_covered": 0.0, "percent_covered_display": "0", "missing_lines": 39, "excluded_lines": 0}, "missing_lines": [28, 29, 30, 31, 41, 42, 43, 44, 45, 47, 52, 53, 54, 57, 58, 59, 60, 61, 64, 65, 77, 78, 80, 82, 93, 95, 96, 97, 106, 108, 118, 127, 128, 143, 144, 145, 146, 148, 149], "excluded_lines": []}, "": {"executed_lines": [], "summary": {"covered_lines": 0, "num_statements": 40, "percent_covered": 0.0, "percent_covered_display": "0", "missing_lines": 40, "excluded_lines": 15}, "missing_lines": [14, 15, 16, 17, 18, 19, 21, 24, 27, 33, 67, 99, 120, 130, 152, 157, 160, 161, 162, 164, 165, 172, 173, 176, 177, 183, 185, 186, 188, 189, 190, 191, 192, 193, 194, 195, 197, 198, 199, 200], "excluded_lines": [203, 204, 206, 207, 208, 209, 211, 213, 214, 215, 216, 217, 218, 219, 220]}}}, "common/huggingface_utils.py": {"executed_lines": [], "summary": {"covered_lines": 0, "num_statements": 70, "percent_covered": 0.0, "percent_covered_display": "0", "missing_lines": 70, "excluded_lines": 0}, "missing_lines": [5, 6, 7, 8, 9, 11, 14, 32, 33, 34, 35, 37, 38, 39, 40, 41, 44, 45, 58, 59, 60, 62, 64, 67, 68, 70, 74, 77, 78, 80, 82, 84, 87, 88, 102, 103, 105, 108, 109, 114, 115, 119, 120, 122, 123, 124, 125, 126, 127, 130, 145, 146, 147, 150, 151, 153, 154, 156, 159, 167, 168, 169, 170, 172, 173, 177, 180, 194, 199, 206], "excluded_lines": [], "functions": {"retry_with_exponential_backoff": {"executed_lines": [], "summary": {"covered_lines": 0, "num_statements": 3, "percent_covered": 0.0, "percent_covered_display": "0", "missing_lines": 3, "excluded_lines": 0}, "missing_lines": [32, 33, 84], "excluded_lines": []}, "retry_with_exponential_backoff.decorator": {"executed_lines": [], "summary": {"covered_lines": 0, "num_statements": 2, "percent_covered": 0.0, "percent_covered_display": "0", "missing_lines": 2, "excluded_lines": 0}, "missing_lines": [34, 82], "excluded_lines": []}, "retry_with_exponential_backoff.decorator.wrapper": {"executed_lines": [], "summary": {"covered_lines": 0, "num_statements": 20, "percent_covered": 0.0, "percent_covered_display": "0", "missing_lines": 20, "excluded_lines": 0}, "missing_lines": [35, 37, 38, 39, 40, 41, 44, 45, 58, 59, 60, 62, 64, 67, 68, 70, 74, 77, 78, 80], "excluded_lines": []}, "download_huggingface_model": {"executed_lines": [], "summary": {"covered_lines": 0, "num_statements": 15, "percent_covered": 0.0, "percent_covered_display": "0", "missing_lines": 15, "excluded_lines": 0}, "missing_lines": [102, 103, 105, 108, 109, 114, 115, 119, 120, 122, 123, 124, 125, 126, 127], "excluded_lines": []}, "get_cached_model": {"executed_lines": [], "summary": {"covered_lines": 0, "num_statements": 8, "percent_covered": 0.0, "percent_covered_display": "0", "missing_lines": 8, "excluded_lines": 0}, "missing_lines": [145, 146, 147, 150, 151, 153, 154, 156], "excluded_lines": []}, "clear_model_cache": {"executed_lines": [], "summary": {"covered_lines": 0, "num_statements": 6, "percent_covered": 0.0, "percent_covered_display": "0", "missing_lines": 6, "excluded_lines": 0}, "missing_lines": [167, 168, 169, 170, 172, 173], "excluded_lines": []}, "get_global_cached_model": {"executed_lines": [], "summary": {"covered_lines": 0, "num_statements": 1, "percent_covered": 0.0, "percent_covered_display": "0", "missing_lines": 1, "excluded_lines": 0}, "missing_lines": [194], "excluded_lines": []}, "clear_global_cache": {"executed_lines": [], "summary": {"covered_lines": 0, "num_statements": 1, "percent_covered": 0.0, "percent_covered_display": "0", "missing_lines": 1, "excluded_lines": 0}, "missing_lines": [206], "excluded_lines": []}, "": {"executed_lines": [], "summary": {"covered_lines": 0, "num_statements": 14, "percent_covered": 0.0, "percent_covered_display": "0", "missing_lines": 14, "excluded_lines": 0}, "missing_lines": [5, 6, 7, 8, 9, 11, 14, 87, 88, 130, 159, 177, 180, 199], "excluded_lines": []}}, "classes": {"": {"executed_lines": [], "summary": {"covered_lines": 0, "num_statements": 70, "percent_covered": 0.0, "percent_covered_display": "0", "missing_lines": 70, "excluded_lines": 0}, "missing_lines": [5, 6, 7, 8, 9, 11, 14, 32, 33, 34, 35, 37, 38, 39, 40, 41, 44, 45, 58, 59, 60, 62, 64, 67, 68, 70, 74, 77, 78, 80, 82, 84, 87, 88, 102, 103, 105, 108, 109, 114, 115, 119, 120, 122, 123, 124, 125, 126, 127, 130, 145, 146, 147, 150, 151, 153, 154, 156, 159, 167, 168, 169, 170, 172, 173, 177, 180, 194, 199, 206], "excluded_lines": []}}}, "common/iris_client.py": {"executed_lines": [], "summary": {"covered_lines": 0, "num_statements": 57, "percent_covered": 0.0, "percent_covered_display": "0", "missing_lines": 57, "excluded_lines": 0}, "missing_lines": [5, 6, 8, 10, 13, 16, 18, 19, 20, 22, 24, 25, 26, 27, 28, 29, 31, 33, 34, 35, 37, 38, 39, 42, 47, 50, 51, 52, 54, 56, 57, 58, 60, 62, 63, 64, 66, 67, 68, 69, 70, 71, 72, 73, 74, 76, 78, 79, 80, 81, 82, 83, 85, 87, 88, 90, 92], "excluded_lines": [], "functions": {"IRISClient.__init__": {"executed_lines": [], "summary": {"covered_lines": 0, "num_statements": 3, "percent_covered": 0.0, "percent_covered_display": "0", "missing_lines": 3, "excluded_lines": 0}, "missing_lines": [18, 19, 20], "excluded_lines": []}, "IRISClient.connect": {"executed_lines": [], "summary": {"covered_lines": 0, "num_statements": 6, "percent_covered": 0.0, "percent_covered_display": "0", "missing_lines": 6, "excluded_lines": 0}, "missing_lines": [24, 25, 26, 27, 28, 29], "excluded_lines": []}, "IRISClient.query": {"executed_lines": [], "summary": {"covered_lines": 0, "num_statements": 15, "percent_covered": 0.0, "percent_covered_display": "0", "missing_lines": 15, "excluded_lines": 0}, "missing_lines": [33, 34, 35, 37, 38, 39, 42, 47, 50, 51, 52, 54, 56, 57, 58], "excluded_lines": []}, "IRISClient.execute": {"executed_lines": [], "summary": {"covered_lines": 0, "num_statements": 12, "percent_covered": 0.0, "percent_covered_display": "0", "missing_lines": 12, "excluded_lines": 0}, "missing_lines": [62, 63, 64, 66, 67, 68, 69, 70, 71, 72, 73, 74], "excluded_lines": []}, "IRISClient.close": {"executed_lines": [], "summary": {"covered_lines": 0, "num_statements": 6, "percent_covered": 0.0, "percent_covered_display": "0", "missing_lines": 6, "excluded_lines": 0}, "missing_lines": [78, 79, 80, 81, 82, 83], "excluded_lines": []}, "IRISClient.__enter__": {"executed_lines": [], "summary": {"covered_lines": 0, "num_statements": 2, "percent_covered": 0.0, "percent_covered_display": "0", "missing_lines": 2, "excluded_lines": 0}, "missing_lines": [87, 88], "excluded_lines": []}, "IRISClient.__exit__": {"executed_lines": [], "summary": {"covered_lines": 0, "num_statements": 1, "percent_covered": 0.0, "percent_covered_display": "0", "missing_lines": 1, "excluded_lines": 0}, "missing_lines": [92], "excluded_lines": []}, "": {"executed_lines": [], "summary": {"covered_lines": 0, "num_statements": 12, "percent_covered": 0.0, "percent_covered_display": "0", "missing_lines": 12, "excluded_lines": 0}, "missing_lines": [5, 6, 8, 10, 13, 16, 22, 31, 60, 76, 85, 90], "excluded_lines": []}}, "classes": {"IRISClient": {"executed_lines": [], "summary": {"covered_lines": 0, "num_statements": 45, "percent_covered": 0.0, "percent_covered_display": "0", "missing_lines": 45, "excluded_lines": 0}, "missing_lines": [18, 19, 20, 24, 25, 26, 27, 28, 29, 33, 34, 35, 37, 38, 39, 42, 47, 50, 51, 52, 54, 56, 57, 58, 62, 63, 64, 66, 67, 68, 69, 70, 71, 72, 73, 74, 78, 79, 80, 81, 82, 83, 87, 88, 92], "excluded_lines": []}, "": {"executed_lines": [], "summary": {"covered_lines": 0, "num_statements": 12, "percent_covered": 0.0, "percent_covered_display": "0", "missing_lines": 12, "excluded_lines": 0}, "missing_lines": [5, 6, 8, 10, 13, 16, 22, 31, 60, 76, 85, 90], "excluded_lines": []}}}, "common/iris_connection_manager.py": {"executed_lines": [], "summary": {"covered_lines": 0, "num_statements": 127, "percent_covered": 0.0, "percent_covered_display": "0", "missing_lines": 127, "excluded_lines": 13}, "missing_lines": [18, 19, 20, 22, 26, 28, 29, 31, 32, 33, 35, 38, 43, 50, 51, 52, 54, 64, 65, 67, 69, 70, 71, 72, 73, 74, 76, 77, 79, 80, 83, 84, 85, 86, 87, 88, 89, 90, 94, 104, 106, 107, 112, 113, 115, 116, 118, 120, 123, 125, 126, 128, 136, 139, 147, 150, 152, 153, 156, 157, 158, 159, 161, 171, 172, 175, 178, 181, 192, 193, 194, 195, 196, 198, 200, 201, 207, 214, 217, 219, 220, 223, 224, 226, 239, 248, 249, 251, 253, 260, 262, 264, 265, 266, 267, 268, 269, 271, 272, 274, 276, 278, 280, 284, 288, 289, 292, 296, 297, 300, 313, 314, 317, 327, 328, 331, 338, 339, 340, 341, 342, 343, 344, 345, 346, 347, 348], "excluded_lines": [351, 353, 355, 358, 359, 360, 361, 364, 365, 366, 367, 368, 369], "functions": {"_detect_best_iris_environment": {"executed_lines": [], "summary": {"covered_lines": 0, "num_statements": 6, "percent_covered": 0.0, "percent_covered_display": "0", "missing_lines": 6, "excluded_lines": 0}, "missing_lines": [28, 29, 31, 32, 33, 35], "excluded_lines": []}, "IRISConnectionManager.__init__": {"executed_lines": [], "summary": {"covered_lines": 0, "num_statements": 3, "percent_covered": 0.0, "percent_covered_display": "0", "missing_lines": 3, "excluded_lines": 0}, "missing_lines": [50, 51, 52], "excluded_lines": []}, "IRISConnectionManager.get_connection": {"executed_lines": [], "summary": {"covered_lines": 0, "num_statements": 21, "percent_covered": 0.0, "percent_covered_display": "0", "missing_lines": 21, "excluded_lines": 0}, "missing_lines": [64, 65, 67, 69, 70, 71, 72, 73, 74, 76, 77, 79, 80, 83, 84, 85, 86, 87, 88, 89, 90], "excluded_lines": []}, "IRISConnectionManager._get_dbapi_connection": {"executed_lines": [], "summary": {"covered_lines": 0, "num_statements": 23, "percent_covered": 0.0, "percent_covered_display": "0", "missing_lines": 23, "excluded_lines": 0}, "missing_lines": [104, 106, 107, 112, 113, 115, 116, 118, 120, 123, 125, 126, 128, 136, 139, 147, 150, 152, 153, 156, 157, 158, 159], "excluded_lines": []}, "IRISConnectionManager._get_jdbc_connection": {"executed_lines": [], "summary": {"covered_lines": 0, "num_statements": 20, "percent_covered": 0.0, "percent_covered_display": "0", "missing_lines": 20, "excluded_lines": 0}, "missing_lines": [171, 172, 175, 178, 181, 192, 193, 194, 195, 196, 198, 200, 201, 207, 214, 217, 219, 220, 223, 224], "excluded_lines": []}, "IRISConnectionManager._get_connection_params": {"executed_lines": [], "summary": {"covered_lines": 0, "num_statements": 4, "percent_covered": 0.0, "percent_covered_display": "0", "missing_lines": 4, "excluded_lines": 0}, "missing_lines": [239, 248, 249, 251], "excluded_lines": []}, "IRISConnectionManager.get_connection_type": {"executed_lines": [], "summary": {"covered_lines": 0, "num_statements": 1, "percent_covered": 0.0, "percent_covered_display": "0", "missing_lines": 1, "excluded_lines": 0}, "missing_lines": [260], "excluded_lines": []}, "IRISConnectionManager.close": {"executed_lines": [], "summary": {"covered_lines": 0, "num_statements": 8, "percent_covered": 0.0, "percent_covered_display": "0", "missing_lines": 8, "excluded_lines": 0}, "missing_lines": [264, 265, 266, 267, 268, 269, 271, 272], "excluded_lines": []}, "IRISConnectionManager.__enter__": {"executed_lines": [], "summary": {"covered_lines": 0, "num_statements": 1, "percent_covered": 0.0, "percent_covered_display": "0", "missing_lines": 1, "excluded_lines": 0}, "missing_lines": [276], "excluded_lines": []}, "IRISConnectionManager.__exit__": {"executed_lines": [], "summary": {"covered_lines": 0, "num_statements": 1, "percent_covered": 0.0, "percent_covered_display": "0", "missing_lines": 1, "excluded_lines": 0}, "missing_lines": [280], "excluded_lines": []}, "get_iris_dbapi_connection": {"executed_lines": [], "summary": {"covered_lines": 0, "num_statements": 2, "percent_covered": 0.0, "percent_covered_display": "0", "missing_lines": 2, "excluded_lines": 0}, "missing_lines": [288, 289], "excluded_lines": []}, "get_iris_jdbc_connection": {"executed_lines": [], "summary": {"covered_lines": 0, "num_statements": 2, "percent_covered": 0.0, "percent_covered_display": "0", "missing_lines": 2, "excluded_lines": 0}, "missing_lines": [296, 297], "excluded_lines": []}, "get_iris_connection": {"executed_lines": [], "summary": {"covered_lines": 0, "num_statements": 2, "percent_covered": 0.0, "percent_covered_display": "0", "missing_lines": 2, "excluded_lines": 0}, "missing_lines": [313, 314], "excluded_lines": []}, "get_dbapi_connection": {"executed_lines": [], "summary": {"covered_lines": 0, "num_statements": 2, "percent_covered": 0.0, "percent_covered_display": "0", "missing_lines": 2, "excluded_lines": 0}, "missing_lines": [327, 328], "excluded_lines": []}, "test_connection": {"executed_lines": [], "summary": {"covered_lines": 0, "num_statements": 11, "percent_covered": 0.0, "percent_covered_display": "0", "missing_lines": 11, "excluded_lines": 0}, "missing_lines": [338, 339, 340, 341, 342, 343, 344, 345, 346, 347, 348], "excluded_lines": []}, "": {"executed_lines": [], "summary": {"covered_lines": 0, "num_statements": 20, "percent_covered": 0.0, "percent_covered_display": "0", "missing_lines": 20, "excluded_lines": 13}, "missing_lines": [18, 19, 20, 22, 26, 38, 43, 54, 94, 161, 226, 253, 262, 274, 278, 284, 292, 300, 317, 331], "excluded_lines": [351, 353, 355, 358, 359, 360, 361, 364, 365, 366, 367, 368, 369]}}, "classes": {"IRISConnectionManager": {"executed_lines": [], "summary": {"covered_lines": 0, "num_statements": 82, "percent_covered": 0.0, "percent_covered_display": "0", "missing_lines": 82, "excluded_lines": 0}, "missing_lines": [50, 51, 52, 64, 65, 67, 69, 70, 71, 72, 73, 74, 76, 77, 79, 80, 83, 84, 85, 86, 87, 88, 89, 90, 104, 106, 107, 112, 113, 115, 116, 118, 120, 123, 125, 126, 128, 136, 139, 147, 150, 152, 153, 156, 157, 158, 159, 171, 172, 175, 178, 181, 192, 193, 194, 195, 196, 198, 200, 201, 207, 214, 217, 219, 220, 223, 224, 239, 248, 249, 251, 260, 264, 265, 266, 267, 268, 269, 271, 272, 276, 280], "excluded_lines": []}, "": {"executed_lines": [], "summary": {"covered_lines": 0, "num_statements": 45, "percent_covered": 0.0, "percent_covered_display": "0", "missing_lines": 45, "excluded_lines": 13}, "missing_lines": [18, 19, 20, 22, 26, 28, 29, 31, 32, 33, 35, 38, 43, 54, 94, 161, 226, 253, 262, 274, 278, 284, 288, 289, 292, 296, 297, 300, 313, 314, 317, 327, 328, 331, 338, 339, 340, 341, 342, 343, 344, 345, 346, 347, 348], "excluded_lines": [351, 353, 355, 358, 359, 360, 361, 364, 365, 366, 367, 368, 369]}}}, "common/iris_connector.py": {"executed_lines": [], "summary": {"covered_lines": 0, "num_statements": 26, "percent_covered": 0.0, "percent_covered_display": "0", "missing_lines": 26, "excluded_lines": 0}, "missing_lines": [6, 7, 9, 12, 29, 30, 32, 35, 36, 38, 39, 40, 41, 43, 45, 46, 48, 51, 52, 54, 57, 58, 59, 60, 65, 70], "excluded_lines": [], "functions": {"get_iris_connection": {"executed_lines": [], "summary": {"covered_lines": 0, "num_statements": 21, "percent_covered": 0.0, "percent_covered_display": "0", "missing_lines": 21, "excluded_lines": 0}, "missing_lines": [29, 30, 32, 35, 36, 38, 39, 40, 41, 43, 45, 46, 48, 51, 52, 54, 57, 58, 59, 60, 65], "excluded_lines": []}, "": {"executed_lines": [], "summary": {"covered_lines": 0, "num_statements": 5, "percent_covered": 0.0, "percent_covered_display": "0", "missing_lines": 5, "excluded_lines": 0}, "missing_lines": [6, 7, 9, 12, 70], "excluded_lines": []}}, "classes": {"IRISConnectionError": {"executed_lines": [], "summary": {"covered_lines": 0, "num_statements": 0, "percent_covered": 100.0, "percent_covered_display": "100", "missing_lines": 0, "excluded_lines": 0}, "missing_lines": [], "excluded_lines": []}, "": {"executed_lines": [], "summary": {"covered_lines": 0, "num_statements": 26, "percent_covered": 0.0, "percent_covered_display": "0", "missing_lines": 26, "excluded_lines": 0}, "missing_lines": [6, 7, 9, 12, 29, 30, 32, 35, 36, 38, 39, 40, 41, 43, 45, 46, 48, 51, 52, 54, 57, 58, 59, 60, 65, 70], "excluded_lines": []}}}, "common/iris_dbapi_connector.py": {"executed_lines": [], "summary": {"covered_lines": 0, "num_statements": 79, "percent_covered": 0.0, "percent_covered_display": "0", "missing_lines": 79, "excluded_lines": 17}, "missing_lines": [5, 6, 8, 11, 23, 24, 27, 29, 30, 31, 33, 34, 36, 39, 40, 43, 44, 46, 47, 50, 52, 55, 56, 59, 65, 68, 86, 87, 88, 89, 90, 93, 94, 95, 96, 97, 99, 100, 105, 108, 109, 110, 113, 114, 115, 116, 117, 118, 120, 121, 122, 124, 125, 126, 127, 129, 130, 131, 132, 133, 134, 135, 137, 138, 140, 141, 142, 146, 149, 161, 162, 164, 168, 169, 171, 175, 177, 178, 179], "excluded_lines": [182, 191, 192, 193, 194, 195, 196, 197, 198, 199, 200, 201, 202, 203, 204, 205, 206], "functions": {"_get_iris_dbapi_module": {"executed_lines": [], "summary": {"covered_lines": 0, "num_statements": 21, "percent_covered": 0.0, "percent_covered_display": "0", "missing_lines": 21, "excluded_lines": 0}, "missing_lines": [23, 24, 27, 29, 30, 31, 33, 34, 36, 39, 40, 43, 44, 46, 47, 50, 52, 55, 56, 59, 65], "excluded_lines": []}, "get_iris_dbapi_connection": {"executed_lines": [], "summary": {"covered_lines": 0, "num_statements": 41, "percent_covered": 0.0, "percent_covered_display": "0", "missing_lines": 41, "excluded_lines": 0}, "missing_lines": [86, 87, 88, 89, 90, 93, 94, 95, 96, 97, 99, 100, 105, 108, 109, 110, 113, 114, 115, 116, 117, 118, 120, 121, 122, 124, 125, 126, 127, 129, 130, 131, 132, 133, 134, 135, 137, 138, 140, 141, 142], "excluded_lines": []}, "get_iris_dbapi_module": {"executed_lines": [], "summary": {"covered_lines": 0, "num_statements": 3, "percent_covered": 0.0, "percent_covered_display": "0", "missing_lines": 3, "excluded_lines": 0}, "missing_lines": [161, 162, 164], "excluded_lines": []}, "irisdbapi": {"executed_lines": [], "summary": {"covered_lines": 0, "num_statements": 1, "percent_covered": 0.0, "percent_covered_display": "0", "missing_lines": 1, "excluded_lines": 0}, "missing_lines": [171], "excluded_lines": []}, "__getattr__": {"executed_lines": [], "summary": {"covered_lines": 0, "num_statements": 3, "percent_covered": 0.0, "percent_covered_display": "0", "missing_lines": 3, "excluded_lines": 0}, "missing_lines": [177, 178, 179], "excluded_lines": []}, "": {"executed_lines": [], "summary": {"covered_lines": 0, "num_statements": 10, "percent_covered": 0.0, "percent_covered_display": "0", "missing_lines": 10, "excluded_lines": 17}, "missing_lines": [5, 6, 8, 11, 68, 146, 149, 168, 169, 175], "excluded_lines": [182, 191, 192, 193, 194, 195, 196, 197, 198, 199, 200, 201, 202, 203, 204, 205, 206]}}, "classes": {"": {"executed_lines": [], "summary": {"covered_lines": 0, "num_statements": 79, "percent_covered": 0.0, "percent_covered_display": "0", "missing_lines": 79, "excluded_lines": 17}, "missing_lines": [5, 6, 8, 11, 23, 24, 27, 29, 30, 31, 33, 34, 36, 39, 40, 43, 44, 46, 47, 50, 52, 55, 56, 59, 65, 68, 86, 87, 88, 89, 90, 93, 94, 95, 96, 97, 99, 100, 105, 108, 109, 110, 113, 114, 115, 116, 117, 118, 120, 121, 122, 124, 125, 126, 127, 129, 130, 131, 132, 133, 134, 135, 137, 138, 140, 141, 142, 146, 149, 161, 162, 164, 168, 169, 171, 175, 177, 178, 179], "excluded_lines": [182, 191, 192, 193, 194, 195, 196, 197, 198, 199, 200, 201, 202, 203, 204, 205, 206]}}}, "common/iris_index_utils.py": {"executed_lines": [], "summary": {"covered_lines": 0, "num_statements": 67, "percent_covered": 0.0, "percent_covered_display": "0", "missing_lines": 67, "excluded_lines": 0}, "missing_lines": [5, 6, 8, 11, 28, 30, 34, 37, 39, 40, 41, 44, 45, 49, 51, 52, 53, 54, 56, 57, 60, 69, 70, 72, 73, 76, 87, 89, 90, 91, 94, 96, 97, 98, 100, 104, 105, 106, 108, 109, 112, 121, 125, 128, 131, 132, 133, 134, 135, 138, 140, 141, 142, 144, 147, 158, 179, 180, 182, 183, 184, 185, 187, 189, 192, 194, 195], "excluded_lines": [], "functions": {"create_index_if_not_exists": {"executed_lines": [], "summary": {"covered_lines": 0, "num_statements": 21, "percent_covered": 0.0, "percent_covered_display": "0", "missing_lines": 21, "excluded_lines": 0}, "missing_lines": [28, 30, 34, 37, 39, 40, 41, 44, 45, 49, 51, 52, 53, 54, 56, 57, 60, 69, 70, 72, 73], "excluded_lines": []}, "create_indexes_from_sql_file": {"executed_lines": [], "summary": {"covered_lines": 0, "num_statements": 28, "percent_covered": 0.0, "percent_covered_display": "0", "missing_lines": 28, "excluded_lines": 0}, "missing_lines": [87, 89, 90, 91, 94, 96, 97, 98, 100, 104, 105, 106, 108, 109, 112, 121, 125, 128, 131, 132, 133, 134, 135, 138, 140, 141, 142, 144], "excluded_lines": []}, "ensure_schema_indexes": {"executed_lines": [], "summary": {"covered_lines": 0, "num_statements": 12, "percent_covered": 0.0, "percent_covered_display": "0", "missing_lines": 12, "excluded_lines": 0}, "missing_lines": [158, 179, 180, 182, 183, 184, 185, 187, 189, 192, 194, 195], "excluded_lines": []}, "": {"executed_lines": [], "summary": {"covered_lines": 0, "num_statements": 6, "percent_covered": 0.0, "percent_covered_display": "0", "missing_lines": 6, "excluded_lines": 0}, "missing_lines": [5, 6, 8, 11, 76, 147], "excluded_lines": []}}, "classes": {"": {"executed_lines": [], "summary": {"covered_lines": 0, "num_statements": 67, "percent_covered": 0.0, "percent_covered_display": "0", "missing_lines": 67, "excluded_lines": 0}, "missing_lines": [5, 6, 8, 11, 28, 30, 34, 37, 39, 40, 41, 44, 45, 49, 51, 52, 53, 54, 56, 57, 60, 69, 70, 72, 73, 76, 87, 89, 90, 91, 94, 96, 97, 98, 100, 104, 105, 106, 108, 109, 112, 121, 125, 128, 131, 132, 133, 134, 135, 138, 140, 141, 142, 144, 147, 158, 179, 180, 182, 183, 184, 185, 187, 189, 192, 194, 195], "excluded_lines": []}}}, "common/iris_port_discovery.py": {"executed_lines": [], "summary": {"covered_lines": 0, "num_statements": 99, "percent_covered": 0.0, "percent_covered_display": "0", "missing_lines": 99, "excluded_lines": 19}, "missing_lines": [13, 14, 15, 16, 17, 19, 21, 24, 25, 28, 29, 30, 31, 33, 34, 37, 45, 46, 47, 48, 49, 50, 51, 53, 67, 68, 69, 71, 73, 75, 76, 77, 80, 81, 84, 89, 90, 91, 92, 94, 95, 96, 98, 100, 101, 103, 104, 106, 107, 109, 118, 119, 121, 122, 125, 126, 127, 128, 129, 130, 131, 134, 135, 136, 139, 140, 141, 143, 153, 154, 155, 156, 158, 160, 168, 171, 173, 174, 175, 177, 179, 180, 181, 182, 183, 184, 185, 187, 189, 190, 191, 192, 193, 194, 195, 196, 199, 209, 210], "excluded_lines": [213, 215, 217, 218, 220, 221, 222, 223, 225, 226, 227, 228, 229, 230, 231, 232, 233, 234, 236], "functions": {"IRISInstance.__str__": {"executed_lines": [], "summary": {"covered_lines": 0, "num_statements": 1, "percent_covered": 0.0, "percent_covered_display": "0", "missing_lines": 1, "excluded_lines": 0}, "missing_lines": [34], "excluded_lines": []}, "IRISPortDiscovery.__init__": {"executed_lines": [], "summary": {"covered_lines": 0, "num_statements": 6, "percent_covered": 0.0, "percent_covered_display": "0", "missing_lines": 6, "excluded_lines": 0}, "missing_lines": [46, 47, 48, 49, 50, 51], "excluded_lines": []}, "IRISPortDiscovery.discover_iris_instances": {"executed_lines": [], "summary": {"covered_lines": 0, "num_statements": 25, "percent_covered": 0.0, "percent_covered_display": "0", "missing_lines": 25, "excluded_lines": 0}, "missing_lines": [67, 68, 69, 71, 73, 75, 76, 77, 80, 81, 84, 89, 90, 91, 92, 94, 95, 96, 98, 100, 101, 103, 104, 106, 107], "excluded_lines": []}, "IRISPortDiscovery.get_primary_instance": {"executed_lines": [], "summary": {"covered_lines": 0, "num_statements": 17, "percent_covered": 0.0, "percent_covered_display": "0", "missing_lines": 17, "excluded_lines": 0}, "missing_lines": [118, 119, 121, 122, 125, 126, 127, 128, 129, 130, 131, 134, 135, 136, 139, 140, 141], "excluded_lines": []}, "IRISPortDiscovery.get_connection_for_rag_templates": {"executed_lines": [], "summary": {"covered_lines": 0, "num_statements": 11, "percent_covered": 0.0, "percent_covered_display": "0", "missing_lines": 11, "excluded_lines": 0}, "missing_lines": [153, 154, 155, 156, 158, 160, 168, 171, 173, 174, 175], "excluded_lines": []}, "IRISPortDiscovery._is_port_open": {"executed_lines": [], "summary": {"covered_lines": 0, "num_statements": 7, "percent_covered": 0.0, "percent_covered_display": "0", "missing_lines": 7, "excluded_lines": 0}, "missing_lines": [179, 180, 181, 182, 183, 184, 185], "excluded_lines": []}, "IRISPortDiscovery.close_all_connections": {"executed_lines": [], "summary": {"covered_lines": 0, "num_statements": 8, "percent_covered": 0.0, "percent_covered_display": "0", "missing_lines": 8, "excluded_lines": 0}, "missing_lines": [189, 190, 191, 192, 193, 194, 195, 196], "excluded_lines": []}, "get_iris_connection_auto": {"executed_lines": [], "summary": {"covered_lines": 0, "num_statements": 2, "percent_covered": 0.0, "percent_covered_display": "0", "missing_lines": 2, "excluded_lines": 0}, "missing_lines": [209, 210], "excluded_lines": []}, "": {"executed_lines": [], "summary": {"covered_lines": 0, "num_statements": 22, "percent_covered": 0.0, "percent_covered_display": "0", "missing_lines": 22, "excluded_lines": 19}, "missing_lines": [13, 14, 15, 16, 17, 19, 21, 24, 25, 28, 29, 30, 31, 33, 37, 45, 53, 109, 143, 177, 187, 199], "excluded_lines": [213, 215, 217, 218, 220, 221, 222, 223, 225, 226, 227, 228, 229, 230, 231, 232, 233, 234, 236]}}, "classes": {"IRISInstance": {"executed_lines": [], "summary": {"covered_lines": 0, "num_statements": 1, "percent_covered": 0.0, "percent_covered_display": "0", "missing_lines": 1, "excluded_lines": 0}, "missing_lines": [34], "excluded_lines": []}, "IRISPortDiscovery": {"executed_lines": [], "summary": {"covered_lines": 0, "num_statements": 74, "percent_covered": 0.0, "percent_covered_display": "0", "missing_lines": 74, "excluded_lines": 0}, "missing_lines": [46, 47, 48, 49, 50, 51, 67, 68, 69, 71, 73, 75, 76, 77, 80, 81, 84, 89, 90, 91, 92, 94, 95, 96, 98, 100, 101, 103, 104, 106, 107, 118, 119, 121, 122, 125, 126, 127, 128, 129, 130, 131, 134, 135, 136, 139, 140, 141, 153, 154, 155, 156, 158, 160, 168, 171, 173, 174, 175, 179, 180, 181, 182, 183, 184, 185, 189, 190, 191, 192, 193, 194, 195, 196], "excluded_lines": []}, "": {"executed_lines": [], "summary": {"covered_lines": 0, "num_statements": 24, "percent_covered": 0.0, "percent_covered_display": "0", "missing_lines": 24, "excluded_lines": 19}, "missing_lines": [13, 14, 15, 16, 17, 19, 21, 24, 25, 28, 29, 30, 31, 33, 37, 45, 53, 109, 143, 177, 187, 199, 209, 210], "excluded_lines": [213, 215, 217, 218, 220, 221, 222, 223, 225, 226, 227, 228, 229, 230, 231, 232, 233, 234, 236]}}}, "common/iris_sql_utils.py": {"executed_lines": [], "summary": {"covered_lines": 0, "num_statements": 288, "percent_covered": 0.0, "percent_covered_display": "0", "missing_lines": 288, "excluded_lines": 2}, "missing_lines": [8, 9, 11, 14, 15, 16, 17, 20, 23, 26, 27, 54, 56, 57, 61, 68, 69, 70, 72, 73, 74, 75, 76, 77, 80, 81, 82, 84, 90, 91, 93, 94, 96, 97, 115, 116, 117, 120, 123, 124, 125, 127, 128, 129, 130, 131, 132, 133, 134, 135, 137, 143, 144, 146, 147, 149, 150, 163, 164, 167, 171, 172, 173, 174, 175, 176, 179, 182, 183, 185, 186, 188, 190, 199, 200, 202, 203, 204, 207, 208, 209, 210, 211, 212, 213, 214, 215, 216, 218, 219, 223, 225, 226, 228, 229, 231, 233, 242, 243, 244, 246, 247, 248, 250, 251, 267, 268, 271, 275, 276, 277, 278, 279, 280, 283, 285, 288, 290, 291, 293, 294, 297, 307, 316, 317, 319, 320, 322, 325, 326, 327, 328, 329, 330, 331, 332, 333, 334, 336, 337, 343, 344, 347, 349, 350, 352, 353, 356, 366, 375, 376, 377, 379, 380, 382, 384, 385, 398, 399, 402, 406, 407, 408, 409, 410, 411, 414, 417, 418, 420, 421, 423, 424, 434, 435, 436, 445, 447, 448, 449, 452, 453, 454, 455, 456, 457, 458, 459, 460, 461, 463, 464, 470, 472, 473, 475, 476, 478, 479, 489, 490, 491, 500, 501, 503, 504, 505, 507, 508, 526, 527, 530, 531, 539, 544, 545, 547, 548, 550, 551, 553, 555, 556, 557, 559, 560, 580, 582, 583, 585, 587, 588, 589, 590, 591, 592, 593, 595, 599, 600, 606, 613, 614, 615, 617, 618, 619, 620, 621, 624, 626, 627, 629, 635, 636, 638, 639, 642, 644, 646, 648, 651, 652, 655, 656, 659, 662, 665, 666, 667, 669, 670, 678, 681, 682, 683, 684, 685, 686, 687, 688, 690, 692, 694, 696, 698, 699, 700], "excluded_lines": [703, 704], "functions": {"IRISSQLUtils.create_vector_index": {"executed_lines": [], "summary": {"covered_lines": 0, "num_statements": 21, "percent_covered": 0.0, "percent_covered_display": "0", "missing_lines": 21, "excluded_lines": 0}, "missing_lines": [54, 56, 57, 61, 68, 69, 70, 72, 73, 74, 75, 76, 77, 80, 81, 82, 84, 90, 91, 93, 94], "excluded_lines": []}, "IRISSQLUtils.create_simple_index": {"executed_lines": [], "summary": {"covered_lines": 0, "num_statements": 21, "percent_covered": 0.0, "percent_covered_display": "0", "missing_lines": 21, "excluded_lines": 0}, "missing_lines": [115, 116, 117, 120, 123, 124, 125, 127, 128, 129, 130, 131, 132, 133, 134, 135, 137, 143, 144, 146, 147], "excluded_lines": []}, "IRISSQLUtils.check_table_exists": {"executed_lines": [], "summary": {"covered_lines": 0, "num_statements": 31, "percent_covered": 0.0, "percent_covered_display": "0", "missing_lines": 31, "excluded_lines": 0}, "missing_lines": [163, 164, 167, 171, 172, 173, 174, 175, 176, 179, 182, 183, 185, 186, 188, 190, 199, 200, 202, 203, 204, 207, 208, 209, 210, 211, 212, 213, 214, 215, 216], "excluded_lines": []}, "IRISSQLUtils._check_table_exists_with_connection": {"executed_lines": [], "summary": {"covered_lines": 0, "num_statements": 13, "percent_covered": 0.0, "percent_covered_display": "0", "missing_lines": 13, "excluded_lines": 0}, "missing_lines": [223, 225, 226, 228, 229, 231, 233, 242, 243, 244, 246, 247, 248], "excluded_lines": []}, "IRISSQLUtils.check_index_exists": {"executed_lines": [], "summary": {"covered_lines": 0, "num_statements": 33, "percent_covered": 0.0, "percent_covered_display": "0", "missing_lines": 33, "excluded_lines": 0}, "missing_lines": [267, 268, 271, 275, 276, 277, 278, 279, 280, 283, 285, 288, 290, 291, 293, 294, 297, 307, 316, 317, 319, 320, 322, 325, 326, 327, 328, 329, 330, 331, 332, 333, 334], "excluded_lines": []}, "IRISSQLUtils._check_index_exists_with_connection": {"executed_lines": [], "summary": {"covered_lines": 0, "num_statements": 15, "percent_covered": 0.0, "percent_covered_display": "0", "missing_lines": 15, "excluded_lines": 0}, "missing_lines": [343, 344, 347, 349, 350, 352, 353, 356, 366, 375, 376, 377, 379, 380, 382], "excluded_lines": []}, "IRISSQLUtils.get_table_columns": {"executed_lines": [], "summary": {"covered_lines": 0, "num_statements": 33, "percent_covered": 0.0, "percent_covered_display": "0", "missing_lines": 33, "excluded_lines": 0}, "missing_lines": [398, 399, 402, 406, 407, 408, 409, 410, 411, 414, 417, 418, 420, 421, 423, 424, 434, 435, 436, 445, 447, 448, 449, 452, 453, 454, 455, 456, 457, 458, 459, 460, 461], "excluded_lines": []}, "IRISSQLUtils._get_table_columns_with_connection": {"executed_lines": [], "summary": {"covered_lines": 0, "num_statements": 15, "percent_covered": 0.0, "percent_covered_display": "0", "missing_lines": 15, "excluded_lines": 0}, "missing_lines": [470, 472, 473, 475, 476, 478, 479, 489, 490, 491, 500, 501, 503, 504, 505], "excluded_lines": []}, "IRISSQLUtils.optimize_vector_table": {"executed_lines": [], "summary": {"covered_lines": 0, "num_statements": 15, "percent_covered": 0.0, "percent_covered_display": "0", "missing_lines": 15, "excluded_lines": 0}, "missing_lines": [526, 527, 530, 531, 539, 544, 545, 547, 548, 550, 551, 553, 555, 556, 557], "excluded_lines": []}, "IRISSQLUtils.create_vector_index_with_config": {"executed_lines": [], "summary": {"covered_lines": 0, "num_statements": 31, "percent_covered": 0.0, "percent_covered_display": "0", "missing_lines": 31, "excluded_lines": 0}, "missing_lines": [580, 582, 583, 585, 587, 588, 589, 590, 591, 592, 593, 595, 599, 600, 606, 613, 614, 615, 617, 618, 619, 620, 621, 624, 626, 627, 629, 635, 636, 638, 639], "excluded_lines": []}, "test_iris_sql_utils": {"executed_lines": [], "summary": {"covered_lines": 0, "num_statements": 30, "percent_covered": 0.0, "percent_covered_display": "0", "missing_lines": 30, "excluded_lines": 0}, "missing_lines": [644, 646, 648, 651, 652, 655, 656, 659, 662, 665, 666, 667, 669, 670, 678, 681, 682, 683, 684, 685, 686, 687, 688, 690, 692, 694, 696, 698, 699, 700], "excluded_lines": []}, "": {"executed_lines": [], "summary": {"covered_lines": 0, "num_statements": 30, "percent_covered": 0.0, "percent_covered_display": "0", "missing_lines": 30, "excluded_lines": 2}, "missing_lines": [8, 9, 11, 14, 15, 16, 17, 20, 23, 26, 27, 96, 97, 149, 150, 218, 219, 250, 251, 336, 337, 384, 385, 463, 464, 507, 508, 559, 560, 642], "excluded_lines": [703, 704]}}, "classes": {"IRISSQLUtils": {"executed_lines": [], "summary": {"covered_lines": 0, "num_statements": 228, "percent_covered": 0.0, "percent_covered_display": "0", "missing_lines": 228, "excluded_lines": 0}, "missing_lines": [54, 56, 57, 61, 68, 69, 70, 72, 73, 74, 75, 76, 77, 80, 81, 82, 84, 90, 91, 93, 94, 115, 116, 117, 120, 123, 124, 125, 127, 128, 129, 130, 131, 132, 133, 134, 135, 137, 143, 144, 146, 147, 163, 164, 167, 171, 172, 173, 174, 175, 176, 179, 182, 183, 185, 186, 188, 190, 199, 200, 202, 203, 204, 207, 208, 209, 210, 211, 212, 213, 214, 215, 216, 223, 225, 226, 228, 229, 231, 233, 242, 243, 244, 246, 247, 248, 267, 268, 271, 275, 276, 277, 278, 279, 280, 283, 285, 288, 290, 291, 293, 294, 297, 307, 316, 317, 319, 320, 322, 325, 326, 327, 328, 329, 330, 331, 332, 333, 334, 343, 344, 347, 349, 350, 352, 353, 356, 366, 375, 376, 377, 379, 380, 382, 398, 399, 402, 406, 407, 408, 409, 410, 411, 414, 417, 418, 420, 421, 423, 424, 434, 435, 436, 445, 447, 448, 449, 452, 453, 454, 455, 456, 457, 458, 459, 460, 461, 470, 472, 473, 475, 476, 478, 479, 489, 490, 491, 500, 501, 503, 504, 505, 526, 527, 530, 531, 539, 544, 545, 547, 548, 550, 551, 553, 555, 556, 557, 580, 582, 583, 585, 587, 588, 589, 590, 591, 592, 593, 595, 599, 600, 606, 613, 614, 615, 617, 618, 619, 620, 621, 624, 626, 627, 629, 635, 636, 638, 639], "excluded_lines": []}, "": {"executed_lines": [], "summary": {"covered_lines": 0, "num_statements": 60, "percent_covered": 0.0, "percent_covered_display": "0", "missing_lines": 60, "excluded_lines": 2}, "missing_lines": [8, 9, 11, 14, 15, 16, 17, 20, 23, 26, 27, 96, 97, 149, 150, 218, 219, 250, 251, 336, 337, 384, 385, 463, 464, 507, 508, 559, 560, 642, 644, 646, 648, 651, 652, 655, 656, 659, 662, 665, 666, 667, 669, 670, 678, 681, 682, 683, 684, 685, 686, 687, 688, 690, 692, 694, 696, 698, 699, 700], "excluded_lines": [703, 704]}}}, "common/iris_stream_reader.py": {"executed_lines": [], "summary": {"covered_lines": 0, "num_statements": 80, "percent_covered": 0.0, "percent_covered_display": "0", "missing_lines": 80, "excluded_lines": 2}, "missing_lines": [7, 8, 10, 13, 23, 24, 26, 28, 29, 34, 39, 40, 41, 42, 44, 45, 46, 49, 51, 52, 53, 54, 55, 56, 58, 59, 60, 63, 64, 65, 66, 67, 68, 69, 72, 73, 76, 78, 79, 80, 83, 84, 87, 88, 91, 94, 96, 97, 98, 101, 108, 109, 118, 119, 120, 122, 125, 126, 128, 130, 131, 132, 135, 137, 139, 140, 142, 144, 145, 147, 148, 149, 151, 152, 153, 154, 156, 158, 159, 162], "excluded_lines": [165, 166], "functions": {"read_iris_stream": {"executed_lines": [], "summary": {"covered_lines": 0, "num_statements": 45, "percent_covered": 0.0, "percent_covered_display": "0", "missing_lines": 45, "excluded_lines": 0}, "missing_lines": [23, 24, 26, 28, 29, 34, 39, 40, 41, 42, 44, 45, 46, 49, 51, 52, 53, 54, 55, 56, 58, 59, 60, 63, 64, 65, 66, 67, 68, 69, 72, 73, 76, 78, 79, 80, 83, 84, 87, 88, 91, 94, 96, 97, 98], "excluded_lines": []}, "get_document_content_properly": {"executed_lines": [], "summary": {"covered_lines": 0, "num_statements": 12, "percent_covered": 0.0, "percent_covered_display": "0", "missing_lines": 12, "excluded_lines": 0}, "missing_lines": [108, 109, 118, 119, 120, 122, 125, 126, 128, 130, 131, 132], "excluded_lines": []}, "test_stream_reading": {"executed_lines": [], "summary": {"covered_lines": 0, "num_statements": 17, "percent_covered": 0.0, "percent_covered_display": "0", "missing_lines": 17, "excluded_lines": 0}, "missing_lines": [137, 139, 140, 142, 144, 145, 147, 148, 149, 151, 152, 153, 154, 156, 158, 159, 162], "excluded_lines": []}, "": {"executed_lines": [], "summary": {"covered_lines": 0, "num_statements": 6, "percent_covered": 0.0, "percent_covered_display": "0", "missing_lines": 6, "excluded_lines": 2}, "missing_lines": [7, 8, 10, 13, 101, 135], "excluded_lines": [165, 166]}}, "classes": {"": {"executed_lines": [], "summary": {"covered_lines": 0, "num_statements": 80, "percent_covered": 0.0, "percent_covered_display": "0", "missing_lines": 80, "excluded_lines": 2}, "missing_lines": [7, 8, 10, 13, 23, 24, 26, 28, 29, 34, 39, 40, 41, 42, 44, 45, 46, 49, 51, 52, 53, 54, 55, 56, 58, 59, 60, 63, 64, 65, 66, 67, 68, 69, 72, 73, 76, 78, 79, 80, 83, 84, 87, 88, 91, 94, 96, 97, 98, 101, 108, 109, 118, 119, 120, 122, 125, 126, 128, 130, 131, 132, 135, 137, 139, 140, 142, 144, 145, 147, 148, 149, 151, 152, 153, 154, 156, 158, 159, 162], "excluded_lines": [165, 166]}}}, "common/llm_cache_config.py": {"executed_lines": [], "summary": {"covered_lines": 0, "num_statements": 145, "percent_covered": 0.0, "percent_covered_display": "0", "missing_lines": 145, "excluded_lines": 0}, "missing_lines": [8, 9, 10, 11, 12, 14, 16, 19, 20, 24, 25, 26, 27, 28, 31, 32, 33, 34, 35, 36, 39, 40, 41, 42, 43, 44, 47, 48, 49, 50, 53, 54, 55, 56, 58, 59, 61, 64, 65, 71, 72, 74, 75, 77, 78, 80, 81, 85, 86, 88, 89, 91, 94, 96, 97, 99, 102, 103, 104, 105, 106, 108, 109, 112, 113, 114, 117, 120, 125, 126, 127, 130, 131, 134, 137, 140, 145, 146, 147, 150, 153, 156, 159, 162, 167, 168, 169, 172, 175, 178, 183, 184, 185, 188, 191, 194, 198, 200, 201, 205, 210, 212, 214, 215, 218, 219, 225, 226, 228, 229, 231, 232, 234, 235, 239, 240, 242, 243, 245, 246, 248, 250, 252, 253, 256, 258, 259, 260, 262, 263, 264, 266, 267, 268, 270, 272, 274, 290, 300, 301, 303, 305, 306, 307, 309], "excluded_lines": [], "functions": {"CacheConfig.from_env": {"executed_lines": [], "summary": {"covered_lines": 0, "num_statements": 17, "percent_covered": 0.0, "percent_covered_display": "0", "missing_lines": 17, "excluded_lines": 0}, "missing_lines": [61, 64, 65, 71, 72, 74, 75, 77, 78, 80, 81, 85, 86, 88, 89, 91, 94], "excluded_lines": []}, "CacheConfig.from_yaml": {"executed_lines": [], "summary": {"covered_lines": 0, "num_statements": 47, "percent_covered": 0.0, "percent_covered_display": "0", "missing_lines": 47, "excluded_lines": 0}, "missing_lines": [99, 102, 103, 104, 105, 106, 108, 109, 112, 113, 114, 117, 120, 125, 126, 127, 130, 131, 134, 137, 140, 145, 146, 147, 150, 153, 156, 159, 162, 167, 168, 169, 172, 175, 178, 183, 184, 185, 188, 191, 194, 198, 200, 201, 205, 210, 212], "excluded_lines": []}, "CacheConfig._apply_env_overrides": {"executed_lines": [], "summary": {"covered_lines": 0, "num_statements": 17, "percent_covered": 0.0, "percent_covered_display": "0", "missing_lines": 17, "excluded_lines": 0}, "missing_lines": [218, 219, 225, 226, 228, 229, 231, 232, 234, 235, 239, 240, 242, 243, 245, 246, 248], "excluded_lines": []}, "CacheConfig.validate": {"executed_lines": [], "summary": {"covered_lines": 0, "num_statements": 13, "percent_covered": 0.0, "percent_covered_display": "0", "missing_lines": 13, "excluded_lines": 0}, "missing_lines": [252, 253, 256, 258, 259, 260, 262, 263, 264, 266, 267, 268, 270], "excluded_lines": []}, "CacheConfig.to_dict": {"executed_lines": [], "summary": {"covered_lines": 0, "num_statements": 1, "percent_covered": 0.0, "percent_covered_display": "0", "missing_lines": 1, "excluded_lines": 0}, "missing_lines": [274], "excluded_lines": []}, "load_cache_config": {"executed_lines": [], "summary": {"covered_lines": 0, "num_statements": 7, "percent_covered": 0.0, "percent_covered_display": "0", "missing_lines": 7, "excluded_lines": 0}, "missing_lines": [300, 301, 303, 305, 306, 307, 309], "excluded_lines": []}, "": {"executed_lines": [], "summary": {"covered_lines": 0, "num_statements": 43, "percent_covered": 0.0, "percent_covered_display": "0", "missing_lines": 43, "excluded_lines": 0}, "missing_lines": [8, 9, 10, 11, 12, 14, 16, 19, 20, 24, 25, 26, 27, 28, 31, 32, 33, 34, 35, 36, 39, 40, 41, 42, 43, 44, 47, 48, 49, 50, 53, 54, 55, 56, 58, 59, 96, 97, 214, 215, 250, 272, 290], "excluded_lines": []}}, "classes": {"CacheConfig": {"executed_lines": [], "summary": {"covered_lines": 0, "num_statements": 95, "percent_covered": 0.0, "percent_covered_display": "0", "missing_lines": 95, "excluded_lines": 0}, "missing_lines": [61, 64, 65, 71, 72, 74, 75, 77, 78, 80, 81, 85, 86, 88, 89, 91, 94, 99, 102, 103, 104, 105, 106, 108, 109, 112, 113, 114, 117, 120, 125, 126, 127, 130, 131, 134, 137, 140, 145, 146, 147, 150, 153, 156, 159, 162, 167, 168, 169, 172, 175, 178, 183, 184, 185, 188, 191, 194, 198, 200, 201, 205, 210, 212, 218, 219, 225, 226, 228, 229, 231, 232, 234, 235, 239, 240, 242, 243, 245, 246, 248, 252, 253, 256, 258, 259, 260, 262, 263, 264, 266, 267, 268, 270, 274], "excluded_lines": []}, "": {"executed_lines": [], "summary": {"covered_lines": 0, "num_statements": 50, "percent_covered": 0.0, "percent_covered_display": "0", "missing_lines": 50, "excluded_lines": 0}, "missing_lines": [8, 9, 10, 11, 12, 14, 16, 19, 20, 24, 25, 26, 27, 28, 31, 32, 33, 34, 35, 36, 39, 40, 41, 42, 43, 44, 47, 48, 49, 50, 53, 54, 55, 56, 58, 59, 96, 97, 214, 215, 250, 272, 290, 300, 301, 303, 305, 306, 307, 309], "excluded_lines": []}}}, "common/llm_cache_iris.py": {"executed_lines": [], "summary": {"covered_lines": 0, "num_statements": 271, "percent_covered": 0.0, "percent_covered_display": "0", "missing_lines": 271, "excluded_lines": 0}, "missing_lines": [8, 9, 10, 11, 12, 14, 16, 19, 22, 38, 39, 40, 41, 42, 45, 48, 51, 53, 56, 59, 60, 62, 63, 64, 67, 70, 72, 75, 76, 78, 80, 83, 84, 85, 86, 87, 88, 89, 93, 95, 96, 97, 99, 101, 102, 104, 106, 108, 110, 112, 114, 116, 118, 120, 122, 125, 126, 127, 128, 129, 131, 132, 135, 136, 137, 138, 139, 142, 153, 156, 159, 163, 164, 166, 170, 171, 172, 173, 175, 186, 189, 192, 193, 197, 200, 201, 202, 203, 205, 208, 209, 210, 214, 219, 220, 221, 222, 224, 227, 228, 229, 232, 233, 236, 238, 239, 243, 246, 248, 250, 251, 254, 264, 266, 268, 269, 270, 271, 273, 276, 277, 280, 281, 282, 283, 285, 286, 291, 292, 295, 298, 301, 303, 305, 306, 311, 317, 318, 319, 320, 325, 327, 329, 331, 334, 335, 336, 337, 342, 343, 344, 345, 346, 349, 350, 358, 359, 361, 365, 380, 387, 388, 390, 401, 402, 403, 404, 406, 407, 410, 417, 419, 420, 422, 424, 426, 427, 428, 430, 431, 433, 435, 436, 438, 439, 440, 441, 443, 462, 463, 464, 465, 467, 468, 471, 472, 475, 478, 481, 487, 488, 491, 497, 498, 502, 508, 509, 511, 512, 514, 515, 516, 519, 526, 527, 529, 530, 532, 533, 535, 537, 538, 539, 541, 543, 544, 546, 547, 549, 550, 552, 554, 555, 556, 558, 568, 569, 572, 578, 581, 582, 584, 586, 587, 589, 590, 592, 594, 595, 596, 597, 599, 601, 602, 604, 611, 613, 614, 617, 627, 628, 630, 631, 639, 647, 648, 650, 651, 652, 655, 666], "excluded_lines": [], "functions": {"IRISCacheBackend.__init__": {"executed_lines": [], "summary": {"covered_lines": 0, "num_statements": 8, "percent_covered": 0.0, "percent_covered_display": "0", "missing_lines": 8, "excluded_lines": 0}, "missing_lines": [38, 39, 40, 41, 42, 45, 48, 51], "excluded_lines": []}, "IRISCacheBackend._setup_connection_interface": {"executed_lines": [], "summary": {"covered_lines": 0, "num_statements": 8, "percent_covered": 0.0, "percent_covered_display": "0", "missing_lines": 8, "excluded_lines": 0}, "missing_lines": [56, 59, 60, 62, 63, 64, 67, 70], "excluded_lines": []}, "IRISCacheBackend._get_cursor": {"executed_lines": [], "summary": {"covered_lines": 0, "num_statements": 11, "percent_covered": 0.0, "percent_covered_display": "0", "missing_lines": 11, "excluded_lines": 0}, "missing_lines": [75, 76, 78, 80, 83, 84, 85, 86, 87, 88, 89], "excluded_lines": []}, "IRISCacheBackend._execute_sql": {"executed_lines": [], "summary": {"covered_lines": 0, "num_statements": 7, "percent_covered": 0.0, "percent_covered_display": "0", "missing_lines": 7, "excluded_lines": 0}, "missing_lines": [95, 96, 97, 99, 101, 102, 104], "excluded_lines": []}, "IRISCacheBackend._commit_transaction": {"executed_lines": [], "summary": {"covered_lines": 0, "num_statements": 3, "percent_covered": 0.0, "percent_covered_display": "0", "missing_lines": 3, "excluded_lines": 0}, "missing_lines": [108, 110, 112], "excluded_lines": []}, "IRISCacheBackend._close_cursor": {"executed_lines": [], "summary": {"covered_lines": 0, "num_statements": 3, "percent_covered": 0.0, "percent_covered_display": "0", "missing_lines": 3, "excluded_lines": 0}, "missing_lines": [116, 118, 120], "excluded_lines": []}, "IRISCacheBackend.setup_table": {"executed_lines": [], "summary": {"covered_lines": 0, "num_statements": 23, "percent_covered": 0.0, "percent_covered_display": "0", "missing_lines": 23, "excluded_lines": 0}, "missing_lines": [125, 126, 127, 128, 129, 131, 132, 135, 136, 137, 138, 139, 142, 153, 156, 159, 163, 164, 166, 170, 171, 172, 173], "excluded_lines": []}, "IRISCacheBackend._create_index_if_not_exists": {"executed_lines": [], "summary": {"covered_lines": 0, "num_statements": 32, "percent_covered": 0.0, "percent_covered_display": "0", "missing_lines": 32, "excluded_lines": 0}, "missing_lines": [186, 189, 192, 193, 197, 200, 201, 202, 203, 205, 208, 209, 210, 214, 219, 220, 221, 222, 224, 227, 228, 229, 232, 233, 236, 238, 239, 243, 246, 248, 250, 251], "excluded_lines": []}, "IRISCacheBackend._serialize_cache_value": {"executed_lines": [], "summary": {"covered_lines": 0, "num_statements": 46, "percent_covered": 0.0, "percent_covered_display": "0", "missing_lines": 46, "excluded_lines": 0}, "missing_lines": [264, 266, 268, 269, 270, 271, 273, 276, 277, 280, 281, 282, 283, 285, 286, 291, 292, 295, 298, 301, 303, 305, 306, 311, 317, 318, 319, 320, 325, 327, 329, 331, 334, 335, 336, 337, 342, 343, 344, 345, 346, 349, 350, 358, 359, 361], "excluded_lines": []}, "IRISCacheBackend._generate_cache_key": {"executed_lines": [], "summary": {"covered_lines": 0, "num_statements": 3, "percent_covered": 0.0, "percent_covered_display": "0", "missing_lines": 3, "excluded_lines": 0}, "missing_lines": [380, 387, 388], "excluded_lines": []}, "IRISCacheBackend.get": {"executed_lines": [], "summary": {"covered_lines": 0, "num_statements": 24, "percent_covered": 0.0, "percent_covered_display": "0", "missing_lines": 24, "excluded_lines": 0}, "missing_lines": [401, 402, 403, 404, 406, 407, 410, 417, 419, 420, 422, 424, 426, 427, 428, 430, 431, 433, 435, 436, 438, 439, 440, 441], "excluded_lines": []}, "IRISCacheBackend.set": {"executed_lines": [], "summary": {"covered_lines": 0, "num_statements": 24, "percent_covered": 0.0, "percent_covered_display": "0", "missing_lines": 24, "excluded_lines": 0}, "missing_lines": [462, 463, 464, 465, 467, 468, 471, 472, 475, 478, 481, 487, 488, 491, 497, 498, 502, 508, 509, 511, 512, 514, 515, 516], "excluded_lines": []}, "IRISCacheBackend.delete": {"executed_lines": [], "summary": {"covered_lines": 0, "num_statements": 10, "percent_covered": 0.0, "percent_covered_display": "0", "missing_lines": 10, "excluded_lines": 0}, "missing_lines": [526, 527, 529, 530, 532, 533, 535, 537, 538, 539], "excluded_lines": []}, "IRISCacheBackend.clear": {"executed_lines": [], "summary": {"covered_lines": 0, "num_statements": 10, "percent_covered": 0.0, "percent_covered_display": "0", "missing_lines": 10, "excluded_lines": 0}, "missing_lines": [543, 544, 546, 547, 549, 550, 552, 554, 555, 556], "excluded_lines": []}, "IRISCacheBackend.cleanup_expired": {"executed_lines": [], "summary": {"covered_lines": 0, "num_statements": 16, "percent_covered": 0.0, "percent_covered_display": "0", "missing_lines": 16, "excluded_lines": 0}, "missing_lines": [568, 569, 572, 578, 581, 582, 584, 586, 587, 589, 590, 592, 594, 595, 596, 597], "excluded_lines": []}, "IRISCacheBackend.get_stats": {"executed_lines": [], "summary": {"covered_lines": 0, "num_statements": 3, "percent_covered": 0.0, "percent_covered_display": "0", "missing_lines": 3, "excluded_lines": 0}, "missing_lines": [601, 602, 604], "excluded_lines": []}, "IRISCacheBackend.get_cache_info": {"executed_lines": [], "summary": {"covered_lines": 0, "num_statements": 13, "percent_covered": 0.0, "percent_covered_display": "0", "missing_lines": 13, "excluded_lines": 0}, "missing_lines": [613, 614, 617, 627, 628, 630, 631, 639, 647, 648, 650, 651, 652], "excluded_lines": []}, "create_iris_cache_backend": {"executed_lines": [], "summary": {"covered_lines": 0, "num_statements": 1, "percent_covered": 0.0, "percent_covered_display": "0", "missing_lines": 1, "excluded_lines": 0}, "missing_lines": [666], "excluded_lines": []}, "": {"executed_lines": [], "summary": {"covered_lines": 0, "num_statements": 26, "percent_covered": 0.0, "percent_covered_display": "0", "missing_lines": 26, "excluded_lines": 0}, "missing_lines": [8, 9, 10, 11, 12, 14, 16, 19, 22, 53, 72, 93, 106, 114, 122, 175, 254, 365, 390, 443, 519, 541, 558, 599, 611, 655], "excluded_lines": []}}, "classes": {"IRISCacheBackend": {"executed_lines": [], "summary": {"covered_lines": 0, "num_statements": 244, "percent_covered": 0.0, "percent_covered_display": "0", "missing_lines": 244, "excluded_lines": 0}, "missing_lines": [38, 39, 40, 41, 42, 45, 48, 51, 56, 59, 60, 62, 63, 64, 67, 70, 75, 76, 78, 80, 83, 84, 85, 86, 87, 88, 89, 95, 96, 97, 99, 101, 102, 104, 108, 110, 112, 116, 118, 120, 125, 126, 127, 128, 129, 131, 132, 135, 136, 137, 138, 139, 142, 153, 156, 159, 163, 164, 166, 170, 171, 172, 173, 186, 189, 192, 193, 197, 200, 201, 202, 203, 205, 208, 209, 210, 214, 219, 220, 221, 222, 224, 227, 228, 229, 232, 233, 236, 238, 239, 243, 246, 248, 250, 251, 264, 266, 268, 269, 270, 271, 273, 276, 277, 280, 281, 282, 283, 285, 286, 291, 292, 295, 298, 301, 303, 305, 306, 311, 317, 318, 319, 320, 325, 327, 329, 331, 334, 335, 336, 337, 342, 343, 344, 345, 346, 349, 350, 358, 359, 361, 380, 387, 388, 401, 402, 403, 404, 406, 407, 410, 417, 419, 420, 422, 424, 426, 427, 428, 430, 431, 433, 435, 436, 438, 439, 440, 441, 462, 463, 464, 465, 467, 468, 471, 472, 475, 478, 481, 487, 488, 491, 497, 498, 502, 508, 509, 511, 512, 514, 515, 516, 526, 527, 529, 530, 532, 533, 535, 537, 538, 539, 543, 544, 546, 547, 549, 550, 552, 554, 555, 556, 568, 569, 572, 578, 581, 582, 584, 586, 587, 589, 590, 592, 594, 595, 596, 597, 601, 602, 604, 613, 614, 617, 627, 628, 630, 631, 639, 647, 648, 650, 651, 652], "excluded_lines": []}, "": {"executed_lines": [], "summary": {"covered_lines": 0, "num_statements": 27, "percent_covered": 0.0, "percent_covered_display": "0", "missing_lines": 27, "excluded_lines": 0}, "missing_lines": [8, 9, 10, 11, 12, 14, 16, 19, 22, 53, 72, 93, 106, 114, 122, 175, 254, 365, 390, 443, 519, 541, 558, 599, 611, 655, 666], "excluded_lines": []}}}, "common/llm_cache_manager.py": {"executed_lines": [], "summary": {"covered_lines": 0, "num_statements": 424, "percent_covered": 0.0, "percent_covered_display": "0", "missing_lines": 424, "excluded_lines": 0}, "missing_lines": [8, 9, 10, 11, 12, 13, 14, 16, 18, 19, 21, 24, 25, 28, 29, 30, 31, 32, 33, 35, 37, 38, 39, 40, 41, 43, 45, 46, 47, 48, 49, 51, 53, 54, 56, 58, 59, 63, 65, 67, 68, 72, 75, 78, 79, 80, 81, 82, 84, 86, 87, 88, 90, 91, 92, 94, 95, 96, 97, 99, 101, 102, 105, 106, 110, 115, 116, 117, 119, 120, 121, 122, 125, 126, 127, 129, 132, 135, 137, 138, 140, 141, 142, 143, 144, 145, 147, 155, 156, 158, 161, 162, 164, 165, 166, 167, 170, 171, 173, 176, 177, 179, 180, 181, 182, 183, 185, 187, 188, 190, 191, 193, 195, 197, 198, 200, 201, 202, 204, 206, 220, 221, 223, 225, 227, 228, 231, 232, 234, 235, 236, 237, 238, 241, 244, 245, 247, 249, 250, 252, 254, 255, 256, 257, 259, 261, 274, 276, 277, 278, 279, 280, 282, 295, 297, 298, 300, 301, 303, 305, 306, 307, 308, 310, 313, 314, 317, 318, 323, 324, 325, 326, 328, 330, 331, 332, 334, 337, 338, 341, 342, 343, 344, 348, 349, 350, 351, 352, 353, 355, 358, 359, 361, 363, 364, 365, 366, 367, 368, 369, 371, 372, 374, 376, 377, 378, 380, 391, 393, 394, 395, 397, 408, 409, 411, 412, 415, 417, 418, 420, 425, 429, 432, 436, 439, 442, 444, 446, 447, 449, 450, 453, 458, 459, 460, 463, 466, 469, 470, 471, 474, 476, 477, 482, 483, 492, 493, 494, 495, 500, 503, 504, 505, 509, 510, 515, 521, 522, 527, 528, 529, 532, 533, 535, 536, 537, 538, 539, 540, 541, 548, 549, 554, 555, 557, 558, 561, 565, 568, 570, 571, 574, 575, 577, 580, 583, 590, 591, 593, 600, 612, 613, 615, 616, 619, 621, 622, 624, 629, 633, 636, 640, 643, 646, 648, 650, 651, 653, 654, 657, 662, 663, 664, 667, 670, 673, 674, 675, 678, 680, 681, 686, 687, 696, 697, 698, 699, 704, 707, 708, 709, 713, 714, 719, 725, 726, 731, 732, 733, 736, 737, 738, 740, 741, 742, 743, 744, 745, 746, 753, 754, 757, 759, 760, 762, 772, 774, 776, 778, 779, 781, 785, 786, 787, 788, 789, 790, 791, 792, 794, 797, 810, 812, 814, 815, 817, 818, 820, 821, 824, 825, 826, 829, 830, 832, 833, 836, 838, 839, 840, 841, 842, 843, 846, 849, 859, 860, 862, 863, 865, 866, 869, 871, 872, 874, 875, 876, 880, 883, 887, 888, 889, 890, 891, 893, 896, 898, 899, 900, 903, 905, 906, 907, 909], "excluded_lines": [], "functions": {"CacheMetrics.record_hit": {"executed_lines": [], "summary": {"covered_lines": 0, "num_statements": 5, "percent_cover
[...]
cluded_lines": 0}, "missing_lines": [510, 511, 513, 514, 516, 517, 518, 525, 526, 528, 529, 530, 536, 538, 539, 540, 542], "excluded_lines": []}, "GraphVisualizer._fetch_relationships": {"executed_lines": [], "summary": {"covered_lines": 0, "num_statements": 17, "percent_covered": 0.0, "percent_covered_display": "0", "missing_lines": 17, "excluded_lines": 0}, "missing_lines": [546, 547, 549, 550, 552, 553, 554, 562, 563, 565, 566, 567, 577, 579, 580, 581, 583], "excluded_lines": []}, "": {"executed_lines": [], "summary": {"covered_lines": 0, "num_statements": 30, "percent_covered": 0.0, "percent_covered_display": "0", "missing_lines": 30, "excluded_lines": 0}, "missing_lines": [8, 9, 10, 11, 12, 14, 16, 17, 20, 21, 22, 23, 24, 25, 27, 30, 33, 36, 39, 81, 155, 221, 372, 384, 404, 416, 441, 483, 508, 544], "excluded_lines": []}}, "classes": {"GraphVisualizationException": {"executed_lines": [], "summary": {"covered_lines": 0, "num_statements": 0, "percent_covered": 100.0, "percent_covered_display": "100", "missing_lines": 0, "excluded_lines": 0}, "missing_lines": [], "excluded_lines": []}, "GraphVisualizer": {"executed_lines": [], "summary": {"covered_lines": 0, "num_statements": 177, "percent_covered": 0.0, "percent_covered_display": "0", "missing_lines": 177, "excluded_lines": 0}, "missing_lines": [51, 52, 53, 56, 57, 58, 59, 62, 79, 95, 96, 99, 100, 103, 106, 107, 119, 120, 121, 124, 125, 131, 132, 138, 147, 150, 152, 153, 168, 169, 172, 173, 176, 177, 179, 194, 197, 198, 199, 201, 202, 210, 211, 213, 216, 218, 219, 234, 237, 239, 241, 242, 243, 244, 245, 246, 248, 251, 252, 253, 254, 255, 257, 258, 259, 260, 262, 263, 264, 265, 267, 268, 270, 273, 274, 275, 276, 277, 278, 280, 283, 286, 287, 288, 290, 291, 292, 293, 294, 296, 297, 298, 299, 302, 310, 328, 358, 360, 361, 363, 364, 367, 368, 382, 392, 394, 397, 399, 401, 402, 414, 418, 419, 421, 422, 426, 427, 430, 431, 432, 433, 435, 437, 438, 439, 444, 445, 448, 449, 450, 462, 463, 464, 475, 476, 477, 481, 485, 486, 489, 503, 504, 506, 510, 511, 513, 514, 516, 517, 518, 525, 526, 528, 529, 530, 536, 538, 539, 540, 542, 546, 547, 549, 550, 552, 553, 554, 562, 563, 565, 566, 567, 577, 579, 580, 581, 583], "excluded_lines": []}, "": {"executed_lines": [], "summary": {"covered_lines": 0, "num_statements": 30, "percent_covered": 0.0, "percent_covered_display": "0", "missing_lines": 30, "excluded_lines": 0}, "missing_lines": [8, 9, 10, 11, 12, 14, 16, 17, 20, 21, 22, 23, 24, 25, 27, 30, 33, 36, 39, 81, 155, 221, 372, 384, 404, 416, 441, 483, 508, 544], "excluded_lines": []}}}, "iris_rag/visualization/graph_visualizer_extended.py": {"executed_lines": [], "summary": {"covered_lines": 0, "num_statements": 49, "percent_covered": 0.0, "percent_covered_display": "0", "missing_lines": 49, "excluded_lines": 0}, "missing_lines": [5, 6, 7, 8, 9, 11, 13, 16, 19, 20, 30, 32, 33, 36, 37, 38, 50, 51, 52, 63, 321, 322, 324, 325, 327, 328, 336, 338, 341, 343, 345, 346, 348, 349, 359, 361, 362, 363, 366, 583, 584, 585, 590, 596, 603, 609, 610, 612, 613], "excluded_lines": [], "functions": {"GraphVisualizerExtended.generate_d3_visualization": {"executed_lines": [], "summary": {"covered_lines": 0, "num_statements": 14, "percent_covered": 0.0, "percent_covered_display": "0", "missing_lines": 14, "excluded_lines": 0}, "missing_lines": [30, 32, 33, 36, 37, 38, 50, 51, 52, 63, 321, 322, 324, 325], "excluded_lines": []}, "GraphVisualizerExtended.export_to_graphml": {"executed_lines": [], "summary": {"covered_lines": 0, "num_statements": 6, "percent_covered": 0.0, "percent_covered_display": "0", "missing_lines": 6, "excluded_lines": 0}, "missing_lines": [336, 338, 341, 343, 345, 346], "excluded_lines": []}, "GraphVisualizerExtended.visualize_traversal_path": {"executed_lines": [], "summary": {"covered_lines": 0, "num_statements": 15, "percent_covered": 0.0, "percent_covered_display": "0", "missing_lines": 15, "excluded_lines": 0}, "missing_lines": [359, 361, 362, 363, 366, 583, 584, 585, 590, 596, 603, 609, 610, 612, 613], "excluded_lines": []}, "": {"executed_lines": [], "summary": {"covered_lines": 0, "num_statements": 14, "percent_covered": 0.0, "percent_covered_display": "0", "missing_lines": 14, "excluded_lines": 0}, "missing_lines": [5, 6, 7, 8, 9, 11, 13, 16, 19, 20, 327, 328, 348, 349], "excluded_lines": []}}, "classes": {"GraphVisualizerExtended": {"executed_lines": [], "summary": {"covered_lines": 0, "num_statements": 35, "percent_covered": 0.0, "percent_covered_display": "0", "missing_lines": 35, "excluded_lines": 0}, "missing_lines": [30, 32, 33, 36, 37, 38, 50, 51, 52, 63, 321, 322, 324, 325, 336, 338, 341, 343, 345, 346, 359, 361, 362, 363, 366, 583, 584, 585, 590, 596, 603, 609, 610, 612, 613], "excluded_lines": []}, "": {"executed_lines": [], "summary": {"covered_lines": 0, "num_statements": 14, "percent_covered": 0.0, "percent_covered_display": "0", "missing_lines": 14, "excluded_lines": 0}, "missing_lines": [5, 6, 7, 8, 9, 11, 13, 16, 19, 20, 327, 328, 348, 349], "excluded_lines": []}}}, "iris_rag/visualization/iris_global_graphrag_interface.py": {"executed_lines": [], "summary": {"covered_lines": 0, "num_statements": 162, "percent_covered": 0.0, "percent_covered_display": "0", "missing_lines": 162, "excluded_lines": 2}, "missing_lines": [11, 12, 13, 15, 17, 22, 25, 36, 37, 38, 39, 42, 43, 48, 58, 65, 67, 69, 72, 73, 74, 76, 78, 79, 81, 83, 84, 86, 88, 89, 91, 93, 94, 96, 98, 99, 101, 105, 106, 108, 109, 110, 111, 113, 114, 117, 119, 126, 127, 128, 130, 131, 133, 134, 135, 136, 138, 139, 142, 146, 152, 153, 155, 156, 158, 160, 161, 162, 164, 165, 167, 168, 169, 170, 172, 173, 176, 178, 180, 181, 182, 184, 185, 187, 188, 189, 191, 192, 195, 204, 206, 208, 209, 210, 212, 213, 215, 216, 217, 218, 219, 220, 222, 223, 225, 226, 228, 229, 230, 233, 234, 235, 237, 238, 241, 244, 252, 254, 255, 256, 258, 259, 261, 262, 264, 265, 267, 269, 270, 271, 273, 274, 276, 278, 289, 291, 292, 293, 294, 295, 299, 302, 314, 315, 318, 323, 330, 332, 335, 337, 339, 340, 341, 342, 343, 345, 347, 349, 352, 354, 355, 356], "excluded_lines": [359, 360], "functions": {"IRISGlobalGraphRAGInterface.__init__": {"executed_lines": [], "summary": {"covered_lines": 0, "num_statements": 5, "percent_covered": 0.0, "percent_covered_display": "0", "missing_lines": 5, "excluded_lines": 0}, "missing_lines": [37, 38, 39, 42, 43], "excluded_lines": []}, "IRISGlobalGraphRAGInterface.create_flask_app": {"executed_lines": [], "summary": {"covered_lines": 0, "num_statements": 3, "percent_covered": 0.0, "percent_covered_display": "0", "missing_lines": 3, "excluded_lines": 0}, "missing_lines": [58, 65, 67], "excluded_lines": []}, "IRISGlobalGraphRAGInterface._setup_routes": {"executed_lines": [], "summary": {"covered_lines": 0, "num_statements": 29, "percent_covered": 0.0, "percent_covered_display": "0", "missing_lines": 29, "excluded_lines": 0}, "missing_lines": [72, 73, 74, 78, 79, 83, 84, 88, 89, 93, 94, 98, 99, 105, 106, 130, 131, 164, 165, 184, 185, 212, 213, 222, 223, 258, 259, 273, 274], "excluded_lines": []}, "IRISGlobalGraphRAGInterface._setup_routes.graphrag_page": {"executed_lines": [], "summary": {"covered_lines": 0, "num_statements": 1, "percent_covered": 0.0, "percent_covered_display": "0", "missing_lines": 1, "excluded_lines": 0}, "missing_lines": [76], "excluded_lines": []}, "IRISGlobalGraphRAGInterface._setup_routes.rag_page": {"executed_lines": [], "summary": {"covered_lines": 0, "num_statements": 1, "percent_covered": 0.0, "percent_covered_display": "0", "missing_lines": 1, "excluded_lines": 0}, "missing_lines": [81], "excluded_lines": []}, "IRISGlobalGraphRAGInterface._setup_routes.llm_page": {"executed_lines": [], "summary": {"covered_lines": 0, "num_statements": 1, "percent_covered": 0.0, "percent_covered_display": "0", "missing_lines": 1, "excluded_lines": 0}, "missing_lines": [86], "excluded_lines": []}, "IRISGlobalGraphRAGInterface._setup_routes.llm_vs_rag_page": {"executed_lines": [], "summary": {"covered_lines": 0, "num_statements": 1, "percent_covered": 0.0, "percent_covered_display": "0", "missing_lines": 1, "excluded_lines": 0}, "missing_lines": [91], "excluded_lines": []}, "IRISGlobalGraphRAGInterface._setup_routes.rag_vs_graphrag_page": {"executed_lines": [], "summary": {"covered_lines": 0, "num_statements": 1, "percent_covered": 0.0, "percent_covered_display": "0", "missing_lines": 1, "excluded_lines": 0}, "missing_lines": [96], "excluded_lines": []}, "IRISGlobalGraphRAGInterface._setup_routes.multi_pipeline_comparison_page": {"executed_lines": [], "summary": {"covered_lines": 0, "num_statements": 1, "percent_covered": 0.0, "percent_covered_display": "0", "missing_lines": 1, "excluded_lines": 0}, "missing_lines": [101], "excluded_lines": []}, "IRISGlobalGraphRAGInterface._setup_routes.api_ask": {"executed_lines": [], "summary": {"covered_lines": 0, "num_statements": 11, "percent_covered": 0.0, "percent_covered_display": "0", "missing_lines": 11, "excluded_lines": 0}, "missing_lines": [108, 109, 110, 111, 113, 114, 117, 119, 126, 127, 128], "excluded_lines": []}, "IRISGlobalGraphRAGInterface._setup_routes.api_graphrag": {"executed_lines": [], "summary": {"covered_lines": 0, "num_statements": 16, "percent_covered": 0.0, "percent_covered_display": "0", "missing_lines": 16, "excluded_lines": 0}, "missing_lines": [133, 134, 135, 136, 138, 139, 142, 146, 152, 153, 155, 156, 158, 160, 161, 162], "excluded_lines": []}, "IRISGlobalGraphRAGInterface._setup_routes.api_compare": {"executed_lines": [], "summary": {"covered_lines": 0, "num_statements": 11, "percent_covered": 0.0, "percent_covered_display": "0", "missing_lines": 11, "excluded_lines": 0}, "missing_lines": [167, 168, 169, 170, 172, 173, 176, 178, 180, 181, 182], "excluded_lines": []}, "IRISGlobalGraphRAGInterface._setup_routes.api_llm": {"executed_lines": [], "summary": {"covered_lines": 0, "num_statements": 11, "percent_covered": 0.0, "percent_covered_display": "0", "missing_lines": 11, "excluded_lines": 0}, "missing_lines": [187, 188, 189, 191, 192, 195, 204, 206, 208, 209, 210], "excluded_lines": []}, "IRISGlobalGraphRAGInterface._setup_routes.api_pipeline_info": {"executed_lines": [], "summary": {"covered_lines": 0, "num_statements": 6, "percent_covered": 0.0, "percent_covered_display": "0", "missing_lines": 6, "excluded_lines": 0}, "missing_lines": [215, 216, 217, 218, 219, 220], "excluded_lines": []}, "IRISGlobalGraphRAGInterface._setup_routes.api_multi_pipeline_compare": {"executed_lines": [], "summary": {"covered_lines": 0, "num_statements": 16, "percent_covered": 0.0, "percent_covered_display": "0", "missing_lines": 16, "excluded_lines": 0}, "missing_lines": [225, 226, 228, 229, 230, 233, 234, 235, 237, 238, 241, 244, 252, 254, 255, 256], "excluded_lines": []}, "IRISGlobalGraphRAGInterface._setup_routes.api_available_pipelines": {"executed_lines": [], "summary": {"covered_lines": 0, "num_statements": 8, "percent_covered": 0.0, "percent_covered_display": "0", "missing_lines": 8, "excluded_lines": 0}, "missing_lines": [261, 262, 264, 265, 267, 269, 270, 271], "excluded_lines": []}, "IRISGlobalGraphRAGInterface._setup_routes.serve_css": {"executed_lines": [], "summary": {"covered_lines": 0, "num_statements": 1, "percent_covered": 0.0, "percent_covered_display": "0", "missing_lines": 1, "excluded_lines": 0}, "missing_lines": [276], "excluded_lines": []}, "IRISGlobalGraphRAGInterface.run_standalone": {"executed_lines": [], "summary": {"covered_lines": 0, "num_statements": 7, "percent_covered": 0.0, "percent_covered_display": "0", "missing_lines": 7, "excluded_lines": 0}, "missing_lines": [289, 291, 292, 293, 294, 295, 299], "excluded_lines": []}, "create_interface_from_config": {"executed_lines": [], "summary": {"covered_lines": 0, "num_statements": 6, "percent_covered": 0.0, "percent_covered_display": "0", "missing_lines": 6, "excluded_lines": 0}, "missing_lines": [314, 315, 318, 323, 330, 332], "excluded_lines": []}, "main": {"executed_lines": [], "summary": {"covered_lines": 0, "num_statements": 13, "percent_covered": 0.0, "percent_covered_display": "0", "missing_lines": 13, "excluded_lines": 0}, "missing_lines": [337, 339, 340, 341, 342, 343, 345, 347, 349, 352, 354, 355, 356], "excluded_lines": []}, "": {"executed_lines": [], "summary": {"covered_lines": 0, "num_statements": 13, "percent_covered": 0.0, "percent_covered_display": "0", "missing_lines": 13, "excluded_lines": 2}, "missing_lines": [11, 12, 13, 15, 17, 22, 25, 36, 48, 69, 278, 302, 335], "excluded_lines": [359, 360]}}, "classes": {"IRISGlobalGraphRAGInterface": {"executed_lines": [], "summary": {"covered_lines": 0, "num_statements": 130, "percent_covered": 0.0, "percent_covered_display": "0", "missing_lines": 130, "excluded_lines": 0}, "missing_lines": [37, 38, 39, 42, 43, 58, 65, 67, 72, 73, 74, 76, 78, 79, 81, 83, 84, 86, 88, 89, 91, 93, 94, 96, 98, 99, 101, 105, 106, 108, 109, 110, 111, 113, 114, 117, 119, 126, 127, 128, 130, 131, 133, 134, 135, 136, 138, 139, 142, 146, 152, 153, 155, 156, 158, 160, 161, 162, 164, 165, 167, 168, 169, 170, 172, 173, 176, 178, 180, 181, 182, 184, 185, 187, 188, 189, 191, 192, 195, 204, 206, 208, 209, 210, 212, 213, 215, 216, 217, 218, 219, 220, 222, 223, 225, 226, 228, 229, 230, 233, 234, 235, 237, 238, 241, 244, 252, 254, 255, 256, 258, 259, 261, 262, 264, 265, 267, 269, 270, 271, 273, 274, 276, 289, 291, 292, 293, 294, 295, 299], "excluded_lines": []}, "": {"executed_lines": [], "summary": {"covered_lines": 0, "num_statements": 32, "percent_covered": 0.0, "percent_covered_display": "0", "missing_lines": 32, "excluded_lines": 2}, "missing_lines": [11, 12, 13, 15, 17, 22, 25, 36, 48, 69, 278, 302, 314, 315, 318, 323, 330, 332, 335, 337, 339, 340, 341, 342, 343, 345, 347, 349, 352, 354, 355, 356], "excluded_lines": [359, 360]}}}, "iris_rag/visualization/multi_pipeline_comparator.py": {"executed_lines": [], "summary": {"covered_lines": 0, "num_statements": 165, "percent_covered": 0.0, "percent_covered_display": "0", "missing_lines": 165, "excluded_lines": 0}, "missing_lines": [11, 12, 13, 14, 16, 18, 19, 21, 24, 36, 37, 38, 39, 42, 44, 46, 74, 75, 76, 79, 80, 83, 86, 87, 89, 96, 97, 109, 111, 112, 113, 121, 123, 125, 146, 149, 150, 153, 155, 156, 158, 162, 175, 176, 178, 180, 185, 190, 193, 195, 197, 201, 203, 205, 213, 214, 215, 216, 217, 218, 219, 220, 226, 228, 232, 234, 235, 236, 237, 238, 239, 242, 243, 244, 250, 252, 256, 257, 259, 261, 263, 268, 270, 273, 285, 286, 287, 288, 291, 295, 296, 297, 301, 303, 304, 307, 311, 313, 314, 315, 319, 321, 323, 325, 326, 327, 328, 329, 330, 332, 340, 342, 354, 355, 356, 368, 375, 376, 383, 387, 397, 404, 405, 408, 413, 414, 415, 416, 421, 427, 428, 429, 434, 439, 441, 443, 444, 445, 446, 449, 452, 453, 454, 457, 460, 463, 464, 467, 468, 469, 471, 472, 473, 476, 478, 479, 480, 481, 484, 485, 489, 490, 491, 493, 495], "excluded_lines": [], "functions": {"MultiPipelineComparator.__init__": {"executed_lines": [], "summary": {"covered_lines": 0, "num_statements": 4, "percent_covered": 0.0, "percent_covered_display": "0", "missing_lines": 4, "excluded_lines": 0}, "missing_lines": [37, 38, 39, 42], "excluded_lines": []}, "MultiPipelineComparator._initialize_pipelines": {"executed_lines": [], "summary": {"covered_lines": 0, "num_statements": 16, "percent_covered": 0.0, "percent_covered_display": "0", "missing_lines": 16, "excluded_lines": 0}, "missing_lines": [46, 74, 75, 76, 79, 80, 83, 86, 87, 89, 96, 97, 109, 111, 112, 113], "excluded_lines": []}, "MultiPipelineComparator.get_available_pipelines": {"executed_lines": [], "summary": {"covered_lines": 0, "num_statements": 1, "percent_covered": 0.0, "percent_covered_display": "0", "missing_lines": 1, "excluded_lines": 0}, "missing_lines": [123], "excluded_lines": []}, "MultiPipelineComparator.compare_pipelines": {"executed_lines": [], "summary": {"covered_lines": 0, "num_statements": 16, "percent_covered": 0.0, "percent_covered_display": "0", "missing_lines": 16, "excluded_lines": 0}, "missing_lines": [146, 149, 150, 153, 155, 156, 158, 162, 175, 176, 178, 180, 185, 190, 193, 195], "excluded_lines": []}, "MultiPipelineComparator._run_pipelines_parallel": {"executed_lines": [], "summary": {"covered_lines": 0, "num_statements": 12, "percent_covered": 0.0, "percent_covered_display": "0", "missing_lines": 12, "excluded_lines": 0}, "missing_lines": [201, 203, 205, 213, 214, 215, 216, 217, 218, 219, 220, 226], "excluded_lines": []}, "MultiPipelineComparator._run_pipelines_sequential": {"executed_lines": [], "summary": {"covered_lines": 0, "num_statements": 11, "percent_covered": 0.0, "percent_covered_display": "0", "missing_lines": 11, "excluded_lines": 0}, "missing_lines": [232, 234, 235, 236, 237, 238, 239, 242, 243, 244, 250], "excluded_lines": []}, "MultiPipelineComparator._execute_pipeline": {"executed_lines": [], "summary": {"covered_lines": 0, "num_statements": 24, "percent_covered": 0.0, "percent_covered_display": "0", "missing_lines": 24, "excluded_lines": 0}, "missing_lines": [256, 257, 259, 261, 263, 268, 270, 273, 285, 286, 287, 288, 291, 295, 296, 297, 301, 303, 304, 307, 311, 313, 314, 315], "excluded_lines": []}, "MultiPipelineComparator._get_llm_baseline": {"executed_lines": [], "summary": {"covered_lines": 0, "num_statements": 17, "percent_covered": 0.0, "percent_covered_display": "0", "missing_lines": 17, "excluded_lines": 0}, "missing_lines": [321, 323, 325, 326, 327, 328, 329, 330, 332, 340, 342, 354, 355, 356, 368, 375, 376], "excluded_lines": []}, "MultiPipelineComparator._generate_performance_summary": {"executed_lines": [], "summary": {"covered_lines": 0, "num_statements": 15, "percent_covered": 0.0, "percent_covered_display": "0", "missing_lines": 15, "excluded_lines": 0}, "missing_lines": [387, 397, 404, 405, 408, 413, 414, 415, 416, 421, 427, 428, 429, 434, 439], "excluded_lines": []}, "MultiPipelineComparator.generate_comparison_report": {"executed_lines": [], "summary": {"covered_lines": 0, "num_statements": 30, "percent_covered": 0.0, "percent_covered_display": "0", "missing_lines": 30, "excluded_lines": 0}, "missing_lines": [443, 444, 445, 446, 449, 452, 453, 454, 457, 460, 463, 464, 467, 468, 469, 471, 472, 473, 476, 478, 479, 480, 481, 484, 485, 489, 490, 491, 493, 495], "excluded_lines": []}, "": {"executed_lines": [], "summary": {"covered_lines": 0, "num_statements": 19, "percent_covered": 0.0, "percent_covered_display": "0", "missing_lines": 19, "excluded_lines": 0}, "missing_lines": [11, 12, 13, 14, 16, 18, 19, 21, 24, 36, 44, 121, 125, 197, 228, 252, 319, 383, 441], "excluded_lines": []}}, "classes": {"MultiPipelineComparator": {"executed_lines": [], "summary": {"covered_lines": 0, "num_statements": 146, "percent_covered": 0.0, "percent_covered_display": "0", "missing_lines": 146, "excluded_lines": 0}, "missing_lines": [37, 38, 39, 42, 46, 74, 75, 76, 79, 80, 83, 86, 87, 89, 96, 97, 109, 111, 112, 113, 123, 146, 149, 150, 153, 155, 156, 158, 162, 175, 176, 178, 180, 185, 190, 193, 195, 201, 203, 205, 213, 214, 215, 216, 217, 218, 219, 220, 226, 232, 234, 235, 236, 237, 238, 239, 242, 243, 244, 250, 256, 257, 259, 261, 263, 268, 270, 273, 285, 286, 287, 288, 291, 295, 296, 297, 301, 303, 304, 307, 311, 313, 314, 315, 321, 323, 325, 326, 327, 328, 329, 330, 332, 340, 342, 354, 355, 356, 368, 375, 376, 387, 397, 404, 405, 408, 413, 414, 415, 416, 421, 427, 428, 429, 434, 439, 443, 444, 445, 446, 449, 452, 453, 454, 457, 460, 463, 464, 467, 468, 469, 471, 472, 473, 476, 478, 479, 480, 481, 484, 485, 489, 490, 491, 493, 495], "excluded_lines": []}, "": {"executed_lines": [], "summary": {"covered_lines": 0, "num_statements": 19, "percent_covered": 0.0, "percent_covered_display": "0", "missing_lines": 19, "excluded_lines": 0}, "missing_lines": [11, 12, 13, 14, 16, 18, 19, 21, 24, 36, 44, 121, 125, 197, 228, 252, 319, 383, 441], "excluded_lines": []}}}}, "totals": {"covered_lines": 1188, "num_statements": 12775, "percent_covered": 9.299412915851272, "percent_covered_display": "9", "missing_lines": 11587, "excluded_lines": 155}}