{
  "test_metadata": {
    "timestamp": "2025-06-19T12:39:36.709878",
    "pipeline_types": [
      "basic",
      "hyde",
      "crag",
      "colbert",
      "noderag",
      "graphrag",
      "hybrid_ifind"
    ],
    "test_query": "What is IRIS?"
  },
  "results": [
    {
      "pipeline_type": "basic",
      "pipeline_name": "BasicRAG",
      "status": "broken",
      "initialization": {
        "success": false,
        "error": "get_embedding_func() got an unexpected keyword argument 'model_name'",
        "traceback": "Traceback (most recent call last):\n  File \"/Users/tdyar/ws/rag-templates/scripts/test_all_pipelines_status.py\", line 72, in test_pipeline\n    embedding_func = get_embedding_func(provider=\"fake\", model_name=\"test-model\", dimensions=384)\n                     ^^^^^^^^^^^^^^^^^^^^^^^^^^^^^^^^^^^^^^^^^^^^^^^^^^^^^^^^^^^^^^^^^^^^^^^^^^^^\nTypeError: get_embedding_func() got an unexpected keyword argument 'model_name'\n"
      },
      "query_test": {
        "success": false,
        "response": null,
        "error": null
      },
      "notes": [
        "Initialization failed: get_embedding_func() got an unexpected keyword argument 'model_name'"
      ]
    },
    {
      "pipeline_type": "hyde",
      "pipeline_name": "HyDERAG",
      "status": "broken",
      "initialization": {
        "success": false,
        "error": "get_embedding_func() got an unexpected keyword argument 'model_name'",
        "traceback": "Traceback (most recent call last):\n  File \"/Users/tdyar/ws/rag-templates/scripts/test_all_pipelines_status.py\", line 72, in test_pipeline\n    embedding_func = get_embedding_func(provider=\"fake\", model_name=\"test-model\", dimensions=384)\n                     ^^^^^^^^^^^^^^^^^^^^^^^^^^^^^^^^^^^^^^^^^^^^^^^^^^^^^^^^^^^^^^^^^^^^^^^^^^^^\nTypeError: get_embedding_func() got an unexpected keyword argument 'model_name'\n"
      },
      "query_test": {
        "success": false,
        "response": null,
        "error": null
      },
      "notes": [
        "Initialization failed: get_embedding_func() got an unexpected keyword argument 'model_name'"
      ]
    },
    {
      "pipeline_type": "crag",
      "pipeline_name": "CRAG",
      "status": "broken",
      "initialization": {
        "success": false,
        "error": "get_embedding_func() got an unexpected keyword argument 'model_name'",
        "traceback": "Traceback (most recent call last):\n  File \"/Users/tdyar/ws/rag-templates/scripts/test_all_pipelines_status.py\", line 72, in test_pipeline\n    embedding_func = get_embedding_func(provider=\"fake\", model_name=\"test-model\", dimensions=384)\n                     ^^^^^^^^^^^^^^^^^^^^^^^^^^^^^^^^^^^^^^^^^^^^^^^^^^^^^^^^^^^^^^^^^^^^^^^^^^^^\nTypeError: get_embedding_func() got an unexpected keyword argument 'model_name'\n"
      },
      "query_test": {
        "success": false,
        "response": null,
        "error": null
      },
      "notes": [
        "Initialization failed: get_embedding_func() got an unexpected keyword argument 'model_name'"
      ]
    },
    {
      "pipeline_type": "colbert",
      "pipeline_name": "ColBERTRAG",
      "status": "broken",
      "initialization": {
        "success": false,
        "error": "get_embedding_func() got an unexpected keyword argument 'model_name'",
        "traceback": "Traceback (most recent call last):\n  File \"/Users/tdyar/ws/rag-templates/scripts/test_all_pipelines_status.py\", line 72, in test_pipeline\n    embedding_func = get_embedding_func(provider=\"fake\", model_name=\"test-model\", dimensions=384)\n                     ^^^^^^^^^^^^^^^^^^^^^^^^^^^^^^^^^^^^^^^^^^^^^^^^^^^^^^^^^^^^^^^^^^^^^^^^^^^^\nTypeError: get_embedding_func() got an unexpected keyword argument 'model_name'\n"
      },
      "query_test": {
        "success": false,
        "response": null,
        "error": null
      },
      "notes": [
        "Initialization failed: get_embedding_func() got an unexpected keyword argument 'model_name'"
      ]
    },
    {
      "pipeline_type": "noderag",
      "pipeline_name": "NodeRAG",
      "status": "broken",
      "initialization": {
        "success": false,
        "error": "get_embedding_func() got an unexpected keyword argument 'model_name'",
        "traceback": "Traceback (most recent call last):\n  File \"/Users/tdyar/ws/rag-templates/scripts/test_all_pipelines_status.py\", line 72, in test_pipeline\n    embedding_func = get_embedding_func(provider=\"fake\", model_name=\"test-model\", dimensions=384)\n                     ^^^^^^^^^^^^^^^^^^^^^^^^^^^^^^^^^^^^^^^^^^^^^^^^^^^^^^^^^^^^^^^^^^^^^^^^^^^^\nTypeError: get_embedding_func() got an unexpected keyword argument 'model_name'\n"
      },
      "query_test": {
        "success": false,
        "response": null,
        "error": null
      },
      "notes": [
        "Initialization failed: get_embedding_func() got an unexpected keyword argument 'model_name'"
      ]
    },
    {
      "pipeline_type": "graphrag",
      "pipeline_name": "GraphRAG",
      "status": "broken",
      "initialization": {
        "success": false,
        "error": "get_embedding_func() got an unexpected keyword argument 'model_name'",
        "traceback": "Traceback (most recent call last):\n  File \"/Users/tdyar/ws/rag-templates/scripts/test_all_pipelines_status.py\", line 72, in test_pipeline\n    embedding_func = get_embedding_func(provider=\"fake\", model_name=\"test-model\", dimensions=384)\n                     ^^^^^^^^^^^^^^^^^^^^^^^^^^^^^^^^^^^^^^^^^^^^^^^^^^^^^^^^^^^^^^^^^^^^^^^^^^^^\nTypeError: get_embedding_func() got an unexpected keyword argument 'model_name'\n"
      },
      "query_test": {
        "success": false,
        "response": null,
        "error": null
      },
      "notes": [
        "Initialization failed: get_embedding_func() got an unexpected keyword argument 'model_name'"
      ]
    },
    {
      "pipeline_type": "hybrid_ifind",
      "pipeline_name": "HybridIFindRAG",
      "status": "broken",
      "initialization": {
        "success": false,
        "error": "get_embedding_func() got an unexpected keyword argument 'model_name'",
        "traceback": "Traceback (most recent call last):\n  File \"/Users/tdyar/ws/rag-templates/scripts/test_all_pipelines_status.py\", line 72, in test_pipeline\n    embedding_func = get_embedding_func(provider=\"fake\", model_name=\"test-model\", dimensions=384)\n                     ^^^^^^^^^^^^^^^^^^^^^^^^^^^^^^^^^^^^^^^^^^^^^^^^^^^^^^^^^^^^^^^^^^^^^^^^^^^^\nTypeError: get_embedding_func() got an unexpected keyword argument 'model_name'\n"
      },
      "query_test": {
        "success": false,
        "response": null,
        "error": null
      },
      "notes": [
        "Initialization failed: get_embedding_func() got an unexpected keyword argument 'model_name'"
      ]
    }
  ],
  "summary": {
    "test_timestamp": "2025-06-19T12:39:36.709712",
    "total_pipelines": 7,
    "status_counts": {
      "broken": 7
    },
    "working_pipelines": [],
    "broken_pipelines": [
      "BasicRAG",
      "HyDERAG",
      "CRAG",
      "ColBERTRAG",
      "NodeRAG",
      "GraphRAG",
      "HybridIFindRAG"
    ],
    "partial_pipelines": [],
    "details_by_pipeline": {
      "BasicRAG": {
        "status": "broken",
        "notes": [
          "Initialization failed: get_embedding_func() got an unexpected keyword argument 'model_name'"
        ],
        "initialization_error": "get_embedding_func() got an unexpected keyword argument 'model_name'",
        "query_error": null
      },
      "HyDERAG": {
        "status": "broken",
        "notes": [
          "Initialization failed: get_embedding_func() got an unexpected keyword argument 'model_name'"
        ],
        "initialization_error": "get_embedding_func() got an unexpected keyword argument 'model_name'",
        "query_error": null
      },
      "CRAG": {
        "status": "broken",
        "notes": [
          "Initialization failed: get_embedding_func() got an unexpected keyword argument 'model_name'"
        ],
        "initialization_error": "get_embedding_func() got an unexpected keyword argument 'model_name'",
        "query_error": null
      },
      "ColBERTRAG": {
        "status": "broken",
        "notes": [
          "Initialization failed: get_embedding_func() got an unexpected keyword argument 'model_name'"
        ],
        "initialization_error": "get_embedding_func() got an unexpected keyword argument 'model_name'",
        "query_error": null
      },
      "NodeRAG": {
        "status": "broken",
        "notes": [
          "Initialization failed: get_embedding_func() got an unexpected keyword argument 'model_name'"
        ],
        "initialization_error": "get_embedding_func() got an unexpected keyword argument 'model_name'",
        "query_error": null
      },
      "GraphRAG": {
        "status": "broken",
        "notes": [
          "Initialization failed: get_embedding_func() got an unexpected keyword argument 'model_name'"
        ],
        "initialization_error": "get_embedding_func() got an unexpected keyword argument 'model_name'",
        "query_error": null
      },
      "HybridIFindRAG": {
        "status": "broken",
        "notes": [
          "Initialization failed: get_embedding_func() got an unexpected keyword argument 'model_name'"
        ],
        "initialization_error": "get_embedding_func() got an unexpected keyword argument 'model_name'",
        "query_error": null
      }
    }
  }
}