{"/Users/tdyar/ws/rag-templates/nodejs/src/db_vector_search.js": {"path":"/Users/tdyar/ws/rag-templates/nodejs/src/db_vector_search.js","statementMap":{"0":{"start":{"line":4,"column":23},"end":{"line":4,"column":52}},"1":{"start":{"line":8,"column":4},"end":{"line":10,"column":5}},"2":{"start":{"line":9,"column":6},"end":{"line":9,"column":56}},"3":{"start":{"line":11,"column":4},"end":{"line":11,"column":47}},"4":{"start":{"line":23,"column":4},"end":{"line":25,"column":5}},"5":{"start":{"line":24,"column":6},"end":{"line":24,"column":50}},"6":{"start":{"line":26,"column":4},"end":{"line":28,"column":5}},"7":{"start":{"line":27,"column":6},"end":{"line":27,"column":55}},"8":{"start":{"line":29,"column":4},"end":{"line":31,"column":5}},"9":{"start":{"line":30,"column":6},"end":{"line":30,"column":54}},"10":{"start":{"line":32,"column":4},"end":{"line":34,"column":5}},"11":{"start":{"line":32,"column":34},"end":{"line":32,"column":57}},"12":{"start":{"line":33,"column":6},"end":{"line":33,"column":64}},"13":{"start":{"line":37,"column":4},"end":{"line":39,"column":5}},"14":{"start":{"line":38,"column":6},"end":{"line":38,"column":57}},"15":{"start":{"line":41,"column":25},"end":{"line":41,"column":72}},"16":{"start":{"line":43,"column":16},"end":{"line":52,"column":6}},"17":{"start":{"line":54,"column":4},"end":{"line":73,"column":5}},"18":{"start":{"line":55,"column":22},"end":{"line":55,"column":68}},"19":{"start":{"line":58,"column":6},"end":{"line":70,"column":9}},"20":{"start":{"line":59,"column":8},"end":{"line":61,"column":9}},"21":{"start":{"line":60,"column":10},"end":{"line":60,"column":57}},"22":{"start":{"line":62,"column":8},"end":{"line":69,"column":10}},"23":{"start":{"line":72,"column":6},"end":{"line":72,"column":64}},"24":{"start":{"line":89,"column":4},"end":{"line":91,"column":5}},"25":{"start":{"line":90,"column":6},"end":{"line":90,"column":49}},"26":{"start":{"line":92,"column":4},"end":{"line":94,"column":5}},"27":{"start":{"line":93,"column":6},"end":{"line":93,"column":43}},"28":{"start":{"line":95,"column":4},"end":{"line":97,"column":5}},"29":{"start":{"line":96,"column":6},"end":{"line":96,"column":50}},"30":{"start":{"line":98,"column":4},"end":{"line":100,"column":5}},"31":{"start":{"line":99,"column":6},"end":{"line":99,"column":49}},"32":{"start":{"line":101,"column":4},"end":{"line":103,"column":5}},"33":{"start":{"line":102,"column":6},"end":{"line":102,"column":49}},"34":{"start":{"line":104,"column":4},"end":{"line":106,"column":5}},"35":{"start":{"line":105,"column":6},"end":{"line":105,"column":49}},"36":{"start":{"line":107,"column":4},"end":{"line":109,"column":5}},"37":{"start":{"line":108,"column":6},"end":{"line":108,"column":47}},"38":{"start":{"line":112,"column":4},"end":{"line":114,"column":5}},"39":{"start":{"line":113,"column":6},"end":{"line":113,"column":52}},"40":{"start":{"line":115,"column":4},"end":{"line":117,"column":5}},"41":{"start":{"line":116,"column":6},"end":{"line":116,"column":51}},"42":{"start":{"line":118,"column":4},"end":{"line":120,"column":5}},"43":{"start":{"line":118,"column":32},"end":{"line":118,"column":55}},"44":{"start":{"line":119,"column":6},"end":{"line":119,"column":61}},"45":{"start":{"line":122,"column":25},"end":{"line":122,"column":70}},"46":{"start":{"line":124,"column":16},"end":{"line":128,"column":5}},"47":{"start":{"line":130,"column":4},"end":{"line":136,"column":5}},"48":{"start":{"line":131,"column":6},"end":{"line":133,"column":9}},"49":{"start":{"line":135,"column":6},"end":{"line":135,"column":69}},"50":{"start":{"line":148,"column":4},"end":{"line":150,"column":5}},"51":{"start":{"line":149,"column":6},"end":{"line":149,"column":49}},"52":{"start":{"line":151,"column":4},"end":{"line":153,"column":5}},"53":{"start":{"line":152,"column":6},"end":{"line":152,"column":50}},"54":{"start":{"line":154,"column":4},"end":{"line":156,"column":5}},"55":{"start":{"line":155,"column":6},"end":{"line":155,"column":47}},"56":{"start":{"line":158,"column":25},"end":{"line":158,"column":70}},"57":{"start":{"line":160,"column":16},"end":{"line":164,"column":5}},"58":{"start":{"line":166,"column":4},"end":{"line":170,"column":5}},"59":{"start":{"line":167,"column":6},"end":{"line":167,"column":89}},"60":{"start":{"line":169,"column":6},"end":{"line":169,"column":66}},"61":{"start":{"line":180,"column":4},"end":{"line":182,"column":5}},"62":{"start":{"line":181,"column":6},"end":{"line":181,"column":49}},"63":{"start":{"line":184,"column":16},"end":{"line":184,"column":62}},"64":{"start":{"line":186,"column":4},"end":{"line":190,"column":5}},"65":{"start":{"line":187,"column":6},"end":{"line":187,"column":62}},"66":{"start":{"line":189,"column":6},"end":{"line":189,"column":68}},"67":{"start":{"line":198,"column":16},"end":{"line":205,"column":5}},"68":{"start":{"line":207,"column":4},"end":{"line":217,"column":5}},"69":{"start":{"line":208,"column":21},"end":{"line":208,"column":67}},"70":{"start":{"line":209,"column":6},"end":{"line":214,"column":8}},"71":{"start":{"line":216,"column":6},"end":{"line":216,"column":72}},"72":{"start":{"line":228,"column":4},"end":{"line":230,"column":5}},"73":{"start":{"line":229,"column":6},"end":{"line":229,"column":49}},"74":{"start":{"line":232,"column":16},"end":{"line":238,"column":5}},"75":{"start":{"line":240,"column":4},"end":{"line":252,"column":5}},"76":{"start":{"line":241,"column":22},"end":{"line":241,"column":89}},"77":{"start":{"line":242,"column":6},"end":{"line":249,"column":10}},"78":{"start":{"line":242,"column":33},"end":{"line":249,"column":7}},"79":{"start":{"line":251,"column":6},"end":{"line":251,"column":77}},"80":{"start":{"line":262,"column":4},"end":{"line":264,"column":5}},"81":{"start":{"line":263,"column":6},"end":{"line":263,"column":49}},"82":{"start":{"line":266,"column":16},"end":{"line":266,"column":71}},"83":{"start":{"line":268,"column":4},"end":{"line":273,"column":5}},"84":{"start":{"line":269,"column":21},"end":{"line":269,"column":76}},"85":{"start":{"line":270,"column":6},"end":{"line":270,"column":40}},"86":{"start":{"line":272,"column":6},"end":{"line":272,"column":78}},"87":{"start":{"line":282,"column":4},"end":{"line":284,"column":5}},"88":{"start":{"line":283,"column":6},"end":{"line":283,"column":75}},"89":{"start":{"line":286,"column":16},"end":{"line":290,"column":5}},"90":{"start":{"line":292,"column":4},"end":{"line":308,"column":5}},"91":{"start":{"line":293,"column":6},"end":{"line":305,"column":7}},"92":{"start":{"line":295,"column":8},"end":{"line":298,"column":9}},"93":{"start":{"line":297,"column":10},"end":{"line":297,"column":56}},"94":{"start":{"line":300,"column":29},"end":{"line":300,"column":78}},"95":{"start":{"line":301,"column":8},"end":{"line":304,"column":11}},"96":{"start":{"line":307,"column":6},"end":{"line":307,"column":75}},"97":{"start":{"line":312,"column":0},"end":{"line":312,"column":40}}},"fnMap":{"0":{"name":"(anonymous_0)","decl":{"start":{"line":7,"column":2},"end":{"line":7,"column":3}},"loc":{"start":{"line":7,"column":33},"end":{"line":12,"column":3}},"line":7},"1":{"name":"(anonymous_1)","decl":{"start":{"line":21,"column":2},"end":{"line":21,"column":3}},"loc":{"start":{"line":21,"column":78},"end":{"line":74,"column":3}},"line":21},"2":{"name":"(anonymous_2)","decl":{"start":{"line":32,"column":27},"end":{"line":32,"column":28}},"loc":{"start":{"line":32,"column":34},"end":{"line":32,"column":57}},"line":32},"3":{"name":"(anonymous_3)","decl":{"start":{"line":58,"column":25},"end":{"line":58,"column":26}},"loc":{"start":{"line":58,"column":32},"end":{"line":70,"column":7}},"line":58},"4":{"name":"(anonymous_4)","decl":{"start":{"line":87,"column":2},"end":{"line":87,"column":3}},"loc":{"start":{"line":87,"column":97},"end":{"line":137,"column":3}},"line":87},"5":{"name":"(anonymous_5)","decl":{"start":{"line":118,"column":25},"end":{"line":118,"column":26}},"loc":{"start":{"line":118,"column":32},"end":{"line":118,"column":55}},"line":118},"6":{"name":"(anonymous_6)","decl":{"start":{"line":146,"column":2},"end":{"line":146,"column":3}},"loc":{"start":{"line":146,"column":54},"end":{"line":171,"column":3}},"line":146},"7":{"name":"(anonymous_7)","decl":{"start":{"line":178,"column":2},"end":{"line":178,"column":3}},"loc":{"start":{"line":178,"column":30},"end":{"line":191,"column":3}},"line":178},"8":{"name":"(anonymous_8)","decl":{"start":{"line":197,"column":2},"end":{"line":197,"column":3}},"loc":{"start":{"line":197,"column":27},"end":{"line":218,"column":3}},"line":197},"9":{"name":"(anonymous_9)","decl":{"start":{"line":226,"column":2},"end":{"line":226,"column":3}},"loc":{"start":{"line":226,"column":54},"end":{"line":253,"column":3}},"line":226},"10":{"name":"(anonymous_10)","decl":{"start":{"line":242,"column":25},"end":{"line":242,"column":26}},"loc":{"start":{"line":242,"column":33},"end":{"line":249,"column":7}},"line":242},"11":{"name":"(anonymous_11)","decl":{"start":{"line":260,"column":2},"end":{"line":260,"column":3}},"loc":{"start":{"line":260,"column":30},"end":{"line":274,"column":3}},"line":260},"12":{"name":"(anonymous_12)","decl":{"start":{"line":281,"column":2},"end":{"line":281,"column":3}},"loc":{"start":{"line":281,"column":40},"end":{"line":309,"column":3}},"line":281}},"branchMap":{"0":{"loc":{"start":{"line":8,"column":4},"end":{"line":10,"column":5}},"type":"if","locations":[{"start":{"line":8,"column":4},"end":{"line":10,"column":5}},{"start":{},"end":{}}],"line":8},"1":{"loc":{"start":{"line":21,"column":43},"end":{"line":21,"column":52}},"type":"default-arg","locations":[{"start":{"line":21,"column":50},"end":{"line":21,"column":52}}],"line":21},"2":{"loc":{"start":{"line":21,"column":54},"end":{"line":21,"column":76}},"type":"default-arg","locations":[{"start":{"line":21,"column":72},"end":{"line":21,"column":76}}],"line":21},"3":{"loc":{"start":{"line":23,"column":4},"end":{"line":25,"column":5}},"type":"if","locations":[{"start":{"line":23,"column":4},"end":{"line":25,"column":5}},{"start":{},"end":{}}],"line":23},"4":{"loc":{"start":{"line":26,"column":4},"end":{"line":28,"column":5}},"type":"if","locations":[{"start":{"line":26,"column":4},"end":{"line":28,"column":5}},{"start":{},"end":{}}],"line":26},"5":{"loc":{"start":{"line":29,"column":4},"end":{"line":31,"column":5}},"type":"if","locations":[{"start":{"line":29,"column":4},"end":{"line":31,"column":5}},{"start":{},"end":{}}],"line":29},"6":{"loc":{"start":{"line":32,"column":4},"end":{"line":34,"column":5}},"type":"if","locations":[{"start":{"line":32,"column":4},"end":{"line":34,"column":5}},{"start":{},"end":{}}],"line":32},"7":{"loc":{"start":{"line":37,"column":4},"end":{"line":39,"column":5}},"type":"if","locations":[{"start":{"line":37,"column":4},"end":{"line":39,"column":5}},{"start":{},"end":{}}],"line":37},"8":{"loc":{"start":{"line":37,"column":8},"end":{"line":37,"column":44}},"type":"binary-expr","locations":[{"start":{"line":37,"column":8},"end":{"line":37,"column":31}},{"start":{"line":37,"column":35},"end":{"line":37,"column":44}}],"line":37},"9":{"loc":{"start":{"line":59,"column":8},"end":{"line":61,"column":9}},"type":"if","locations":[{"start":{"line":59,"column":8},"end":{"line":61,"column":9}},{"start":{},"end":{}}],"line":59},"10":{"loc":{"start":{"line":59,"column":12},"end":{"line":59,"column":34}},"type":"binary-expr","locations":[{"start":{"line":59,"column":12},"end":{"line":59,"column":16}},{"start":{"line":59,"column":20},"end":{"line":59,"column":34}}],"line":59},"11":{"loc":{"start":{"line":89,"column":4},"end":{"line":91,"column":5}},"type":"if","locations":[{"start":{"line":89,"column":4},"end":{"line":91,"column":5}},{"start":{},"end":{}}],"line":89},"12":{"loc":{"start":{"line":92,"column":4},"end":{"line":94,"column":5}},"type":"if","locations":[{"start":{"line":92,"column":4},"end":{"line":94,"column":5}},{"start":{},"end":{}}],"line":92},"13":{"loc":{"start":{"line":95,"column":4},"end":{"line":97,"column":5}},"type":"if","locations":[{"start":{"line":95,"column":4},"end":{"line":97,"column":5}},{"start":{},"end":{}}],"line":95},"14":{"loc":{"start":{"line":98,"column":4},"end":{"line":100,"column":5}},"type":"if","locations":[{"start":{"line":98,"column":4},"end":{"line":100,"column":5}},{"start":{},"end":{}}],"line":98},"15":{"loc":{"start":{"line":101,"column":4},"end":{"line":103,"column":5}},"type":"if","locations":[{"start":{"line":101,"column":4},"end":{"line":103,"column":5}},{"start":{},"end":{}}],"line":101},"16":{"loc":{"start":{"line":101,"column":8},"end":{"line":101,"column":55}},"type":"binary-expr","locations":[{"start":{"line":101,"column":8},"end":{"line":101,"column":32}},{"start":{"line":101,"column":36},"end":{"line":101,"column":55}}],"line":101},"17":{"loc":{"start":{"line":104,"column":4},"end":{"line":106,"column":5}},"type":"if","locations":[{"start":{"line":104,"column":4},"end":{"line":106,"column":5}},{"start":{},"end":{}}],"line":104},"18":{"loc":{"start":{"line":104,"column":8},"end":{"line":104,"column":55}},"type":"binary-expr","locations":[{"start":{"line":104,"column":8},"end":{"line":104,"column":32}},{"start":{"line":104,"column":36},"end":{"line":104,"column":55}}],"line":104},"19":{"loc":{"start":{"line":107,"column":4},"end":{"line":109,"column":5}},"type":"if","locations":[{"start":{"line":107,"column":4},"end":{"line":109,"column":5}},{"start":{},"end":{}}],"line":107},"20":{"loc":{"start":{"line":112,"column":4},"end":{"line":114,"column":5}},"type":"if","locations":[{"start":{"line":112,"column":4},"end":{"line":114,"column":5}},{"start":{},"end":{}}],"line":112},"21":{"loc":{"start":{"line":115,"column":4},"end":{"line":117,"column":5}},"type":"if","locations":[{"start":{"line":115,"column":4},"end":{"line":117,"column":5}},{"start":{},"end":{}}],"line":115},"22":{"loc":{"start":{"line":118,"column":4},"end":{"line":120,"column":5}},"type":"if","locations":[{"start":{"line":118,"column":4},"end":{"line":120,"column":5}},{"start":{},"end":{}}],"line":118},"23":{"loc":{"start":{"line":148,"column":4},"end":{"line":150,"column":5}},"type":"if","locations":[{"start":{"line":148,"column":4},"end":{"line":150,"column":5}},{"start":{},"end":{}}],"line":148},"24":{"loc":{"start":{"line":151,"column":4},"end":{"line":153,"column":5}},"type":"if","locations":[{"start":{"line":151,"column":4},"end":{"line":153,"column":5}},{"start":{},"end":{}}],"line":151},"25":{"loc":{"start":{"line":154,"column":4},"end":{"line":156,"column":5}},"type":"if","locations":[{"start":{"line":154,"column":4},"end":{"line":156,"column":5}},{"start":{},"end":{}}],"line":154},"26":{"loc":{"start":{"line":180,"column":4},"end":{"line":182,"column":5}},"type":"if","locations":[{"start":{"line":180,"column":4},"end":{"line":182,"column":5}},{"start":{},"end":{}}],"line":180},"27":{"loc":{"start":{"line":226,"column":41},"end":{"line":226,"column":52}},"type":"default-arg","locations":[{"start":{"line":226,"column":49},"end":{"line":226,"column":52}}],"line":226},"28":{"loc":{"start":{"line":228,"column":4},"end":{"line":230,"column":5}},"type":"if","locations":[{"start":{"line":228,"column":4},"end":{"line":230,"column":5}},{"start":{},"end":{}}],"line":228},"29":{"loc":{"start":{"line":262,"column":4},"end":{"line":264,"column":5}},"type":"if","locations":[{"start":{"line":262,"column":4},"end":{"line":264,"column":5}},{"start":{},"end":{}}],"line":262},"30":{"loc":{"start":{"line":282,"column":4},"end":{"line":284,"column":5}},"type":"if","locations":[{"start":{"line":282,"column":4},"end":{"line":284,"column":5}},{"start":{},"end":{}}],"line":282},"31":{"loc":{"start":{"line":282,"column":8},"end":{"line":282,"column":59}},"type":"binary-expr","locations":[{"start":{"line":282,"column":8},"end":{"line":282,"column":33}},{"start":{"line":282,"column":37},"end":{"line":282,"column":59}}],"line":282},"32":{"loc":{"start":{"line":295,"column":8},"end":{"line":298,"column":9}},"type":"if","locations":[{"start":{"line":295,"column":8},"end":{"line":298,"column":9}},{"start":{},"end":{}}],"line":295},"33":{"loc":{"start":{"line":295,"column":12},"end":{"line":296,"column":90}},"type":"binary-expr","locations":[{"start":{"line":295,"column":12},"end":{"line":295,"column":22}},{"start":{"line":295,"column":26},"end":{"line":295,"column":36}},{"start":{"line":295,"column":40},"end":{"line":295,"column":56}},{"start":{"line":295,"column":60},"end":{"line":295,"column":75}},{"start":{"line":296,"column":12},"end":{"line":296,"column":40}},{"start":{"line":296,"column":44},"end":{"line":296,"column":72}},{"start":{"line":296,"column":76},"end":{"line":296,"column":90}}],"line":295}},"s":{"0":4,"1":96,"2":1,"3":95,"4":22,"5":1,"6":21,"7":0,"8":21,"9":1,"10":20,"11":3494,"12":1,"13":19,"14":3,"15":16,"16":16,"17":16,"18":16,"19":6,"20":7,"21":1,"22":6,"23":11,"24":16,"25":1,"26":15,"27":1,"28":14,"29":1,"30":13,"31":1,"32":12,"33":1,"34":11,"35":1,"36":10,"37":1,"38":9,"39":0,"40":9,"41":1,"42":8,"43":3460,"44":1,"45":7,"46":7,"47":7,"48":7,"49":3,"50":6,"51":1,"52":5,"53":1,"54":4,"55":1,"56":3,"57":3,"58":3,"59":3,"60":2,"61":5,"62":2,"63":3,"64":3,"65":3,"66":2,"67":5,"68":5,"69":5,"70":2,"71":3,"72":6,"73":2,"74":4,"75":4,"76":4,"77":2,"78":4,"79":2,"80":6,"81":2,"82":4,"83":4,"84":4,"85":2,"86":2,"87":10,"88":4,"89":6,"90":6,"91":6,"92":7,"93":1,"94":6,"95":6,"96":5,"97":4},"f":{"0":96,"1":22,"2":3494,"3":7,"4":16,"5":3460,"6":6,"7":5,"8":5,"9":6,"10":4,"11":6,"12":10},"b":{"0":[1,95],"1":[8],"2":[20],"3":[1,21],"4":[0,21],"5":[1,20],"6":[1,19],"7":[3,16],"8":[19,18],"9":[1,6],"10":[7,7],"11":[1,15],"12":[1,14],"13":[1,13],"14":[1,12],"15":[1,11],"16":[12,11],"17":[1,10],"18":[11,10],"19":[1,9],"20":[0,9],"21":[1,8],"22":[1,7],"23":[1,5],"24":[1,4],"25":[1,3],"26":[2,3],"27":[4],"28":[2,4],"29":[2,4],"30":[4,6],"31":[10,8],"32":[1,6],"33":[7,7,6,6,6,6,6]},"_coverageSchema":"1a1c01bbd47fc00a2c39e90264f33305004495a9","hash":"caaba57b94fbd6849ad8609a2cc7ba12d14b8fc0"}
,"/Users/tdyar/ws/rag-templates/nodejs/src/ddl_generator.js": {"path":"/Users/tdyar/ws/rag-templates/nodejs/src/ddl_generator.js","statementMap":{"0":{"start":{"line":23,"column":4},"end":{"line":23,"column":41}},"1":{"start":{"line":24,"column":4},"end":{"line":24,"column":38}},"2":{"start":{"line":26,"column":4},"end":{"line":28,"column":5}},"3":{"start":{"line":27,"column":6},"end":{"line":27,"column":115}},"4":{"start":{"line":37,"column":4},"end":{"line":39,"column":5}},"5":{"start":{"line":38,"column":6},"end":{"line":38,"column":57}},"6":{"start":{"line":42,"column":24},"end":{"line":42,"column":59}},"7":{"start":{"line":45,"column":4},"end":{"line":45,"column":43}},"8":{"start":{"line":47,"column":61},"end":{"line":47,"column":72}},"9":{"start":{"line":50,"column":23},"end":{"line":50,"column":90}},"10":{"start":{"line":50,"column":42},"end":{"line":50,"column":75}},"11":{"start":{"line":53,"column":26},"end":{"line":55,"column":10}},"12":{"start":{"line":58,"column":25},"end":{"line":58,"column":58}},"13":{"start":{"line":60,"column":16},"end":{"line":62,"column":17}},"14":{"start":{"line":64,"column":4},"end":{"line":64,"column":15}},"15":{"start":{"line":74,"column":4},"end":{"line":76,"column":5}},"16":{"start":{"line":75,"column":6},"end":{"line":75,"column":48}},"17":{"start":{"line":77,"column":4},"end":{"line":79,"column":5}},"18":{"start":{"line":78,"column":6},"end":{"line":78,"column":57}},"19":{"start":{"line":81,"column":4},"end":{"line":81,"column":43}},"20":{"start":{"line":83,"column":62},"end":{"line":83,"column":73}},"21":{"start":{"line":85,"column":22},"end":{"line":85,"column":69}},"22":{"start":{"line":86,"column":26},"end":{"line":86,"column":49}},"23":{"start":{"line":89,"column":21},"end":{"line":89,"column":23}},"24":{"start":{"line":90,"column":4},"end":{"line":94,"column":5}},"25":{"start":{"line":91,"column":6},"end":{"line":91,"column":40}},"26":{"start":{"line":92,"column":11},"end":{"line":94,"column":5}},"27":{"start":{"line":93,"column":6},"end":{"line":93,"column":36}},"28":{"start":{"line":96,"column":23},"end":{"line":104,"column":17}},"29":{"start":{"line":97,"column":6},"end":{"line":102,"column":7}},"30":{"start":{"line":98,"column":8},"end":{"line":98,"column":45}},"31":{"start":{"line":99,"column":13},"end":{"line":102,"column":7}},"32":{"start":{"line":100,"column":26},"end":{"line":100,"column":80}},"33":{"start":{"line":101,"column":8},"end":{"line":101,"column":67}},"34":{"start":{"line":103,"column":6},"end":{"line":103,"column":63}},"35":{"start":{"line":106,"column":4},"end":{"line":106,"column":152}},"36":{"start":{"line":115,"column":26},"end":{"line":136,"column":5}},"37":{"start":{"line":139,"column":4},"end":{"line":146,"column":6}},"38":{"start":{"line":155,"column":4},"end":{"line":157,"column":5}},"39":{"start":{"line":156,"column":6},"end":{"line":156,"column":63}},"40":{"start":{"line":159,"column":4},"end":{"line":161,"column":5}},"41":{"start":{"line":160,"column":6},"end":{"line":160,"column":64}},"42":{"start":{"line":163,"column":4},"end":{"line":165,"column":5}},"43":{"start":{"line":164,"column":6},"end":{"line":164,"column":59}},"44":{"start":{"line":168,"column":4},"end":{"line":178,"column":7}},"45":{"start":{"line":169,"column":6},"end":{"line":171,"column":7}},"46":{"start":{"line":170,"column":8},"end":{"line":170,"column":66}},"47":{"start":{"line":172,"column":6},"end":{"line":174,"column":7}},"48":{"start":{"line":173,"column":8},"end":{"line":173,"column":81}},"49":{"start":{"line":175,"column":6},"end":{"line":177,"column":7}},"50":{"start":{"line":176,"column":8},"end":{"line":176,"column":71}},"51":{"start":{"line":181,"column":4},"end":{"line":187,"column":5}},"52":{"start":{"line":182,"column":6},"end":{"line":186,"column":9}},"53":{"start":{"line":183,"column":8},"end":{"line":185,"column":9}},"54":{"start":{"line":183,"column":40},"end":{"line":183,"column":59}},"55":{"start":{"line":184,"column":10},"end":{"line":184,"column":87}},"56":{"start":{"line":196,"column":4},"end":{"line":198,"column":5}},"57":{"start":{"line":197,"column":6},"end":{"line":197,"column":61}},"58":{"start":{"line":200,"column":4},"end":{"line":202,"column":5}},"59":{"start":{"line":201,"column":6},"end":{"line":201,"column":64}},"60":{"start":{"line":211,"column":67},"end":{"line":211,"column":73}},"61":{"start":{"line":213,"column":21},"end":{"line":213,"column":64}},"62":{"start":{"line":215,"column":4},"end":{"line":217,"column":5}},"63":{"start":{"line":216,"column":6},"end":{"line":216,"column":32}},"64":{"start":{"line":219,"column":4},"end":{"line":221,"column":5}},"65":{"start":{"line":220,"column":6},"end":{"line":220,"column":47}},"66":{"start":{"line":223,"column":4},"end":{"line":223,"column":22}},"67":{"start":{"line":232,"column":4},"end":{"line":234,"column":5}},"68":{"start":{"line":233,"column":6},"end":{"line":233,"column":16}},"69":{"start":{"line":236,"column":24},"end":{"line":238,"column":6}},"70":{"start":{"line":237,"column":6},"end":{"line":237,"column":45}},"71":{"start":{"line":240,"column":4},"end":{"line":240,"column":39}},"72":{"start":{"line":249,"column":4},"end":{"line":251,"column":5}},"73":{"start":{"line":250,"column":6},"end":{"line":250,"column":59}},"74":{"start":{"line":252,"column":4},"end":{"line":252,"column":22}},"75":{"start":{"line":261,"column":4},"end":{"line":263,"column":5}},"76":{"start":{"line":262,"column":6},"end":{"line":262,"column":19}},"77":{"start":{"line":265,"column":4},"end":{"line":265,"column":55}},"78":{"start":{"line":269,"column":0},"end":{"line":269,"column":30}}},"fnMap":{"0":{"name":"(anonymous_0)","decl":{"start":{"line":22,"column":2},"end":{"line":22,"column":3}},"loc":{"start":{"line":22,"column":32},"end":{"line":29,"column":3}},"line":22},"1":{"name":"(anonymous_1)","decl":{"start":{"line":36,"column":2},"end":{"line":36,"column":3}},"loc":{"start":{"line":36,"column":33},"end":{"line":65,"column":3}},"line":36},"2":{"name":"(anonymous_2)","decl":{"start":{"line":50,"column":35},"end":{"line":50,"column":36}},"loc":{"start":{"line":50,"column":42},"end":{"line":50,"column":75}},"line":50},"3":{"name":"(anonymous_3)","decl":{"start":{"line":73,"column":2},"end":{"line":73,"column":3}},"loc":{"start":{"line":73,"column":49},"end":{"line":107,"column":3}},"line":73},"4":{"name":"(anonymous_4)","decl":{"start":{"line":96,"column":35},"end":{"line":96,"column":36}},"loc":{"start":{"line":96,"column":42},"end":{"line":104,"column":5}},"line":96},"5":{"name":"(anonymous_5)","decl":{"start":{"line":114,"column":2},"end":{"line":114,"column":3}},"loc":{"start":{"line":114,"column":33},"end":{"line":147,"column":3}},"line":114},"6":{"name":"(anonymous_6)","decl":{"start":{"line":154,"column":2},"end":{"line":154,"column":3}},"loc":{"start":{"line":154,"column":31},"end":{"line":188,"column":3}},"line":154},"7":{"name":"(anonymous_7)","decl":{"start":{"line":168,"column":27},"end":{"line":168,"column":28}},"loc":{"start":{"line":168,"column":43},"end":{"line":178,"column":5}},"line":168},"8":{"name":"(anonymous_8)","decl":{"start":{"line":182,"column":32},"end":{"line":182,"column":33}},"loc":{"start":{"line":182,"column":42},"end":{"line":186,"column":7}},"line":182},"9":{"name":"(anonymous_9)","decl":{"start":{"line":183,"column":33},"end":{"line":183,"column":34}},"loc":{"start":{"line":183,"column":40},"end":{"line":183,"column":59}},"line":183},"10":{"name":"(anonymous_10)","decl":{"start":{"line":195,"column":2},"end":{"line":195,"column":3}},"loc":{"start":{"line":195,"column":36},"end":{"line":203,"column":3}},"line":195},"11":{"name":"(anonymous_11)","decl":{"start":{"line":210,"column":2},"end":{"line":210,"column":3}},"loc":{"start":{"line":210,"column":34},"end":{"line":224,"column":3}},"line":210},"12":{"name":"(anonymous_12)","decl":{"start":{"line":231,"column":2},"end":{"line":231,"column":3}},"loc":{"start":{"line":231,"column":31},"end":{"line":241,"column":3}},"line":231},"13":{"name":"(anonymous_13)","decl":{"start":{"line":236,"column":52},"end":{"line":236,"column":53}},"loc":{"start":{"line":236,"column":70},"end":{"line":238,"column":5}},"line":236},"14":{"name":"(anonymous_14)","decl":{"start":{"line":248,"column":2},"end":{"line":248,"column":3}},"loc":{"start":{"line":248,"column":34},"end":{"line":253,"column":3}},"line":248},"15":{"name":"(anonymous_15)","decl":{"start":{"line":260,"column":2},"end":{"line":260,"column":3}},"loc":{"start":{"line":260,"column":33},"end":{"line":266,"column":3}},"line":260}},"branchMap":{"0":{"loc":{"start":{"line":22,"column":14},"end":{"line":22,"column":30}},"type":"default-arg","locations":[{"start":{"line":22,"column":24},"end":{"line":22,"column":30}}],"line":22},"1":{"loc":{"start":{"line":26,"column":4},"end":{"line":28,"column":5}},"type":"if","locations":[{"start":{"line":26,"column":4},"end":{"line":28,"column":5}},{"start":{},"end":{}}],"line":26},"2":{"loc":{"start":{"line":37,"column":4},"end":{"line":39,"column":5}},"type":"if","locations":[{"start":{"line":37,"column":4},"end":{"line":39,"column":5}},{"start":{},"end":{}}],"line":37},"3":{"loc":{"start":{"line":47,"column":44},"end":{"line":47,"column":56}},"type":"default-arg","locations":[{"start":{"line":47,"column":54},"end":{"line":47,"column":56}}],"line":47},"4":{"loc":{"start":{"line":53,"column":26},"end":{"line":55,"column":10}},"type":"cond-expr","locations":[{"start":{"line":54,"column":8},"end":{"line":54,"column":53}},{"start":{"line":55,"column":8},"end":{"line":55,"column":10}}],"line":53},"5":{"loc":{"start":{"line":53,"column":26},"end":{"line":53,"column":61}},"type":"binary-expr","locations":[{"start":{"line":53,"column":26},"end":{"line":53,"column":36}},{"start":{"line":53,"column":40},"end":{"line":53,"column":61}}],"line":53},"6":{"loc":{"start":{"line":74,"column":4},"end":{"line":76,"column":5}},"type":"if","locations":[{"start":{"line":74,"column":4},"end":{"line":76,"column":5}},{"start":{},"end":{}}],"line":74},"7":{"loc":{"start":{"line":77,"column":4},"end":{"line":79,"column":5}},"type":"if","locations":[{"start":{"line":77,"column":4},"end":{"line":79,"column":5}},{"start":{},"end":{}}],"line":77},"8":{"loc":{"start":{"line":83,"column":27},"end":{"line":83,"column":41}},"type":"default-arg","locations":[{"start":{"line":83,"column":34},"end":{"line":83,"column":41}}],"line":83},"9":{"loc":{"start":{"line":83,"column":43},"end":{"line":83,"column":57}},"type":"default-arg","locations":[{"start":{"line":83,"column":52},"end":{"line":83,"column":57}}],"line":83},"10":{"loc":{"start":{"line":85,"column":22},"end":{"line":85,"column":69}},"type":"binary-expr","locations":[{"start":{"line":85,"column":22},"end":{"line":85,"column":26}},{"start":{"line":85,"column":30},"end":{"line":85,"column":69}}],"line":85},"11":{"loc":{"start":{"line":86,"column":26},"end":{"line":86,"column":49}},"type":"cond-expr","locations":[{"start":{"line":86,"column":35},"end":{"line":86,"column":44}},{"start":{"line":86,"column":47},"end":{"line":86,"column":49}}],"line":86},"12":{"loc":{"start":{"line":90,"column":4},"end":{"line":94,"column":5}},"type":"if","locations":[{"start":{"line":90,"column":4},"end":{"line":94,"column":5}},{"start":{"line":92,"column":11},"end":{"line":94,"column":5}}],"line":90},"13":{"loc":{"start":{"line":92,"column":11},"end":{"line":94,"column":5}},"type":"if","locations":[{"start":{"line":92,"column":11},"end":{"line":94,"column":5}},{"start":{},"end":{}}],"line":92},"14":{"loc":{"start":{"line":97,"column":6},"end":{"line":102,"column":7}},"type":"if","locations":[{"start":{"line":97,"column":6},"end":{"line":102,"column":7}},{"start":{"line":99,"column":13},"end":{"line":102,"column":7}}],"line":97},"15":{"loc":{"start":{"line":99,"column":13},"end":{"line":102,"column":7}},"type":"if","locations":[{"start":{"line":99,"column":13},"end":{"line":102,"column":7}},{"start":{},"end":{}}],"line":99},"16":{"loc":{"start":{"line":99,"column":17},"end":{"line":99,"column":52}},"type":"binary-expr","locations":[{"start":{"line":99,"column":17},"end":{"line":99,"column":40}},{"start":{"line":99,"column":44},"end":{"line":99,"column":52}}],"line":99},"17":{"loc":{"start":{"line":100,"column":26},"end":{"line":100,"column":80}},"type":"cond-expr","locations":[{"start":{"line":100,"column":42},"end":{"line":100,"column":75}},{"start":{"line":100,"column":78},"end":{"line":100,"column":80}}],"line":100},"18":{"loc":{"start":{"line":142,"column":15},"end":{"line":142,"column":54}},"type":"binary-expr","locations":[{"start":{"line":142,"column":15},"end":{"line":142,"column":29}},{"start":{"line":142,"column":33},"end":{"line":142,"column":54}}],"line":142},"19":{"loc":{"start":{"line":143,"column":18},"end":{"line":143,"column":63}},"type":"binary-expr","locations":[{"start":{"line":143,"column":18},"end":{"line":143,"column":35}},{"start":{"line":143,"column":39},"end":{"line":143,"column":63}}],"line":143},"20":{"loc":{"start":{"line":144,"column":15},"end":{"line":144,"column":54}},"type":"binary-expr","locations":[{"start":{"line":144,"column":15},"end":{"line":144,"column":29}},{"start":{"line":144,"column":33},"end":{"line":144,"column":54}}],"line":144},"21":{"loc":{"start":{"line":145,"column":47},"end":{"line":145,"column":67}},"type":"binary-expr","locations":[{"start":{"line":145,"column":47},"end":{"line":145,"column":61}},{"start":{"line":145,"column":65},"end":{"line":145,"column":67}}],"line":145},"22":{"loc":{"start":{"line":155,"column":4},"end":{"line":157,"column":5}},"type":"if","locations":[{"start":{"line":155,"column":4},"end":{"line":157,"column":5}},{"start":{},"end":{}}],"line":155},"23":{"loc":{"start":{"line":155,"column":8},"end":{"line":155,"column":65}},"type":"binary-expr","locations":[{"start":{"line":155,"column":8},"end":{"line":155,"column":25}},{"start":{"line":155,"column":29},"end":{"line":155,"column":65}}],"line":155},"24":{"loc":{"start":{"line":159,"column":4},"end":{"line":161,"column":5}},"type":"if","locations":[{"start":{"line":159,"column":4},"end":{"line":161,"column":5}},{"start":{},"end":{}}],"line":159},"25":{"loc":{"start":{"line":163,"column":4},"end":{"line":165,"column":5}},"type":"if","locations":[{"start":{"line":163,"column":4},"end":{"line":165,"column":5}},{"start":{},"end":{}}],"line":163},"26":{"loc":{"start":{"line":163,"column":8},"end":{"line":163,"column":69}},"type":"binary-expr","locations":[{"start":{"line":163,"column":8},"end":{"line":163,"column":38}},{"start":{"line":163,"column":42},"end":{"line":163,"column":69}}],"line":163},"27":{"loc":{"start":{"line":169,"column":6},"end":{"line":171,"column":7}},"type":"if","locations":[{"start":{"line":169,"column":6},"end":{"line":171,"column":7}},{"start":{},"end":{}}],"line":169},"28":{"loc":{"start":{"line":169,"column":10},"end":{"line":169,"column":51}},"type":"binary-expr","locations":[{"start":{"line":169,"column":10},"end":{"line":169,"column":19}},{"start":{"line":169,"column":23},"end":{"line":169,"column":51}}],"line":169},"29":{"loc":{"start":{"line":172,"column":6},"end":{"line":174,"column":7}},"type":"if","locations":[{"start":{"line":172,"column":6},"end":{"line":174,"column":7}},{"start":{},"end":{}}],"line":172},"30":{"loc":{"start":{"line":175,"column":6},"end":{"line":177,"column":7}},"type":"if","locations":[{"start":{"line":175,"column":6},"end":{"line":177,"column":7}},{"start":{},"end":{}}],"line":175},"31":{"loc":{"start":{"line":175,"column":10},"end":{"line":175,"column":51}},"type":"binary-expr","locations":[{"start":{"line":175,"column":10},"end":{"line":175,"column":19}},{"start":{"line":175,"column":23},"end":{"line":175,"column":51}}],"line":175},"32":{"loc":{"start":{"line":181,"column":4},"end":{"line":187,"column":5}},"type":"if","locations":[{"start":{"line":181,"column":4},"end":{"line":187,"column":5}},{"start":{},"end":{}}],"line":181},"33":{"loc":{"start":{"line":181,"column":8},"end":{"line":181,"column":61}},"type":"binary-expr","locations":[{"start":{"line":181,"column":8},"end":{"line":181,"column":25}},{"start":{"line":181,"column":29},"end":{"line":181,"column":61}}],"line":181},"34":{"loc":{"start":{"line":183,"column":8},"end":{"line":185,"column":9}},"type":"if","locations":[{"start":{"line":183,"column":8},"end":{"line":185,"column":9}},{"start":{},"end":{}}],"line":183},"35":{"loc":{"start":{"line":196,"column":4},"end":{"line":198,"column":5}},"type":"if","locations":[{"start":{"line":196,"column":4},"end":{"line":198,"column":5}},{"start":{},"end":{}}],"line":196},"36":{"loc":{"start":{"line":196,"column":8},"end":{"line":196,"column":79}},"type":"binary-expr","locations":[{"start":{"line":196,"column":8},"end":{"line":196,"column":43}},{"start":{"line":196,"column":47},"end":{"line":196,"column":79}}],"line":196},"37":{"loc":{"start":{"line":200,"column":4},"end":{"line":202,"column":5}},"type":"if","locations":[{"start":{"line":200,"column":4},"end":{"line":202,"column":5}},{"start":{},"end":{}}],"line":200},"38":{"loc":{"start":{"line":200,"column":8},"end":{"line":200,"column":70}},"type":"binary-expr","locations":[{"start":{"line":200,"column":8},"end":{"line":200,"column":24}},{"start":{"line":200,"column":28},"end":{"line":200,"column":70}}],"line":200},"39":{"loc":{"start":{"line":211,"column":24},"end":{"line":211,"column":39}},"type":"default-arg","locations":[{"start":{"line":211,"column":35},"end":{"line":211,"column":39}}],"line":211},"40":{"loc":{"start":{"line":215,"column":4},"end":{"line":217,"column":5}},"type":"if","locations":[{"start":{"line":215,"column":4},"end":{"line":217,"column":5}},{"start":{},"end":{}}],"line":215},"41":{"loc":{"start":{"line":219,"column":4},"end":{"line":221,"column":5}},"type":"if","locations":[{"start":{"line":219,"column":4},"end":{"line":221,"column":5}},{"start":{},"end":{}}],"line":219},"42":{"loc":{"start":{"line":232,"column":4},"end":{"line":234,"column":5}},"type":"if","locations":[{"start":{"line":232,"column":4},"end":{"line":234,"column":5}},{"start":{},"end":{}}],"line":232},"43":{"loc":{"start":{"line":232,"column":8},"end":{"line":232,"column":53}},"type":"binary-expr","locations":[{"start":{"line":232,"column":8},"end":{"line":232,"column":16}},{"start":{"line":232,"column":20},"end":{"line":232,"column":53}}],"line":232},"44":{"loc":{"start":{"line":249,"column":4},"end":{"line":251,"column":5}},"type":"if","locations":[{"start":{"line":249,"column":4},"end":{"line":251,"column":5}},{"start":{},"end":{}}],"line":249},"45":{"loc":{"start":{"line":261,"column":4},"end":{"line":263,"column":5}},"type":"if","locations":[{"start":{"line":261,"column":4},"end":{"line":263,"column":5}},{"start":{},"end":{}}],"line":261},"46":{"loc":{"start":{"line":261,"column":8},"end":{"line":261,"column":53}},"type":"binary-expr","locations":[{"start":{"line":261,"column":8},"end":{"line":261,"column":19}},{"start":{"line":261,"column":23},"end":{"line":261,"column":53}}],"line":261}},"s":{"0":54,"1":54,"2":54,"3":0,"4":0,"5":0,"6":0,"7":0,"8":0,"9":0,"10":0,"11":0,"12":0,"13":0,"14":0,"15":0,"16":0,"17":0,"18":0,"19":0,"20":0,"21":0,"22":0,"23":0,"24":0,"25":0,"26":0,"27":0,"28":0,"29":0,"30":0,"31":0,"32":0,"33":0,"34":0,"35":0,"36":0,"37":0,"38":0,"39":0,"40":0,"41":0,"42":0,"43":0,"44":0,"45":0,"46":0,"47":0,"48":0,"49":0,"50":0,"51":0,"52":0,"53":0,"54":0,"55":0,"56":0,"57":0,"58":0,"59":0,"60":0,"61":0,"62":0,"63":0,"64":0,"65":0,"66":0,"67":0,"68":0,"69":0,"70":0,"71":0,"72":0,"73":0,"74":0,"75":0,"76":0,"77":0,"78":3},"f":{"0":54,"1":0,"2":0,"3":0,"4":0,"5":0,"6":0,"7":0,"8":0,"9":0,"10":0,"11":0,"12":0,"13":0,"14":0,"15":0},"b":{"0":[0],"1":[0,54],"2":[0,0],"3":[0],"4":[0,0],"5":[0,0],"6":[0,0],"7":[0,0],"8":[0],"9":[0],"10":[0,0],"11":[0,0],"12":[0,0],"13":[0,0],"14":[0,0],"15":[0,0],"16":[0,0],"17":[0,0],"18":[0,0],"19":[0,0],"20":[0,0],"21":[0,0],"22":[0,0],"23":[0,0],"24":[0,0],"25":[0,0],"26":[0,0],"27":[0,0],"28":[0,0],"29":[0,0],"30":[0,0],"31":[0,0],"32":[0,0],"33":[0,0],"34":[0,0],"35":[0,0],"36":[0,0],"37":[0,0],"38":[0,0],"39":[0],"40":[0,0],"41":[0,0],"42":[0,0],"43":[0,0],"44":[0,0],"45":[0,0],"46":[0,0]},"_coverageSchema":"1a1c01bbd47fc00a2c39e90264f33305004495a9","hash":"cf48272f23cad3fcb0683c629bb72df97150f29a"}
,"/Users/tdyar/ws/rag-templates/nodejs/src/embedding_utils.js": {"path":"/Users/tdyar/ws/rag-templates/nodejs/src/embedding_utils.js","statementMap":{"0":{"start":{"line":9,"column":4},"end":{"line":9,"column":31}},"1":{"start":{"line":10,"column":4},"end":{"line":10,"column":25}},"2":{"start":{"line":11,"column":4},"end":{"line":11,"column":31}},"3":{"start":{"line":12,"column":4},"end":{"line":12,"column":31}},"4":{"start":{"line":13,"column":4},"end":{"line":13,"column":51}},"5":{"start":{"line":14,"column":4},"end":{"line":14,"column":22}},"6":{"start":{"line":18,"column":4},"end":{"line":20,"column":5}},"7":{"start":{"line":19,"column":6},"end":{"line":19,"column":13}},"8":{"start":{"line":22,"column":4},"end":{"line":37,"column":5}},"9":{"start":{"line":24,"column":6},"end":{"line":26,"column":7}},"10":{"start":{"line":25,"column":8},"end":{"line":25,"column":43}},"11":{"start":{"line":29,"column":6},"end":{"line":32,"column":8}},"12":{"start":{"line":33,"column":6},"end":{"line":33,"column":33}},"13":{"start":{"line":34,"column":6},"end":{"line":34,"column":32}},"14":{"start":{"line":36,"column":6},"end":{"line":36,"column":74}},"15":{"start":{"line":41,"column":4},"end":{"line":43,"column":5}},"16":{"start":{"line":42,"column":6},"end":{"line":42,"column":30}},"17":{"start":{"line":45,"column":4},"end":{"line":47,"column":5}},"18":{"start":{"line":46,"column":6},"end":{"line":46,"column":48}},"19":{"start":{"line":49,"column":24},"end":{"line":49,"column":49}},"20":{"start":{"line":50,"column":4},"end":{"line":52,"column":5}},"21":{"start":{"line":51,"column":6},"end":{"line":51,"column":66}},"22":{"start":{"line":54,"column":4},"end":{"line":71,"column":5}},"23":{"start":{"line":56,"column":6},"end":{"line":59,"column":7}},"24":{"start":{"line":58,"column":8},"end":{"line":58,"column":27}},"25":{"start":{"line":62,"column":24},"end":{"line":64,"column":7}},"26":{"start":{"line":63,"column":8},"end":{"line":63,"column":33}},"27":{"start":{"line":67,"column":24},"end":{"line":67,"column":85}},"28":{"start":{"line":67,"column":65},"end":{"line":67,"column":80}},"29":{"start":{"line":68,"column":6},"end":{"line":68,"column":51}},"30":{"start":{"line":68,"column":34},"end":{"line":68,"column":49}},"31":{"start":{"line":70,"column":6},"end":{"line":70,"column":71}},"32":{"start":{"line":75,"column":53},"end":{"line":75,"column":60}},"33":{"start":{"line":77,"column":4},"end":{"line":79,"column":5}},"34":{"start":{"line":78,"column":6},"end":{"line":78,"column":48}},"35":{"start":{"line":81,"column":4},"end":{"line":83,"column":5}},"36":{"start":{"line":82,"column":6},"end":{"line":82,"column":16}},"37":{"start":{"line":86,"column":4},"end":{"line":90,"column":5}},"38":{"start":{"line":86,"column":17},"end":{"line":86,"column":18}},"39":{"start":{"line":87,"column":6},"end":{"line":89,"column":7}},"40":{"start":{"line":88,"column":8},"end":{"line":88,"column":73}},"41":{"start":{"line":92,"column":20},"end":{"line":92,"column":22}},"42":{"start":{"line":93,"column":25},"end":{"line":93,"column":60}},"43":{"start":{"line":95,"column":4},"end":{"line":109,"column":5}},"44":{"start":{"line":95,"column":17},"end":{"line":95,"column":18}},"45":{"start":{"line":96,"column":20},"end":{"line":96,"column":49}},"46":{"start":{"line":97,"column":27},"end":{"line":97,"column":56}},"47":{"start":{"line":99,"column":6},"end":{"line":101,"column":7}},"48":{"start":{"line":100,"column":8},"end":{"line":100,"column":96}},"49":{"start":{"line":104,"column":27},"end":{"line":106,"column":7}},"50":{"start":{"line":105,"column":26},"end":{"line":105,"column":54}},"51":{"start":{"line":108,"column":6},"end":{"line":108,"column":36}},"52":{"start":{"line":111,"column":4},"end":{"line":111,"column":19}},"53":{"start":{"line":114,"column":4},"end":{"line":116,"column":5}},"54":{"start":{"line":115,"column":6},"end":{"line":115,"column":49}},"55":{"start":{"line":118,"column":4},"end":{"line":122,"column":5}},"56":{"start":{"line":119,"column":6},"end":{"line":119,"column":65}},"57":{"start":{"line":121,"column":6},"end":{"line":121,"column":59}},"58":{"start":{"line":126,"column":4},"end":{"line":126,"column":32}},"59":{"start":{"line":130,"column":4},"end":{"line":130,"column":30}},"60":{"start":{"line":134,"column":4},"end":{"line":136,"column":5}},"61":{"start":{"line":135,"column":6},"end":{"line":135,"column":16}},"62":{"start":{"line":138,"column":4},"end":{"line":142,"column":26}},"63":{"start":{"line":150,"column":8},"end":{"line":150,"column":15}},"64":{"start":{"line":152,"column":4},"end":{"line":154,"column":5}},"65":{"start":{"line":153,"column":6},"end":{"line":153,"column":57}},"66":{"start":{"line":156,"column":4},"end":{"line":158,"column":5}},"67":{"start":{"line":157,"column":6},"end":{"line":157,"column":66}},"68":{"start":{"line":160,"column":25},"end":{"line":160,"column":50}},"69":{"start":{"line":161,"column":4},"end":{"line":163,"column":5}},"70":{"start":{"line":162,"column":6},"end":{"line":162,"column":16}},"71":{"start":{"line":165,"column":19},"end":{"line":165,"column":21}},"72":{"start":{"line":167,"column":4},"end":{"line":197,"column":5}},"73":{"start":{"line":169,"column":24},"end":{"line":169,"column":74}},"74":{"start":{"line":169,"column":65},"end":{"line":169,"column":73}},"75":{"start":{"line":170,"column":25},"end":{"line":170,"column":27}},"76":{"start":{"line":172,"column":6},"end":{"line":184,"column":7}},"77":{"start":{"line":173,"column":32},"end":{"line":173,"column":47}},"78":{"start":{"line":174,"column":8},"end":{"line":174,"column":39}},"79":{"start":{"line":174,"column":30},"end":{"line":174,"column":39}},"80":{"start":{"line":176,"column":8},"end":{"line":183,"column":9}},"81":{"start":{"line":177,"column":10},"end":{"line":177,"column":70}},"82":{"start":{"line":179,"column":10},"end":{"line":181,"column":11}},"83":{"start":{"line":180,"column":12},"end":{"line":180,"column":38}},"84":{"start":{"line":182,"column":10},"end":{"line":182,"column":41}},"85":{"start":{"line":186,"column":6},"end":{"line":188,"column":7}},"86":{"start":{"line":187,"column":8},"end":{"line":187,"column":34}},"87":{"start":{"line":191,"column":6},"end":{"line":196,"column":7}},"88":{"start":{"line":191,"column":19},"end":{"line":191,"column":20}},"89":{"start":{"line":192,"column":22},"end":{"line":192,"column":62}},"90":{"start":{"line":193,"column":8},"end":{"line":195,"column":9}},"91":{"start":{"line":194,"column":10},"end":{"line":194,"column":36}},"92":{"start":{"line":199,"column":4},"end":{"line":199,"column":52}},"93":{"start":{"line":199,"column":34},"end":{"line":199,"column":50}},"94":{"start":{"line":203,"column":4},"end":{"line":208,"column":6}},"95":{"start":{"line":218,"column":8},"end":{"line":218,"column":15}},"96":{"start":{"line":220,"column":4},"end":{"line":222,"column":5}},"97":{"start":{"line":221,"column":6},"end":{"line":221,"column":57}},"98":{"start":{"line":226,"column":4},"end":{"line":230,"column":5}},"99":{"start":{"line":227,"column":6},"end":{"line":227,"column":82}},"100":{"start":{"line":229,"column":6},"end":{"line":229,"column":47}},"101":{"start":{"line":232,"column":4},"end":{"line":234,"column":5}},"102":{"start":{"line":233,"column":6},"end":{"line":233,"column":56}},"103":{"start":{"line":236,"column":19},"end":{"line":239,"column":5}},"104":{"start":{"line":241,"column":4},"end":{"line":243,"column":5}},"105":{"start":{"line":242,"column":6},"end":{"line":242,"column":68}},"106":{"start":{"line":245,"column":4},"end":{"line":245,"column":18}},"107":{"start":{"line":249,"column":4},"end":{"line":251,"column":5}},"108":{"start":{"line":250,"column":6},"end":{"line":250,"column":19}},"109":{"start":{"line":253,"column":4},"end":{"line":255,"column":5}},"110":{"start":{"line":254,"column":6},"end":{"line":254,"column":19}},"111":{"start":{"line":257,"column":4},"end":{"line":261,"column":6}},"112":{"start":{"line":258,"column":6},"end":{"line":260,"column":17}},"113":{"start":{"line":265,"column":4},"end":{"line":267,"column":5}},"114":{"start":{"line":266,"column":6},"end":{"line":266,"column":53}},"115":{"start":{"line":270,"column":21},"end":{"line":270,"column":22}},"116":{"start":{"line":271,"column":16},"end":{"line":271,"column":17}},"117":{"start":{"line":272,"column":16},"end":{"line":272,"column":17}},"118":{"start":{"line":274,"column":4},"end":{"line":278,"column":5}},"119":{"start":{"line":274,"column":17},"end":{"line":274,"column":18}},"120":{"start":{"line":275,"column":6},"end":{"line":275,"column":50}},"121":{"start":{"line":276,"column":6},"end":{"line":276,"column":45}},"122":{"start":{"line":277,"column":6},"end":{"line":277,"column":45}},"123":{"start":{"line":280,"column":22},"end":{"line":280,"column":57}},"124":{"start":{"line":281,"column":4},"end":{"line":281,"column":56}},"125":{"start":{"line":285,"column":4},"end":{"line":288,"column":5}},"126":{"start":{"line":287,"column":6},"end":{"line":287,"column":27}},"127":{"start":{"line":289,"column":4},"end":{"line":289,"column":31}},"128":{"start":{"line":294,"column":4},"end":{"line":296,"column":5}},"129":{"start":{"line":295,"column":6},"end":{"line":295,"column":52}},"130":{"start":{"line":298,"column":4},"end":{"line":300,"column":5}},"131":{"start":{"line":299,"column":6},"end":{"line":299,"column":59}},"132":{"start":{"line":302,"column":21},"end":{"line":302,"column":22}},"133":{"start":{"line":303,"column":16},"end":{"line":303,"column":17}},"134":{"start":{"line":304,"column":16},"end":{"line":304,"column":17}},"135":{"start":{"line":306,"column":4},"end":{"line":310,"column":5}},"136":{"start":{"line":306,"column":17},"end":{"line":306,"column":18}},"137":{"start":{"line":307,"column":6},"end":{"line":307,"column":44}},"138":{"start":{"line":308,"column":6},"end":{"line":308,"column":39}},"139":{"start":{"line":309,"column":6},"end":{"line":309,"column":39}},"140":{"start":{"line":312,"column":22},"end":{"line":312,"column":57}},"141":{"start":{"line":313,"column":4},"end":{"line":313,"column":56}},"142":{"start":{"line":317,"column":4},"end":{"line":317,"column":25}},"143":{"start":{"line":317,"column":15},"end":{"line":317,"column":25}},"144":{"start":{"line":319,"column":20},"end":{"line":319,"column":35}},"145":{"start":{"line":322,"column":4},"end":{"line":324,"column":5}},"146":{"start":{"line":323,"column":6},"end":{"line":323,"column":56}},"147":{"start":{"line":327,"column":4},"end":{"line":329,"column":5}},"148":{"start":{"line":328,"column":6},"end":{"line":328,"column":42}},"149":{"start":{"line":332,"column":4},"end":{"line":334,"column":5}},"150":{"start":{"line":333,"column":6},"end":{"line":333,"column":52}},"151":{"start":{"line":337,"column":4},"end":{"line":339,"column":5}},"152":{"start":{"line":338,"column":6},"end":{"line":338,"column":67}},"153":{"start":{"line":341,"column":4},"end":{"line":341,"column":21}},"154":{"start":{"line":345,"column":4},"end":{"line":345,"column":25}},"155":{"start":{"line":345,"column":15},"end":{"line":345,"column":25}},"156":{"start":{"line":351,"column":8},"end":{"line":351,"column":15}},"157":{"start":{"line":353,"column":4},"end":{"line":355,"column":5}},"158":{"start":{"line":354,"column":6},"end":{"line":354,"column":20}},"159":{"start":{"line":357,"column":19},"end":{"line":357,"column":21}},"160":{"start":{"line":358,"column":16},"end":{"line":358,"column":17}},"161":{"start":{"line":360,"column":4},"end":{"line":380,"column":5}},"162":{"start":{"line":361,"column":16},"end":{"line":361,"column":56}},"163":{"start":{"line":364,"column":6},"end":{"line":369,"column":7}},"164":{"start":{"line":365,"column":27},"end":{"line":365,"column":53}},"165":{"start":{"line":366,"column":8},"end":{"line":368,"column":9}},"166":{"start":{"line":367,"column":10},"end":{"line":367,"column":31}},"167":{"start":{"line":371,"column":20},"end":{"line":371,"column":53}},"168":{"start":{"line":372,"column":6},"end":{"line":374,"column":7}},"169":{"start":{"line":373,"column":8},"end":{"line":373,"column":27}},"170":{"start":{"line":377,"column":6},"end":{"line":377,"column":49}},"171":{"start":{"line":379,"column":6},"end":{"line":379,"column":38}},"172":{"start":{"line":379,"column":32},"end":{"line":379,"column":38}},"173":{"start":{"line":382,"column":4},"end":{"line":382,"column":18}},"174":{"start":{"line":386,"column":0},"end":{"line":386,"column":32}}},"fnMap":{"0":{"name":"(anonymous_0)","decl":{"start":{"line":8,"column":2},"end":{"line":8,"column":3}},"loc":{"start":{"line":8,"column":53},"end":{"line":15,"column":3}},"line":8},"1":{"name":"(anonymous_1)","decl":{"start":{"line":17,"column":2},"end":{"line":17,"column":3}},"loc":{"start":{"line":17,"column":21},"end":{"line":38,"column":3}},"line":17},"2":{"name":"(anonymous_2)","decl":{"start":{"line":40,"column":2},"end":{"line":40,"column":3}},"loc":{"start":{"line":40,"column":32},"end":{"line":72,"column":3}},"line":40},"3":{"name":"(anonymous_3)","decl":{"start":{"line":62,"column":64},"end":{"line":62,"column":65}},"loc":{"start":{"line":63,"column":8},"end":{"line":63,"column":33}},"line":63},"4":{"name":"(anonymous_4)","decl":{"start":{"line":67,"column":51},"end":{"line":67,"column":52}},"loc":{"start":{"line":67,"column":65},"end":{"line":67,"column":80}},"line":67},"5":{"name":"(anonymous_5)","decl":{"start":{"line":68,"column":27},"end":{"line":68,"column":28}},"loc":{"start":{"line":68,"column":34},"end":{"line":68,"column":49}},"line":68},"6":{"name":"(anonymous_6)","decl":{"start":{"line":74,"column":2},"end":{"line":74,"column":3}},"loc":{"start":{"line":74,"column":48},"end":{"line":112,"column":3}},"line":74},"7":{"name":"(anonymous_7)","decl":{"start":{"line":105,"column":18},"end":{"line":105,"column":19}},"loc":{"start":{"line":105,"column":26},"end":{"line":105,"column":54}},"line":105},"8":{"name":"(anonymous_8)","decl":{"start":{"line":113,"column":0},"end":{"line":113,"column":1}},"loc":{"start":{"line":113,"column":53},"end":{"line":123,"column":3}},"line":113},"9":{"name":"(anonymous_9)","decl":{"start":{"line":125,"column":2},"end":{"line":125,"column":3}},"loc":{"start":{"line":125,"column":26},"end":{"line":127,"column":3}},"line":125},"10":{"name":"(anonymous_10)","decl":{"start":{"line":129,"column":2},"end":{"line":129,"column":3}},"loc":{"start":{"line":129,"column":12},"end":{"line":131,"column":3}},"line":129},"11":{"name":"(anonymous_11)","decl":{"start":{"line":133,"column":2},"end":{"line":133,"column":3}},"loc":{"start":{"line":133,"column":23},"end":{"line":143,"column":3}},"line":133},"12":{"name":"(anonymous_12)","decl":{"start":{"line":145,"column":2},"end":{"line":145,"column":3}},"loc":{"start":{"line":145,"column":32},"end":{"line":200,"column":3}},"line":145},"13":{"name":"(anonymous_13)","decl":{"start":{"line":169,"column":60},"end":{"line":169,"column":61}},"loc":{"start":{"line":169,"column":65},"end":{"line":169,"column":73}},"line":169},"14":{"name":"(anonymous_14)","decl":{"start":{"line":199,"column":25},"end":{"line":199,"column":26}},"loc":{"start":{"line":199,"column":34},"end":{"line":199,"column":50}},"line":199},"15":{"name":"(anonymous_15)","decl":{"start":{"line":202,"column":2},"end":{"line":202,"column":3}},"loc":{"start":{"line":202,"column":17},"end":{"line":209,"column":3}},"line":202},"16":{"name":"(anonymous_16)","decl":{"start":{"line":211,"column":2},"end":{"line":211,"column":3}},"loc":{"start":{"line":211,"column":44},"end":{"line":246,"column":3}},"line":211},"17":{"name":"(anonymous_17)","decl":{"start":{"line":248,"column":2},"end":{"line":248,"column":3}},"loc":{"start":{"line":248,"column":31},"end":{"line":262,"column":3}},"line":248},"18":{"name":"(anonymous_18)","decl":{"start":{"line":257,"column":27},"end":{"line":257,"column":28}},"loc":{"start":{"line":258,"column":6},"end":{"line":260,"column":17}},"line":258},"19":{"name":"(anonymous_19)","decl":{"start":{"line":264,"column":2},"end":{"line":264,"column":3}},"loc":{"start":{"line":264,"column":46},"end":{"line":282,"column":3}},"line":264},"20":{"name":"(anonymous_20)","decl":{"start":{"line":284,"column":2},"end":{"line":284,"column":3}},"loc":{"start":{"line":284,"column":16},"end":{"line":290,"column":3}},"line":284},"21":{"name":"(anonymous_21)","decl":{"start":{"line":293,"column":2},"end":{"line":293,"column":3}},"loc":{"start":{"line":293,"column":53},"end":{"line":314,"column":3}},"line":293},"22":{"name":"(anonymous_22)","decl":{"start":{"line":316,"column":2},"end":{"line":316,"column":3}},"loc":{"start":{"line":316,"column":44},"end":{"line":342,"column":3}},"line":316},"23":{"name":"(anonymous_23)","decl":{"start":{"line":344,"column":2},"end":{"line":344,"column":3}},"loc":{"start":{"line":344,"column":39},"end":{"line":383,"column":3}},"line":344}},"branchMap":{"0":{"loc":{"start":{"line":8,"column":14},"end":{"line":8,"column":51}},"type":"default-arg","locations":[{"start":{"line":8,"column":26},"end":{"line":8,"column":51}}],"line":8},"1":{"loc":{"start":{"line":18,"column":4},"end":{"line":20,"column":5}},"type":"if","locations":[{"start":{"line":18,"column":4},"end":{"line":20,"column":5}},{"start":{},"end":{}}],"line":18},"2":{"loc":{"start":{"line":24,"column":6},"end":{"line":26,"column":7}},"type":"if","locations":[{"start":{"line":24,"column":6},"end":{"line":26,"column":7}},{"start":{},"end":{}}],"line":24},"3":{"loc":{"start":{"line":41,"column":4},"end":{"line":43,"column":5}},"type":"if","locations":[{"start":{"line":41,"column":4},"end":{"line":43,"column":5}},{"start":{},"end":{}}],"line":41},"4":{"loc":{"start":{"line":45,"column":4},"end":{"line":47,"column":5}},"type":"if","locations":[{"start":{"line":45,"column":4},"end":{"line":47,"column":5}},{"start":{},"end":{}}],"line":45},"5":{"loc":{"start":{"line":45,"column":8},"end":{"line":45,"column":41}},"type":"binary-expr","locations":[{"start":{"line":45,"column":8},"end":{"line":45,"column":13}},{"start":{"line":45,"column":17},"end":{"line":45,"column":41}}],"line":45},"6":{"loc":{"start":{"line":50,"column":4},"end":{"line":52,"column":5}},"type":"if","locations":[{"start":{"line":50,"column":4},"end":{"line":52,"column":5}},{"start":{},"end":{}}],"line":50},"7":{"loc":{"start":{"line":56,"column":6},"end":{"line":59,"column":7}},"type":"if","locations":[{"start":{"line":56,"column":6},"end":{"line":59,"column":7}},{"start":{},"end":{}}],"line":56},"8":{"loc":{"start":{"line":56,"column":10},"end":{"line":56,"column":56}},"type":"binary-expr","locations":[{"start":{"line":56,"column":10},"end":{"line":56,"column":20}},{"start":{"line":56,"column":24},"end":{"line":56,"column":56}}],"line":56},"9":{"loc":{"start":{"line":74,"column":34},"end":{"line":74,"column":46}},"type":"default-arg","locations":[{"start":{"line":74,"column":44},"end":{"line":74,"column":46}}],"line":74},"10":{"loc":{"start":{"line":75,"column":12},"end":{"line":75,"column":26}},"type":"default-arg","locations":[{"start":{"line":75,"column":24},"end":{"line":75,"column":26}}],"line":75},"11":{"loc":{"start":{"line":75,"column":28},"end":{"line":75,"column":48}},"type":"default-arg","locations":[{"start":{"line":75,"column":43},"end":{"line":75,"column":48}}],"line":75},"12":{"loc":{"start":{"line":77,"column":4},"end":{"line":79,"column":5}},"type":"if","locations":[{"start":{"line":77,"column":4},"end":{"line":79,"column":5}},{"start":{},"end":{}}],"line":77},"13":{"loc":{"start":{"line":81,"column":4},"end":{"line":83,"column":5}},"type":"if","locations":[{"start":{"line":81,"column":4},"end":{"line":83,"column":5}},{"start":{},"end":{}}],"line":81},"14":{"loc":{"start":{"line":87,"column":6},"end":{"line":89,"column":7}},"type":"if","locations":[{"start":{"line":87,"column":6},"end":{"line":89,"column":7}},{"start":{},"end":{}}],"line":87},"15":{"loc":{"start":{"line":87,"column":10},"end":{"line":87,"column":51}},"type":"binary-expr","locations":[{"start":{"line":87,"column":10},"end":{"line":87,"column":19}},{"start":{"line":87,"column":23},"end":{"line":87,"column":51}}],"line":87},"16":{"loc":{"start":{"line":99,"column":6},"end":{"line":101,"column":7}},"type":"if","locations":[{"start":{"line":99,"column":6},"end":{"line":101,"column":7}},{"start":{},"end":{}}],"line":99},"17":{"loc":{"start":{"line":113,"column":37},"end":{"line":113,"column":51}},"type":"default-arg","locations":[{"start":{"line":113,"column":49},"end":{"line":113,"column":51}}],"line":113},"18":{"loc":{"start":{"line":114,"column":4},"end":{"line":116,"column":5}},"type":"if","locations":[{"start":{"line":114,"column":4},"end":{"line":116,"column":5}},{"start":{},"end":{}}],"line":114},"19":{"loc":{"start":{"line":114,"column":8},"end":{"line":114,"column":51}},"type":"binary-expr","locations":[{"start":{"line":114,"column":8},"end":{"line":114,"column":29}},{"start":{"line":114,"column":33},"end":{"line":114,"column":51}}],"line":114},"20":{"loc":{"start":{"line":134,"column":4},"end":{"line":136,"column":5}},"type":"if","locations":[{"start":{"line":134,"column":4},"end":{"line":136,"column":5}},{"start":{},"end":{}}],"line":134},"21":{"loc":{"start":{"line":134,"column":8},"end":{"line":134,"column":41}},"type":"binary-expr","locations":[{"start":{"line":134,"column":8},"end":{"line":134,"column":13}},{"start":{"line":134,"column":17},"end":{"line":134,"column":41}}],"line":134},"22":{"loc":{"start":{"line":145,"column":18},"end":{"line":145,"column":30}},"type":"default-arg","locations":[{"start":{"line":145,"column":28},"end":{"line":145,"column":30}}],"line":145},"23":{"loc":{"start":{"line":147,"column":6},"end":{"line":147,"column":21}},"type":"default-arg","locations":[{"start":{"line":147,"column":18},"end":{"line":147,"column":21}}],"line":147},"24":{"loc":{"start":{"line":148,"column":6},"end":{"line":148,"column":18}},"type":"default-arg","locations":[{"start":{"line":148,"column":16},"end":{"line":148,"column":18}}],"line":148},"25":{"loc":{"start":{"line":149,"column":6},"end":{"line":149,"column":29}},"type":"default-arg","locations":[{"start":{"line":149,"column":25},"end":{"line":149,"column":29}}],"line":149},"26":{"loc":{"start":{"line":152,"column":4},"end":{"line":154,"column":5}},"type":"if","locations":[{"start":{"line":152,"column":4},"end":{"line":154,"column":5}},{"start":{},"end":{}}],"line":152},"27":{"loc":{"start":{"line":152,"column":8},"end":{"line":152,"column":41}},"type":"binary-expr","locations":[{"start":{"line":152,"column":8},"end":{"line":152,"column":13}},{"start":{"line":152,"column":17},"end":{"line":152,"column":41}}],"line":152},"28":{"loc":{"start":{"line":156,"column":4},"end":{"line":158,"column":5}},"type":"if","locations":[{"start":{"line":156,"column":4},"end":{"line":158,"column":5}},{"start":{},"end":{}}],"line":156},"29":{"loc":{"start":{"line":156,"column":8},"end":{"line":156,"column":61}},"type":"binary-expr","locations":[{"start":{"line":156,"column":8},"end":{"line":156,"column":22}},{"start":{"line":156,"column":26},"end":{"line":156,"column":37}},{"start":{"line":156,"column":41},"end":{"line":156,"column":61}}],"line":156},"30":{"loc":{"start":{"line":161,"column":4},"end":{"line":163,"column":5}},"type":"if","locations":[{"start":{"line":161,"column":4},"end":{"line":163,"column":5}},{"start":{},"end":{}}],"line":161},"31":{"loc":{"start":{"line":167,"column":4},"end":{"line":197,"column":5}},"type":"if","locations":[{"start":{"line":167,"column":4},"end":{"line":197,"column":5}},{"start":{"line":189,"column":11},"end":{"line":197,"column":5}}],"line":167},"32":{"loc":{"start":{"line":174,"column":8},"end":{"line":174,"column":39}},"type":"if","locations":[{"start":{"line":174,"column":8},"end":{"line":174,"column":39}},{"start":{},"end":{}}],"line":174},"33":{"loc":{"start":{"line":176,"column":8},"end":{"line":183,"column":9}},"type":"if","locations":[{"start":{"line":176,"column":8},"end":{"line":183,"column":9}},{"start":{"line":178,"column":15},"end":{"line":183,"column":9}}],"line":176},"34":{"loc":{"start":{"line":177,"column":27},"end":{"line":177,"column":50}},"type":"cond-expr","locations":[{"start":{"line":177,"column":42},"end":{"line":177,"column":45}},{"start":{"line":177,"column":48},"end":{"line":177,"column":50}}],"line":177},"35":{"loc":{"start":{"line":179,"column":10},"end":{"line":181,"column":11}},"type":"if","locations":[{"start":{"line":179,"column":10},"end":{"line":181,"column":11}},{"start":{},"end":{}}],"line":179},"36":{"loc":{"start":{"line":186,"column":6},"end":{"line":188,"column":7}},"type":"if","locations":[{"start":{"line":186,"column":6},"end":{"line":188,"column":7}},{"start":{},"end":{}}],"line":186},"37":{"loc":{"start":{"line":193,"column":8},"end":{"line":195,"column":9}},"type":"if","locations":[{"start":{"line":193,"column":8},"end":{"line":195,"column":9}},{"start":{},"end":{}}],"line":193},"38":{"loc":{"start":{"line":211,"column":30},"end":{"line":211,"column":42}},"type":"default-arg","locations":[{"start":{"line":211,"column":40},"end":{"line":211,"column":42}}],"line":211},"39":{"loc":{"start":{"line":213,"column":6},"end":{"line":213,"column":21}},"type":"default-arg","locations":[{"start":{"line":213,"column":17},"end":{"line":213,"column":21}}],"line":213},"40":{"loc":{"start":{"line":214,"column":6},"end":{"line":214,"column":21}},"type":"default-arg","locations":[{"start":{"line":214,"column":18},"end":{"line":214,"column":21}}],"line":214},"41":{"loc":{"start":{"line":215,"column":6},"end":{"line":215,"column":18}},"type":"default-arg","locations":[{"start":{"line":215,"column":16},"end":{"line":215,"column":18}}],"line":215},"42":{"loc":{"start":{"line":216,"column":6},"end":{"line":216,"column":29}},"type":"default-arg","locations":[{"start":{"line":216,"column":25},"end":{"line":216,"column":29}}],"line":216},"43":{"loc":{"start":{"line":217,"column":6},"end":{"line":217,"column":31}},"type":"default-arg","locations":[{"start":{"line":217,"column":27},"end":{"line":217,"column":31}}],"line":217},"44":{"loc":{"start":{"line":220,"column":4},"end":{"line":222,"column":5}},"type":"if","locations":[{"start":{"line":220,"column":4},"end":{"line":222,"column":5}},{"start":{},"end":{}}],"line":220},"45":{"loc":{"start":{"line":220,"column":8},"end":{"line":220,"column":41}},"type":"binary-expr","locations":[{"start":{"line":220,"column":8},"end":{"line":220,"column":13}},{"start":{"line":220,"column":17},"end":{"line":220,"column":41}}],"line":220},"46":{"loc":{"start":{"line":226,"column":4},"end":{"line":230,"column":5}},"type":"if","locations":[{"start":{"line":226,"column":4},"end":{"line":230,"column":5}},{"start":{"line":228,"column":11},"end":{"line":230,"column":5}}],"line":226},"47":{"loc":{"start":{"line":232,"column":4},"end":{"line":234,"column":5}},"type":"if","locations":[{"start":{"line":232,"column":4},"end":{"line":234,"column":5}},{"start":{},"end":{}}],"line":232},"48":{"loc":{"start":{"line":241,"column":4},"end":{"line":243,"column":5}},"type":"if","locations":[{"start":{"line":241,"column":4},"end":{"line":243,"column":5}},{"start":{},"end":{}}],"line":241},"49":{"loc":{"start":{"line":249,"column":4},"end":{"line":251,"column":5}},"type":"if","locations":[{"start":{"line":249,"column":4},"end":{"line":251,"column":5}},{"start":{},"end":{}}],"line":249},"50":{"loc":{"start":{"line":253,"column":4},"end":{"line":255,"column":5}},"type":"if","locations":[{"start":{"line":253,"column":4},"end":{"line":255,"column":5}},{"start":{},"end":{}}],"line":253},"51":{"loc":{"start":{"line":258,"column":6},"end":{"line":260,"column":17}},"type":"binary-expr","locations":[{"start":{"line":258,"column":6},"end":{"line":258,"column":29}},{"start":{"line":259,"column":6},"end":{"line":259,"column":19}},{"start":{"line":260,"column":6},"end":{"line":260,"column":17}}],"line":258},"52":{"loc":{"start":{"line":265,"column":4},"end":{"line":267,"column":5}},"type":"if","locations":[{"start":{"line":265,"column":4},"end":{"line":267,"column":5}},{"start":{},"end":{}}],"line":265},"53":{"loc":{"start":{"line":265,"column":8},"end":{"line":265,"column":82}},"type":"binary-expr","locations":[{"start":{"line":265,"column":8},"end":{"line":265,"column":43}},{"start":{"line":265,"column":47},"end":{"line":265,"column":82}}],"line":265},"54":{"loc":{"start":{"line":281,"column":11},"end":{"line":281,"column":55}},"type":"cond-expr","locations":[{"start":{"line":281,"column":29},"end":{"line":281,"column":30}},{"start":{"line":281,"column":33},"end":{"line":281,"column":55}}],"line":281},"55":{"loc":{"start":{"line":285,"column":4},"end":{"line":288,"column":5}},"type":"if","locations":[{"start":{"line":285,"column":4},"end":{"line":288,"column":5}},{"start":{},"end":{}}],"line":285},"56":{"loc":{"start":{"line":294,"column":4},"end":{"line":296,"column":5}},"type":"if","locations":[{"start":{"line":294,"column":4},"end":{"line":296,"column":5}},{"start":{},"end":{}}],"line":294},"57":{"loc":{"start":{"line":294,"column":8},"end":{"line":294,"column":58}},"type":"binary-expr","locations":[{"start":{"line":294,"column":8},"end":{"line":294,"column":31}},{"start":{"line":294,"column":35},"end":{"line":294,"column":58}}],"line":294},"58":{"loc":{"start":{"line":298,"column":4},"end":{"line":300,"column":5}},"type":"if","locations":[{"start":{"line":298,"column":4},"end":{"line":300,"column":5}},{"start":{},"end":{}}],"line":298},"59":{"loc":{"start":{"line":313,"column":11},"end":{"line":313,"column":55}},"type":"cond-expr","locations":[{"start":{"line":313,"column":29},"end":{"line":313,"column":30}},{"start":{"line":313,"column":33},"end":{"line":313,"column":55}}],"line":313},"60":{"loc":{"start":{"line":316,"column":30},"end":{"line":316,"column":42}},"type":"default-arg","locations":[{"start":{"line":316,"column":40},"end":{"line":316,"column":42}}],"line":316},"61":{"loc":{"start":{"line":317,"column":4},"end":{"line":317,"column":25}},"type":"if","locations":[{"start":{"line":317,"column":4},"end":{"line":317,"column":25}},{"start":{},"end":{}}],"line":317},"62":{"loc":{"start":{"line":322,"column":4},"end":{"line":324,"column":5}},"type":"if","locations":[{"start":{"line":322,"column":4},"end":{"line":324,"column":5}},{"start":{},"end":{}}],"line":322},"63":{"loc":{"start":{"line":327,"column":4},"end":{"line":329,"column":5}},"type":"if","locations":[{"start":{"line":327,"column":4},"end":{"line":329,"column":5}},{"start":{},"end":{}}],"line":327},"64":{"loc":{"start":{"line":332,"column":4},"end":{"line":334,"column":5}},"type":"if","locations":[{"start":{"line":332,"column":4},"end":{"line":334,"column":5}},{"start":{},"end":{}}],"line":332},"65":{"loc":{"start":{"line":337,"column":4},"end":{"line":339,"column":5}},"type":"if","locations":[{"start":{"line":337,"column":4},"end":{"line":339,"column":5}},{"start":{},"end":{}}],"line":337},"66":{"loc":{"start":{"line":337,"column":8},"end":{"line":337,"column":65}},"type":"binary-expr","locations":[{"start":{"line":337,"column":8},"end":{"line":337,"column":25}},{"start":{"line":337,"column":29},"end":{"line":337,"column":65}}],"line":337},"67":{"loc":{"start":{"line":344,"column":25},"end":{"line":344,"column":37}},"type":"default-arg","locations":[{"start":{"line":344,"column":35},"end":{"line":344,"column":37}}],"line":344},"68":{"loc":{"start":{"line":345,"column":4},"end":{"line":345,"column":25}},"type":"if","locations":[{"start":{"line":345,"column":4},"end":{"line":345,"column":25}},{"start":{},"end":{}}],"line":345},"69":{"loc":{"start":{"line":348,"column":6},"end":{"line":348,"column":21}},"type":"default-arg","locations":[{"start":{"line":348,"column":18},"end":{"line":348,"column":21}}],"line":348},"70":{"loc":{"start":{"line":349,"column":6},"end":{"line":349,"column":18}},"type":"default-arg","locations":[{"start":{"line":349,"column":16},"end":{"line":349,"column":18}}],"line":349},"71":{"loc":{"start":{"line":350,"column":6},"end":{"line":350,"column":30}},"type":"default-arg","locations":[{"start":{"line":350,"column":25},"end":{"line":350,"column":30}}],"line":350},"72":{"loc":{"start":{"line":353,"column":4},"end":{"line":355,"column":5}},"type":"if","locations":[{"start":{"line":353,"column":4},"end":{"line":355,"column":5}},{"start":{},"end":{}}],"line":353},"73":{"loc":{"start":{"line":364,"column":6},"end":{"line":369,"column":7}},"type":"if","locations":[{"start":{"line":364,"column":6},"end":{"line":369,"column":7}},{"start":{},"end":{}}],"line":364},"74":{"loc":{"start":{"line":364,"column":10},"end":{"line":364,"column":47}},"type":"binary-expr","locations":[{"start":{"line":364,"column":10},"end":{"line":364,"column":26}},{"start":{"line":364,"column":30},"end":{"line":364,"column":47}}],"line":364},"75":{"loc":{"start":{"line":366,"column":8},"end":{"line":368,"column":9}},"type":"if","locations":[{"start":{"line":366,"column":8},"end":{"line":368,"column":9}},{"start":{},"end":{}}],"line":366},"76":{"loc":{"start":{"line":372,"column":6},"end":{"line":374,"column":7}},"type":"if","locations":[{"start":{"line":372,"column":6},"end":{"line":374,"column":7}},{"start":{},"end":{}}],"line":372},"77":{"loc":{"start":{"line":379,"column":6},"end":{"line":379,"column":38}},"type":"if","locations":[{"start":{"line":379,"column":6},"end":{"line":379,"column":38}},{"start":{},"end":{}}],"line":379}},"s":{"0":100,"1":100,"2":100,"3":100,"4":100,"5":100,"6":16,"7":1,"8":15,"9":15,"10":1,"11":14,"12":14,"13":14,"14":1,"15":133,"16":15,"17":132,"18":5,"19":127,"20":127,"21":0,"22":127,"23":127,"24":6,"25":126,"26":48384,"27":126,"28":48384,"29":126,"30":48384,"31":1,"32":7,"33":7,"34":0,"35":7,"36":0,"37":7,"38":7,"39":129,"40":0,"41":7,"42":7,"43":7,"44":7,"45":22,"46":22,"47":22,"48":0,"49":22,"50":129,"51":21,"52":6,"53":9,"54":2,"55":7,"56":7,"57":1,"58":1,"59":2,"60":127,"61":0,"62":127,"63":0,"64":0,"65":0,"66":0,"67":0,"68":0,"69":0,"70":0,"71":0,"72":0,"73":0,"74":0,"75":0,"76":0,"77":0,"78":0,"79":0,"80":0,"81":0,"82":0,"83":0,"84":0,"85":0,"86":0,"87":0,"88":0,"89":0,"90":0,"91":0,"92":0,"93":0,"94":1,"95":0,"96":0,"97":0,"98":0,"99":0,"100":0,"101":0,"102":0,"103":0,"104":0,"105":0,"106":0,"107":0,"108":0,"109":0,"110":0,"111":0,"112":0,"113":0,"114":0,"115":0,"116":0,"117":0,"118":0,"119":0,"120":0,"121":0,"122":0,"123":0,"124":0,"125":0,"126":0,"127":0,"128":7,"129":1,"130":6,"131":1,"132":5,"133":5,"134":5,"135":5,"136":5,"137":397,"138":397,"139":397,"140":5,"141":5,"142":9,"143":3,"144":6,"145":6,"146":6,"147":6,"148":1,"149":6,"150":2,"151":6,"152":1,"153":6,"154":6,"155":1,"156":5,"157":5,"158":1,"159":4,"160":4,"161":4,"162":154,"163":154,"164":34,"165":34,"166":34,"167":154,"168":154,"169":147,"170":154,"171":154,"172":4,"173":4,"174":4},"f":{"0":100,"1":16,"2":133,"3":48384,"4":48384,"5":48384,"6":7,"7":129,"8":9,"9":1,"10":2,"11":127,"12":0,"13":0,"14":0,"15":1,"16":0,"17":0,"18":0,"19":0,"20":0,"21":7,"22":9,"23":6},"b":{"0":[32],"1":[1,15],"2":[1,14],"3":[15,118],"4":[5,127],"5":[132,129],"6":[0,127],"7":[6,121],"8":[127,127],"9":[0],"10":[0],"11":[7],"12":[0,7],"13":[0,7],"14":[0,129],"15":[129,129],"16":[0,22],"17":[3],"18":[2,7],"19":[9,8],"20":[0,127],"21":[127,127],"22":[0],"23":[0],"24":[0],"25":[0],"26":[0,0],"27":[0,0],"28":[0,0],"29":[0,0,0],"30":[0,0],"31":[0,0],"32":[0,0],"33":[0,0],"34":[0,0],"35":[0,0],"36":[0,0],"37":[0,0],"38":[0],"39":[0],"40":[0],"41":[0],"42":[0],"43":[0],"44":[0,0],"45":[0,0],"46":[0,0],"47":[0,0],"48":[0,0],"49":[0,0],"50":[0,0],"51":[0,0,0],"52":[0,0],"53":[0,0],"54":[0,0],"55":[0,0],"56":[1,6],"57":[7,6],"58":[1,5],"59":[1,4],"60":[5],"61":[3,6],"62":[6,0],"63":[1,5],"64":[2,4],"65":[1,5],"66":[6,1],"67":[1],"68":[1,5],"69":[0],"70":[2],"71":[1],"72":[1,4],"73":[34,120],"74":[154,146],"75":[34,0],"76":[147,7],"77":[4,150]},"_coverageSchema":"1a1c01bbd47fc00a2c39e90264f33305004495a9","hash":"1917f33b516f1a522acd4b04d0afcf3a89aa775a"}
,"/Users/tdyar/ws/rag-templates/nodejs/src/index.js": {"path":"/Users/tdyar/ws/rag-templates/nodejs/src/index.js","statementMap":{"0":{"start":{"line":5,"column":30},"end":{"line":7,"column":74}},"1":{"start":{"line":8,"column":31},"end":{"line":8,"column":60}},"2":{"start":{"line":9,"column":23},"end":{"line":9,"column":52}},"3":{"start":{"line":10,"column":23},"end":{"line":10,"column":51}},"4":{"start":{"line":11,"column":21},"end":{"line":11,"column":47}},"5":{"start":{"line":12,"column":21},"end":{"line":12,"column":47}},"6":{"start":{"line":22,"column":28},"end":{"line":22,"column":72}},"7":{"start":{"line":23,"column":29},"end":{"line":23,"column":70}},"8":{"start":{"line":24,"column":25},"end":{"line":24,"column":66}},"9":{"start":{"line":27,"column":30},"end":{"line":30,"column":3}},"10":{"start":{"line":31,"column":23},"end":{"line":31,"column":79}},"11":{"start":{"line":33,"column":2},"end":{"line":287,"column":4}},"12":{"start":{"line":49,"column":6},"end":{"line":51,"column":7}},"13":{"start":{"line":50,"column":8},"end":{"line":50,"column":60}},"14":{"start":{"line":53,"column":6},"end":{"line":72,"column":7}},"15":{"start":{"line":54,"column":26},"end":{"line":54,"column":71}},"16":{"start":{"line":55,"column":30},"end":{"line":55,"column":53}},"17":{"start":{"line":58,"column":8},"end":{"line":63,"column":9}},"18":{"start":{"line":59,"column":38},"end":{"line":59,"column":73}},"19":{"start":{"line":60,"column":10},"end":{"line":62,"column":34}},"20":{"start":{"line":65,"column":8},"end":{"line":69,"column":10}},"21":{"start":{"line":71,"column":8},"end":{"line":71,"column":59}},"22":{"start":{"line":86,"column":6},"end":{"line":88,"column":7}},"23":{"start":{"line":87,"column":8},"end":{"line":87,"column":64}},"24":{"start":{"line":90,"column":6},"end":{"line":97,"column":7}},"25":{"start":{"line":91,"column":26},"end":{"line":91,"column":73}},"26":{"start":{"line":92,"column":8},"end":{"line":94,"column":10}},"27":{"start":{"line":96,"column":8},"end":{"line":96,"column":70}},"28":{"start":{"line":108,"column":6},"end":{"line":110,"column":7}},"29":{"start":{"line":109,"column":8},"end":{"line":109,"column":77}},"30":{"start":{"line":112,"column":6},"end":{"line":134,"column":7}},"31":{"start":{"line":114,"column":22},"end":{"line":114,"column":55}},"32":{"start":{"line":114,"column":43},"end":{"line":114,"column":54}},"33":{"start":{"line":115,"column":27},"end":{"line":118,"column":9}},"34":{"start":{"line":121,"column":40},"end":{"line":129,"column":11}},"35":{"start":{"line":121,"column":71},"end":{"line":129,"column":9}},"36":{"start":{"line":131,"column":8},"end":{"line":131,"column":86}},"37":{"start":{"line":133,"column":8},"end":{"line":133,"column":76}},"38":{"start":{"line":148,"column":6},"end":{"line":150,"column":7}},"39":{"start":{"line":149,"column":8},"end":{"line":149,"column":61}},"40":{"start":{"line":152,"column":6},"end":{"line":173,"column":7}},"41":{"start":{"line":154,"column":33},"end":{"line":154,"column":91}},"42":{"start":{"line":155,"column":23},"end":{"line":155,"column":83}},"43":{"start":{"line":158,"column":26},"end":{"line":165,"column":11}},"44":{"start":{"line":158,"column":56},"end":{"line":165,"column":9}},"45":{"start":{"line":168,"column":8},"end":{"line":168,"column":54}},"46":{"start":{"line":170,"column":8},"end":{"line":170,"column":47}},"47":{"start":{"line":170,"column":36},"end":{"line":170,"column":45}},"48":{"start":{"line":172,"column":8},"end":{"line":172,"column":85}},"49":{"start":{"line":183,"column":6},"end":{"line":185,"column":7}},"50":{"start":{"line":184,"column":8},"end":{"line":184,"column":68}},"51":{"start":{"line":187,"column":6},"end":{"line":192,"column":7}},"52":{"start":{"line":188,"column":26},"end":{"line":188,"column":76}},"53":{"start":{"line":189,"column":8},"end":{"line":189,"column":85}},"54":{"start":{"line":191,"column":8},"end":{"line":191,"column":68}},"55":{"start":{"line":201,"column":6},"end":{"line":201,"column":60}},"56":{"start":{"line":209,"column":6},"end":{"line":209,"column":57}},"57":{"start":{"line":219,"column":6},"end":{"line":219,"column":78}},"58":{"start":{"line":228,"column":6},"end":{"line":228,"column":60}},"59":{"start":{"line":240,"column":6},"end":{"line":262,"column":7}},"60":{"start":{"line":241,"column":28},"end":{"line":241,"column":57}},"61":{"start":{"line":243,"column":8},"end":{"line":261,"column":9}},"62":{"start":{"line":245,"column":31},"end":{"line":245,"column":79}},"63":{"start":{"line":248,"column":10},"end":{"line":258,"column":11}},"64":{"start":{"line":249,"column":37},"end":{"line":252,"column":13}},"65":{"start":{"line":254,"column":12},"end":{"line":257,"column":13}},"66":{"start":{"line":255,"column":35},"end":{"line":255,"column":143}},"67":{"start":{"line":256,"column":14},"end":{"line":256,"column":44}},"68":{"start":{"line":260,"column":10},"end":{"line":260,"column":82}},"69":{"start":{"line":265,"column":6},"end":{"line":265,"column":40}},"70":{"start":{"line":273,"column":6},"end":{"line":277,"column":8}},"71":{"start":{"line":285,"column":6},"end":{"line":285,"column":38}},"72":{"start":{"line":291,"column":0},"end":{"line":305,"column":2}}},"fnMap":{"0":{"name":"createVectorSearchPipeline","decl":{"start":{"line":21,"column":9},"end":{"line":21,"column":35}},"loc":{"start":{"line":21,"column":49},"end":{"line":288,"column":1}},"line":21},"1":{"name":"(anonymous_1)","decl":{"start":{"line":48,"column":4},"end":{"line":48,"column":5}},"loc":{"start":{"line":48,"column":38},"end":{"line":73,"column":5}},"line":48},"2":{"name":"(anonymous_2)","decl":{"start":{"line":85,"column":4},"end":{"line":85,"column":5}},"loc":{"start":{"line":85,"column":83},"end":{"line":98,"column":5}},"line":85},"3":{"name":"(anonymous_3)","decl":{"start":{"line":107,"column":4},"end":{"line":107,"column":5}},"loc":{"start":{"line":107,"column":50},"end":{"line":135,"column":5}},"line":107},"4":{"name":"(anonymous_4)","decl":{"start":{"line":114,"column":36},"end":{"line":114,"column":37}},"loc":{"start":{"line":114,"column":4
[...]
:{"start":{"line":137,"column":6},"end":{"line":141,"column":7}},"56":{"start":{"line":138,"column":8},"end":{"line":140,"column":9}},"57":{"start":{"line":139,"column":10},"end":{"line":139,"column":90}},"58":{"start":{"line":143,"column":6},"end":{"line":143,"column":44}},"59":{"start":{"line":146,"column":4},"end":{"line":148,"column":5}},"60":{"start":{"line":147,"column":6},"end":{"line":147,"column":55}},"61":{"start":{"line":150,"column":4},"end":{"line":150,"column":34}},"62":{"start":{"line":152,"column":4},"end":{"line":152,"column":15}},"63":{"start":{"line":156,"column":4},"end":{"line":158,"column":5}},"64":{"start":{"line":157,"column":6},"end":{"line":157,"column":49}},"65":{"start":{"line":160,"column":4},"end":{"line":171,"column":17}},"66":{"start":{"line":161,"column":6},"end":{"line":163,"column":7}},"67":{"start":{"line":162,"column":8},"end":{"line":162,"column":70}},"68":{"start":{"line":166,"column":6},"end":{"line":168,"column":7}},"69":{"start":{"line":167,"column":8},"end":{"line":167,"column":30}},"70":{"start":{"line":170,"column":6},"end":{"line":170,"column":28}},"71":{"start":{"line":184,"column":8},"end":{"line":184,"column":15}},"72":{"start":{"line":186,"column":4},"end":{"line":188,"column":5}},"73":{"start":{"line":187,"column":6},"end":{"line":187,"column":75}},"74":{"start":{"line":190,"column":4},"end":{"line":192,"column":5}},"75":{"start":{"line":191,"column":6},"end":{"line":191,"column":58}},"76":{"start":{"line":194,"column":4},"end":{"line":196,"column":5}},"77":{"start":{"line":195,"column":6},"end":{"line":195,"column":64}},"78":{"start":{"line":198,"column":20},"end":{"line":198,"column":111}},"79":{"start":{"line":199,"column":19},"end":{"line":199,"column":76}},"80":{"start":{"line":200,"column":19},"end":{"line":200,"column":75}},"81":{"start":{"line":203,"column":4},"end":{"line":210,"column":5}},"82":{"start":{"line":204,"column":6},"end":{"line":206,"column":7}},"83":{"start":{"line":205,"column":8},"end":{"line":205,"column":55}},"84":{"start":{"line":207,"column":6},"end":{"line":207,"column":24}},"85":{"start":{"line":208,"column":6},"end":{"line":208,"column":23}},"86":{"start":{"line":209,"column":6},"end":{"line":209,"column":25}},"87":{"start":{"line":212,"column":16},"end":{"line":212,"column":96}},"88":{"start":{"line":214,"column":4},"end":{"line":214,"column":27}},"89":{"start":{"line":224,"column":8},"end":{"line":224,"column":15}},"90":{"start":{"line":226,"column":4},"end":{"line":228,"column":5}},"91":{"start":{"line":227,"column":6},"end":{"line":227,"column":54}},"92":{"start":{"line":230,"column":4},"end":{"line":232,"column":5}},"93":{"start":{"line":231,"column":6},"end":{"line":231,"column":58}},"94":{"start":{"line":234,"column":23},"end":{"line":234,"column":25}},"95":{"start":{"line":235,"column":19},"end":{"line":235,"column":21}},"96":{"start":{"line":237,"column":4},"end":{"line":240,"column":5}},"97":{"start":{"line":238,"column":6},"end":{"line":238,"column":42}},"98":{"start":{"line":239,"column":6},"end":{"line":239,"column":31}},"99":{"start":{"line":242,"column":4},"end":{"line":247,"column":5}},"100":{"start":{"line":243,"column":6},"end":{"line":245,"column":7}},"101":{"start":{"line":244,"column":8},"end":{"line":244,"column":66}},"102":{"start":{"line":246,"column":6},"end":{"line":246,"column":73}},"103":{"start":{"line":250,"column":4},"end":{"line":256,"column":5}},"104":{"start":{"line":251,"column":6},"end":{"line":253,"column":7}},"105":{"start":{"line":252,"column":8},"end":{"line":252,"column":55}},"106":{"start":{"line":254,"column":6},"end":{"line":254,"column":36}},"107":{"start":{"line":255,"column":6},"end":{"line":255,"column":25}},"108":{"start":{"line":258,"column":4},"end":{"line":260,"column":5}},"109":{"start":{"line":259,"column":6},"end":{"line":259,"column":72}},"110":{"start":{"line":262,"column":4},"end":{"line":262,"column":23}},"111":{"start":{"line":263,"column":16},"end":{"line":263,"column":83}},"112":{"start":{"line":265,"column":4},"end":{"line":265,"column":27}},"113":{"start":{"line":272,"column":8},"end":{"line":272,"column":15}},"114":{"start":{"line":274,"column":4},"end":{"line":276,"column":5}},"115":{"start":{"line":275,"column":6},"end":{"line":275,"column":54}},"116":{"start":{"line":278,"column":4},"end":{"line":280,"column":5}},"117":{"start":{"line":279,"column":6},"end":{"line":279,"column":58}},"118":{"start":{"line":282,"column":16},"end":{"line":282,"column":59}},"119":{"start":{"line":283,"column":19},"end":{"line":283,"column":26}},"120":{"start":{"line":285,"column":4},"end":{"line":285,"column":27}},"121":{"start":{"line":289,"column":0},"end":{"line":289,"column":32}}},"fnMap":{"0":{"name":"(anonymous_0)","decl":{"start":{"line":5,"column":2},"end":{"line":5,"column":3}},"loc":{"start":{"line":5,"column":44},"end":{"line":51,"column":3}},"line":5},"1":{"name":"(anonymous_1)","decl":{"start":{"line":53,"column":2},"end":{"line":53,"column":3}},"loc":{"start":{"line":53,"column":28},"end":{"line":55,"column":3}},"line":53},"2":{"name":"(anonymous_2)","decl":{"start":{"line":57,"column":2},"end":{"line":57,"column":3}},"loc":{"start":{"line":57,"column":38},"end":{"line":65,"column":3}},"line":57},"3":{"name":"(anonymous_3)","decl":{"start":{"line":67,"column":2},"end":{"line":67,"column":3}},"loc":{"start":{"line":67,"column":40},"end":{"line":75,"column":3}},"line":67},"4":{"name":"(anonymous_4)","decl":{"start":{"line":77,"column":2},"end":{"line":77,"column":3}},"loc":{"start":{"line":77,"column":40},"end":{"line":153,"column":3}},"line":77},"5":{"name":"(anonymous_5)","decl":{"start":{"line":155,"column":2},"end":{"line":155,"column":3}},"loc":{"start":{"line":155,"column":37},"end":{"line":172,"column":3}},"line":155},"6":{"name":"(anonymous_6)","decl":{"start":{"line":160,"column":22},"end":{"line":160,"column":23}},"loc":{"start":{"line":160,"column":29},"end":{"line":171,"column":5}},"line":160},"7":{"name":"(anonymous_7)","decl":{"start":{"line":174,"column":2},"end":{"line":174,"column":3}},"loc":{"start":{"line":174,"column":34},"end":{"line":215,"column":3}},"line":174},"8":{"name":"(anonymous_8)","decl":{"start":{"line":217,"column":2},"end":{"line":217,"column":3}},"loc":{"start":{"line":217,"column":34},"end":{"line":266,"column":3}},"line":217},"9":{"name":"(anonymous_9)","decl":{"start":{"line":268,"column":2},"end":{"line":268,"column":3}},"loc":{"start":{"line":268,"column":34},"end":{"line":286,"column":3}},"line":268}},"branchMap":{"0":{"loc":{"start":{"line":6,"column":4},"end":{"line":8,"column":5}},"type":"if","locations":[{"start":{"line":6,"column":4},"end":{"line":8,"column":5}},{"start":{},"end":{}}],"line":6},"1":{"loc":{"start":{"line":6,"column":8},"end":{"line":6,"column":57}},"type":"binary-expr","locations":[{"start":{"line":6,"column":8},"end":{"line":6,"column":21}},{"start":{"line":6,"column":25},"end":{"line":6,"column":57}}],"line":6},"2":{"loc":{"start":{"line":12,"column":4},"end":{"line":12,"column":31}},"type":"if","locations":[{"start":{"line":12,"column":4},"end":{"line":12,"column":31}},{"start":{},"end":{}}],"line":12},"3":{"loc":{"start":{"line":25,"column":6},"end":{"line":27,"column":7}},"type":"if","locations":[{"start":{"line":25,"column":6},"end":{"line":27,"column":7}},{"start":{},"end":{}}],"line":25},"4":{"loc":{"start":{"line":32,"column":4},"end":{"line":32,"column":41}},"type":"if","locations":[{"start":{"line":32,"column":4},"end":{"line":32,"column":41}},{"start":{},"end":{}}],"line":32},"5":{"loc":{"start":{"line":36,"column":6},"end":{"line":36,"column":33}},"type":"if","locations":[{"start":{"line":36,"column":6},"end":{"line":36,"column":33}},{"start":{},"end":{}}],"line":36},"6":{"loc":{"start":{"line":41,"column":6},"end":{"line":43,"column":7}},"type":"if","locations":[{"start":{"line":41,"column":6},"end":{"line":43,"column":7}},{"start":{},"end":{}}],"line":41},"7":{"loc":{"start":{"line":47,"column":6},"end":{"line":47,"column":53}},"type":"if","locations":[{"start":{"line":47,"column":6},"end":{"line":47,"column":53}},{"start":{},"end":{}}],"line":47},"8":{"loc":{"start":{"line":47,"column":10},"end":{"line":47,"column":38}},"type":"binary-expr","locations":[{"start":{"line":47,"column":10},"end":{"line":47,"column":20}},{"start":{"line":47,"column":24},"end":{"line":47,"column":38}}],"line":47},"9":{"loc":{"start":{"line":54,"column":11},"end":{"line":54,"column":80}},"type":"binary-expr","locations":[{"start":{"line":54,"column":11},"end":{"line":54,"column":33}},{"start":{"line":54,"column":37},"end":{"line":54,"column":45}},{"start":{"line":54,"column":49},"end":{"line":54,"column":80}}],"line":54},"10":{"loc":{"start":{"line":58,"column":4},"end":{"line":60,"column":5}},"type":"if","locations":[{"start":{"line":58,"column":4},"end":{"line":60,"column":5}},{"start":{},"end":{}}],"line":58},"11":{"loc":{"start":{"line":58,"column":8},"end":{"line":58,"column":51}},"type":"binary-expr","locations":[{"start":{"line":58,"column":8},"end":{"line":58,"column":18}},{"start":{"line":58,"column":22},"end":{"line":58,"column":51}}],"line":58},"12":{"loc":{"start":{"line":68,"column":4},"end":{"line":70,"column":5}},"type":"if","locations":[{"start":{"line":68,"column":4},"end":{"line":70,"column":5}},{"start":{},"end":{}}],"line":68},"13":{"loc":{"start":{"line":68,"column":8},"end":{"line":68,"column":53}},"type":"binary-expr","locations":[{"start":{"line":68,"column":8},"end":{"line":68,"column":19}},{"start":{"line":68,"column":23},"end":{"line":68,"column":53}}],"line":68},"14":{"loc":{"start":{"line":80,"column":6},"end":{"line":80,"column":15}},"type":"default-arg","locations":[{"start":{"line":80,"column":13},"end":{"line":80,"column":15}}],"line":80},"15":{"loc":{"start":{"line":81,"column":6},"end":{"line":81,"column":35}},"type":"default-arg","locations":[{"start":{"line":81,"column":18},"end":{"line":81,"column":35}}],"line":81},"16":{"loc":{"start":{"line":82,"column":6},"end":{"line":82,"column":32}},"type":"default-arg","locations":[{"start":{"line":82,"column":21},"end":{"line":82,"column":32}}],"line":82},"17":{"loc":{"start":{"line":83,"column":6},"end":{"line":83,"column":36}},"type":"default-arg","locations":[{"start":{"line":83,"column":22},"end":{"line":83,"column":36}}],"line":83},"18":{"loc":{"start":{"line":84,"column":6},"end":{"line":84,"column":25}},"type":"default-arg","locations":[{"start":{"line":84,"column":17},"end":{"line":84,"column":25}}],"line":84},"19":{"loc":{"start":{"line":85,"column":6},"end":{"line":85,"column":28}},"type":"default-arg","locations":[{"start":{"line":85,"column":26},"end":{"line":85,"column":28}}],"line":85},"20":{"loc":{"start":{"line":86,"column":6},"end":{"line":86,"column":28}},"type":"default-arg","locations":[{"start":{"line":86,"column":24},"end":{"line":86,"column":28}}],"line":86},"21":{"loc":{"start":{"line":87,"column":6},"end":{"line":87,"column":26}},"type":"default-arg","locations":[{"start":{"line":87,"column":22},"end":{"line":87,"column":26}}],"line":87},"22":{"loc":{"start":{"line":88,"column":6},"end":{"line":88,"column":24}},"type":"default-arg","locations":[{"start":{"line":88,"column":21},"end":{"line":88,"column":24}}],"line":88},"23":{"loc":{"start":{"line":91,"column":4},"end":{"line":93,"column":5}},"type":"if","locations":[{"start":{"line":91,"column":4},"end":{"line":93,"column":5}},{"start":{},"end":{}}],"line":91},"24":{"loc":{"start":{"line":94,"column":4},"end":{"line":96,"column":5}},"type":"if","locations":[{"start":{"line":94,"column":4},"end":{"line":96,"column":5}},{"start":{},"end":{}}],"line":94},"25":{"loc":{"start":{"line":97,"column":4},"end":{"line":99,"column":5}},"type":"if","locations":[{"start":{"line":97,"column":4},"end":{"line":99,"column":5}},{"start":{},"end":{}}],"line":97},"26":{"loc":{"start":{"line":100,"column":4},"end":{"line":102,"column":5}},"type":"if","locations":[{"start":{"line":100,"column":4},"end":{"line":102,"column":5}},{"start":{},"end":{}}],"line":100},"27":{"loc":{"start":{"line":103,"column":4},"end":{"line":105,"column":5}},"type":"if","locations":[{"start":{"line":103,"column":4},"end":{"line":105,"column":5}},{"start":{},"end":{}}],"line":103},"28":{"loc":{"start":{"line":109,"column":4},"end":{"line":111,"column":5}},"type":"if","locations":[{"start":{"line":109,"column":4},"end":{"line":111,"column":5}},{"start":{},"end":{}}],"line":109},"29":{"loc":{"start":{"line":123,"column":4},"end":{"line":125,"column":5}},"type":"if","locations":[{"start":{"line":123,"column":4},"end":{"line":125,"column":5}},{"start":{},"end":{}}],"line":123},"30":{"loc":{"start":{"line":127,"column":4},"end":{"line":144,"column":5}},"type":"if","locations":[{"start":{"line":127,"column":4},"end":{"line":144,"column":5}},{"start":{},"end":{}}],"line":127},"31":{"loc":{"start":{"line":138,"column":8},"end":{"line":140,"column":9}},"type":"if","locations":[{"start":{"line":138,"column":8},"end":{"line":140,"column":9}},{"start":{},"end":{}}],"line":138},"32":{"loc":{"start":{"line":146,"column":4},"end":{"line":148,"column":5}},"type":"if","locations":[{"start":{"line":146,"column":4},"end":{"line":148,"column":5}},{"start":{},"end":{}}],"line":146},"33":{"loc":{"start":{"line":156,"column":4},"end":{"line":158,"column":5}},"type":"if","locations":[{"start":{"line":156,"column":4},"end":{"line":158,"column":5}},{"start":{},"end":{}}],"line":156},"34":{"loc":{"start":{"line":161,"column":6},"end":{"line":163,"column":7}},"type":"if","locations":[{"start":{"line":161,"column":6},"end":{"line":163,"column":7}},{"start":{},"end":{}}],"line":161},"35":{"loc":{"start":{"line":161,"column":10},"end":{"line":161,"column":51}},"type":"binary-expr","locations":[{"start":{"line":161,"column":10},"end":{"line":161,"column":33}},{"start":{"line":161,"column":37},"end":{"line":161,"column":51}}],"line":161},"36":{"loc":{"start":{"line":166,"column":6},"end":{"line":168,"column":7}},"type":"if","locations":[{"start":{"line":166,"column":6},"end":{"line":168,"column":7}},{"start":{},"end":{}}],"line":166},"37":{"loc":{"start":{"line":166,"column":10},"end":{"line":166,"column":43}},"type":"binary-expr","locations":[{"start":{"line":166,"column":10},"end":{"line":166,"column":30}},{"start":{"line":166,"column":34},"end":{"line":166,"column":43}}],"line":166},"38":{"loc":{"start":{"line":176,"column":6},"end":{"line":176,"column":35}},"type":"default-arg","locations":[{"start":{"line":176,"column":18},"end":{"line":176,"column":35}}],"line":176},"39":{"loc":{"start":{"line":183,"column":6},"end":{"line":183,"column":27}},"type":"default-arg","locations":[{"start":{"line":183,"column":25},"end":{"line":183,"column":27}}],"line":183},"40":{"loc":{"start":{"line":186,"column":4},"end":{"line":188,"column":5}},"type":"if","locations":[{"start":{"line":186,"column":4},"end":{"line":188,"column":5}},{"start":{},"end":{}}],"line":186},"41":{"loc":{"start":{"line":186,"column":8},"end":{"line":186,"column":47}},"type":"binary-expr","locations":[{"start":{"line":186,"column":8},"end":{"line":186,"column":14}},{"start":{"line":186,"column":18},"end":{"line":186,"column":30}},{"start":{"line":186,"column":34},"end":{"line":186,"column":47}}],"line":186},"42":{"loc":{"start":{"line":190,"column":4},"end":{"line":192,"column":5}},"type":"if","locations":[{"start":{"line":190,"column":4},"end":{"line":192,"column":5}},{"start":{},"end":{}}],"line":190},"43":{"loc":{"start":{"line":194,"column":4},"end":{"line":196,"column":5}},"type":"if","locations":[{"start":{"line":194,"column":4},"end":{"line":196,"column":5}},{"start":{},"end":{}}],"line":194},"44":{"loc":{"start":{"line":204,"column":6},"end":{"line":206,"column":7}},"type":"if","locations":[{"start":{"line":204,"column":6},"end":{"line":206,"column":7}},{"start":{},"end":{}}],"line":204},"45":{"loc":{"start":{"line":219,"column":6},"end":{"line":219,"column":35}},"type":"default-arg","locations":[{"start":{"line":219,"column":18},"end":{"line":219,"column":35}}],"line":219},"46":{"loc":{"start":{"line":223,"column":6},"end":{"line":223,"column":27}},"type":"default-arg","locations":[{"start":{"line":223,"column":25},"end":{"line":223,"column":27}}],"line":223},"47":{"loc":{"start":{"line":226,"column":4},"end":{"line":228,"column":5}},"type":"if","locations":[{"start":{"line":226,"column":4},"end":{"line":228,"column":5}},{"start":{},"end":{}}],"line":226},"48":{"loc":{"start":{"line":230,"column":4},"end":{"line":232,"column":5}},"type":"if","locations":[{"start":{"line":230,"column":4},"end":{"line":232,"column":5}},{"start":{},"end":{}}],"line":230},"49":{"loc":{"start":{"line":237,"column":4},"end":{"line":240,"column":5}},"type":"if","locations":[{"start":{"line":237,"column":4},"end":{"line":240,"column":5}},{"start":{},"end":{}}],"line":237},"50":{"loc":{"start":{"line":242,"column":4},"end":{"line":247,"column":5}},"type":"if","locations":[{"start":{"line":242,"column":4},"end":{"line":247,"column":5}},{"start":{},"end":{}}],"line":242},"51":{"loc":{"start":{"line":243,"column":6},"end":{"line":245,"column":7}},"type":"if","locations":[{"start":{"line":243,"column":6},"end":{"line":245,"column":7}},{"start":{},"end":{}}],"line":243},"52":{"loc":{"start":{"line":251,"column":6},"end":{"line":253,"column":7}},"type":"if","locations":[{"start":{"line":251,"column":6},"end":{"line":253,"column":7}},{"start":{},"end":{}}],"line":251},"53":{"loc":{"start":{"line":258,"column":4},"end":{"line":260,"column":5}},"type":"if","locations":[{"start":{"line":258,"column":4},"end":{"line":260,"column":5}},{"start":{},"end":{}}],"line":258},"54":{"loc":{"start":{"line":270,"column":6},"end":{"line":270,"column":35}},"type":"default-arg","locations":[{"start":{"line":270,"column":18},"end":{"line":270,"column":35}}],"line":270},"55":{"loc":{"start":{"line":274,"column":4},"end":{"line":276,"column":5}},"type":"if","locations":[{"start":{"line":274,"column":4},"end":{"line":276,"column":5}},{"start":{},"end":{}}],"line":274},"56":{"loc":{"start":{"line":278,"column":4},"end":{"line":280,"column":5}},"type":"if","locations":[{"start":{"line":278,"column":4},"end":{"line":280,"column":5}},{"start":{},"end":{}}],"line":278}},"s":{"0":61,"1":6,"2":55,"3":55,"4":0,"5":55,"6":55,"7":290,"8":9,"9":46,"10":46,"11":0,"12":46,"13":5465,"14":5465,"15":3,"16":5462,"17":5462,"18":8,"19":5454,"20":5454,"21":0,"22":35,"23":42,"24":25,"25":0,"26":25,"27":25,"28":23,"29":0,"30":23,"31":23,"32":28,"33":28,"34":0,"35":28,"36":2,"37":26,"38":1,"39":25,"40":2,"41":23,"42":0,"43":23,"44":23,"45":22,"46":23,"47":23,"48":23,"49":23,"50":23,"51":23,"52":0,"53":23,"54":4,"55":4,"56":16,"57":1,"58":3,"59":22,"60":22,"61":22,"62":22,"63":39,"64":0,"65":39,"66":12328,"67":0,"68":12328,"69":1,"70":12327,"71":0,"72":0,"73":0,"74":0,"75":0,"76":0,"77":0,"78":0,"79":0,"80":0,"81":0,"82":0,"83":0,"84":0,"85":0,"86":0,"87":0,"88":0,"89":0,"90":0,"91":0,"92":0,"93":0,"94":0,"95":0,"96":0,"97":0,"98":0,"99":0,"100":0,"101":0,"102":0,"103":0,"104":0,"105":0,"106":0,"107":0,"108":0,"109":0,"110":0,"111":0,"112":0,"113":0,"114":0,"115":0,"116":0,"117":0,"118":0,"119":0,"120":0,"121":5},"f":{"0":61,"1":42,"2":25,"3":23,"4":28,"5":39,"6":12328,"7":0,"8":0,"9":0},"b":{"0":[6,55],"1":[61,58],"2":[0,55],"3":[9,281],"4":[0,46],"5":[3,5462],"6":[8,5454],"7":[0,5454],"8":[5454,5454],"9":[42,33,30],"10":[0,25],"11":[25,25],"12":[0,23],"13":[23,23],"14":[0],"15":[0],"16":[0],"17":[10],"18":[11],"19":[28],"20":[10],"21":[28],"22":[0],"23":[0,28],"24":[2,26],"25":[1,25],"26":[2,23],"27":[0,23],"28":[22,1],"29":[0,23],"30":[4,19],"31":[1,15],"32":[22,0],"33":[0,39],"34":[0,12328],"35":[12328,12328],"36":[1,12327],"37":[12328,7],"38":[0],"39":[0],"40":[0,0],"41":[0,0,0],"42":[0,0],"43":[0,0],"44":[0,0],"45":[0],"46":[0],"47":[0,0],"48":[0,0],"49":[0,0],"50":[0,0],"51":[0,0],"52":[0,0],"53":[0,0],"54":[0],"55":[0,0],"56":[0,0]},"_coverageSchema":"1a1c01bbd47fc00a2c39e90264f33305004495a9","hash":"fd80dc8856a919a916d81452ea0a6b039d75fce5"}
}
