TN:
SF:src/db_vector_search.js
FN:7,(anonymous_0)
FN:21,(anonymous_1)
FN:32,(anonymous_2)
FN:58,(anonymous_3)
FN:87,(anonymous_4)
FN:118,(anonymous_5)
FN:146,(anonymous_6)
FN:178,(anonymous_7)
FN:197,(anonymous_8)
FN:226,(anonymous_9)
FN:242,(anonymous_10)
FN:260,(anonymous_11)
FN:281,(anonymous_12)
FNF:13
FNH:13
FNDA:96,(anonymous_0)
FNDA:22,(anonymous_1)
FNDA:3494,(anonymous_2)
FNDA:7,(anonymous_3)
FNDA:16,(anonymous_4)
FNDA:3460,(anonymous_5)
FNDA:6,(anonymous_6)
FNDA:5,(anonymous_7)
FNDA:5,(anonymous_8)
FNDA:6,(anonymous_9)
FNDA:4,(anonymous_10)
FNDA:6,(anonymous_11)
FNDA:10,(anonymous_12)
DA:4,4
DA:8,96
DA:9,1
DA:11,95
DA:23,22
DA:24,1
DA:26,21
DA:27,0
DA:29,21
DA:30,1
DA:32,3494
DA:33,1
DA:37,19
DA:38,3
DA:41,16
DA:43,16
DA:54,16
DA:55,16
DA:58,6
DA:59,7
DA:60,1
DA:62,6
DA:72,11
DA:89,16
DA:90,1
DA:92,15
DA:93,1
DA:95,14
DA:96,1
DA:98,13
DA:99,1
DA:101,12
DA:102,1
DA:104,11
DA:105,1
DA:107,10
DA:108,1
DA:112,9
DA:113,0
DA:115,9
DA:116,1
DA:118,3460
DA:119,1
DA:122,7
DA:124,7
DA:130,7
DA:131,7
DA:135,3
DA:148,6
DA:149,1
DA:151,5
DA:152,1
DA:154,4
DA:155,1
DA:158,3
DA:160,3
DA:166,3
DA:167,3
DA:169,2
DA:180,5
DA:181,2
DA:184,3
DA:186,3
DA:187,3
DA:189,2
DA:198,5
DA:207,5
DA:208,5
DA:209,2
DA:216,3
DA:228,6
DA:229,2
DA:232,4
DA:240,4
DA:241,4
DA:242,4
DA:251,2
DA:262,6
DA:263,2
DA:266,4
DA:268,4
DA:269,4
DA:270,2
DA:272,2
DA:282,10
DA:283,4
DA:286,6
DA:292,6
DA:293,6
DA:295,7
DA:297,1
DA:300,6
DA:301,6
DA:307,5
DA:312,4
LF:95
LH:93
BRDA:8,0,0,1
BRDA:8,0,1,95
BRDA:21,1,0,8
BRDA:21,2,0,20
BRDA:23,3,0,1
BRDA:23,3,1,21
BRDA:26,4,0,0
BRDA:26,4,1,21
BRDA:29,5,0,1
BRDA:29,5,1,20
BRDA:32,6,0,1
BRDA:32,6,1,19
BRDA:37,7,0,3
BRDA:37,7,1,16
BRDA:37,8,0,19
BRDA:37,8,1,18
BRDA:59,9,0,1
BRDA:59,9,1,6
BRDA:59,10,0,7
BRDA:59,10,1,7
BRDA:89,11,0,1
BRDA:89,11,1,15
BRDA:92,12,0,1
BRDA:92,12,1,14
BRDA:95,13,0,1
BRDA:95,13,1,13
BRDA:98,14,0,1
BRDA:98,14,1,12
BRDA:101,15,0,1
BRDA:101,15,1,11
BRDA:101,16,0,12
BRDA:101,16,1,11
BRDA:104,17,0,1
BRDA:104,17,1,10
BRDA:104,18,0,11
BRDA:104,18,1,10
BRDA:107,19,0,1
BRDA:107,19,1,9
BRDA:112,20,0,0
BRDA:112,20,1,9
BRDA:115,21,0,1
BRDA:115,21,1,8
BRDA:118,22,0,1
BRDA:118,22,1,7
BRDA:148,23,0,1
BRDA:148,23,1,5
BRDA:151,24,0,1
BRDA:151,24,1,4
BRDA:154,25,0,1
BRDA:154,25,1,3
BRDA:180,26,0,2
BRDA:180,26,1,3
BRDA:226,27,0,4
BRDA:228,28,0,2
BRDA:228,28,1,4
BRDA:262,29,0,2
BRDA:262,29,1,4
BRDA:282,30,0,4
BRDA:282,30,1,6
BRDA:282,31,0,10
BRDA:282,31,1,8
BRDA:295,32,0,1
BRDA:295,32,1,6
BRDA:295,33,0,7
BRDA:295,33,1,7
BRDA:295,33,2,6
BRDA:295,33,3,6
BRDA:295,33,4,6
BRDA:295,33,5,6
BRDA:295,33,6,6
BRF:70
BRH:68
end_of_record
TN:
SF:src/ddl_generator.js
FN:22,(anonymous_0)
FN:36,(anonymous_1)
FN:50,(anonymous_2)
FN:73,(anonymous_3)
FN:96,(anonymous_4)
FN:114,(anonymous_5)
FN:154,(anonymous_6)
FN:168,(anonymous_7)
FN:182,(anonymous_8)
FN:183,(anonymous_9)
FN:195,(anonymous_10)
FN:210,(anonymous_11)
FN:231,(anonymous_12)
FN:236,(anonymous_13)
FN:248,(anonymous_14)
FN:260,(anonymous_15)
FNF:16
FNH:1
FNDA:54,(anonymous_0)
FNDA:0,(anonymous_1)
FNDA:0,(anonymous_2)
FNDA:0,(anonymous_3)
FNDA:0,(anonymous_4)
FNDA:0,(anonymous_5)
FNDA:0,(anonymous_6)
FNDA:0,(anonymous_7)
FNDA:0,(anonymous_8)
FNDA:0,(anonymous_9)
FNDA:0,(anonymous_10)
FNDA:0,(anonymous_11)
FNDA:0,(anonymous_12)
FNDA:0,(anonymous_13)
FNDA:0,(anonymous_14)
FNDA:0,(anonymous_15)
DA:23,54
DA:24,54
DA:26,54
DA:27,0
DA:37,0
DA:38,0
DA:42,0
DA:45,0
DA:47,0
DA:50,0
DA:53,0
DA:58,0
DA:60,0
DA:64,0
DA:74,0
DA:75,0
DA:77,0
DA:78,0
DA:81,0
DA:83,0
DA:85,0
DA:86,0
DA:89,0
DA:90,0
DA:91,0
DA:92,0
DA:93,0
DA:96,0
DA:97,0
DA:98,0
DA:99,0
DA:100,0
DA:101,0
DA:103,0
DA:106,0
DA:115,0
DA:139,0
DA:155,0
DA:156,0
DA:159,0
DA:160,0
DA:163,0
DA:164,0
DA:168,0
DA:169,0
DA:170,0
DA:172,0
DA:173,0
DA:175,0
DA:176,0
DA:181,0
DA:182,0
DA:183,0
DA:184,0
DA:196,0
DA:197,0
DA:200,0
DA:201,0
DA:211,0
DA:213,0
DA:215,0
DA:216,0
DA:219,0
DA:220,0
DA:223,0
DA:232,0
DA:233,0
DA:236,0
DA:237,0
DA:240,0
DA:249,0
DA:250,0
DA:252,0
DA:261,0
DA:262,0
DA:265,0
DA:269,3
LF:77
LH:4
BRDA:22,0,0,0
BRDA:26,1,0,0
BRDA:26,1,1,54
BRDA:37,2,0,0
BRDA:37,2,1,0
BRDA:47,3,0,0
BRDA:53,4,0,0
BRDA:53,4,1,0
BRDA:53,5,0,0
BRDA:53,5,1,0
BRDA:74,6,0,0
BRDA:74,6,1,0
BRDA:77,7,0,0
BRDA:77,7,1,0
BRDA:83,8,0,0
BRDA:83,9,0,0
BRDA:85,10,0,0
BRDA:85,10,1,0
BRDA:86,11,0,0
BRDA:86,11,1,0
BRDA:90,12,0,0
BRDA:90,12,1,0
BRDA:92,13,0,0
BRDA:92,13,1,0
BRDA:97,14,0,0
BRDA:97,14,1,0
BRDA:99,15,0,0
BRDA:99,15,1,0
BRDA:99,16,0,0
BRDA:99,16,1,0
BRDA:100,17,0,0
BRDA:100,17,1,0
BRDA:142,18,0,0
BRDA:142,18,1,0
BRDA:143,19,0,0
BRDA:143,19,1,0
BRDA:144,20,0,0
BRDA:144,20,1,0
BRDA:145,21,0,0
BRDA:145,21,1,0
BRDA:155,22,0,0
BRDA:155,22,1,0
BRDA:155,23,0,0
BRDA:155,23,1,0
BRDA:159,24,0,0
BRDA:159,24,1,0
BRDA:163,25,0,0
BRDA:163,25,1,0
BRDA:163,26,0,0
BRDA:163,26,1,0
BRDA:169,27,0,0
BRDA:169,27,1,0
BRDA:169,28,0,0
BRDA:169,28,1,0
BRDA:172,29,0,0
BRDA:172,29,1,0
BRDA:175,30,0,0
BRDA:175,30,1,0
BRDA:175,31,0,0
BRDA:175,31,1,0
BRDA:181,32,0,0
BRDA:181,32,1,0
BRDA:181,33,0,0
BRDA:181,33,1,0
BRDA:183,34,0,0
BRDA:183,34,1,0
BRDA:196,35,0,0
BRDA:196,35,1,0
BRDA:196,36,0,0
BRDA:196,36,1,0
BRDA:200,37,0,0
BRDA:200,37,1,0
BRDA:200,38,0,0
BRDA:200,38,1,0
BRDA:211,39,0,0
BRDA:215,40,0,0
BRDA:215,40,1,0
BRDA:219,41,0,0
BRDA:219,41,1,0
BRDA:232,42,0,0
BRDA:232,42,1,0
BRDA:232,43,0,0
BRDA:232,43,1,0
BRDA:249,44,0,0
BRDA:249,44,1,0
BRDA:261,45,0,0
BRDA:261,45,1,0
BRDA:261,46,0,0
BRDA:261,46,1,0
BRF:89
BRH:1
end_of_record
TN:
SF:src/embedding_utils.js
FN:8,(anonymous_0)
FN:17,(anonymous_1)
FN:40,(anonymous_2)
FN:62,(anonymous_3)
FN:67,(anonymous_4)
FN:68,(anonymous_5)
FN:74,(anonymous_6)
FN:105,(anonymous_7)
FN:113,(anonymous_8)
FN:125,(anonymous_9)
FN:129,(anonymous_10)
FN:133,(anonymous_11)
FN:145,(anonymous_12)
FN:169,(anonymous_13)
FN:199,(anonymous_14)
FN:202,(anonymous_15)
FN:211,(anonymous_16)
FN:248,(anonymous_17)
FN:257,(anonymous_18)
FN:264,(anonymous_19)
FN:284,(anonymous_20)
FN:293,(anonymous_21)
FN:316,(anonymous_22)
FN:344,(anonymous_23)
FNF:24
FNH:16
FNDA:100,(anonymous_0)
FNDA:16,(anonymous_1)
FNDA:133,(anonymous_2)
FNDA:48384,(anonymous_3)
FNDA:48384,(anonymous_4)
FNDA:48384,(anonymous_5)
FNDA:7,(anonymous_6)
FNDA:129,(anonymous_7)
FNDA:9,(anonymous_8)
FNDA:1,(anonymous_9)
FNDA:2,(anonymous_10)
FNDA:127,(anonymous_11)
FNDA:0,(anonymous_12)
FNDA:0,(anonymous_13)
FNDA:0,(anonymous_14)
FNDA:1,(anonymous_15)
FNDA:0,(anonymous_16)
FNDA:0,(anonymous_17)
FNDA:0,(anonymous_18)
FNDA:0,(anonymous_19)
FNDA:0,(anonymous_20)
FNDA:7,(anonymous_21)
FNDA:9,(anonymous_22)
FNDA:6,(anonymous_23)
DA:9,100
DA:10,100
DA:11,100
DA:12,100
DA:13,100
DA:14,100
DA:18,16
DA:19,1
DA:22,15
DA:24,15
DA:25,1
DA:29,14
DA:33,14
DA:34,14
DA:36,1
DA:41,133
DA:42,15
DA:45,132
DA:46,5
DA:49,127
DA:50,127
DA:51,0
DA:54,127
DA:56,127
DA:58,6
DA:62,126
DA:63,48384
DA:67,48384
DA:68,48384
DA:70,1
DA:75,7
DA:77,7
DA:78,0
DA:81,7
DA:82,0
DA:86,7
DA:87,129
DA:88,0
DA:92,7
DA:93,7
DA:95,7
DA:96,22
DA:97,22
DA:99,22
DA:100,0
DA:104,22
DA:105,129
DA:108,21
DA:111,6
DA:114,9
DA:115,2
DA:118,7
DA:119,7
DA:121,1
DA:126,1
DA:130,2
DA:134,127
DA:135,0
DA:138,127
DA:150,0
DA:152,0
DA:153,0
DA:156,0
DA:157,0
DA:160,0
DA:161,0
DA:162,0
DA:165,0
DA:167,0
DA:169,0
DA:170,0
DA:172,0
DA:173,0
DA:174,0
DA:176,0
DA:177,0
DA:179,0
DA:180,0
DA:182,0
DA:186,0
DA:187,0
DA:191,0
DA:192,0
DA:193,0
DA:194,0
DA:199,0
DA:203,1
DA:218,0
DA:220,0
DA:221,0
DA:226,0
DA:227,0
DA:229,0
DA:232,0
DA:233,0
DA:236,0
DA:241,0
DA:242,0
DA:245,0
DA:249,0
DA:250,0
DA:253,0
DA:254,0
DA:257,0
DA:258,0
DA:265,0
DA:266,0
DA:270,0
DA:271,0
DA:272,0
DA:274,0
DA:275,0
DA:276,0
DA:277,0
DA:280,0
DA:281,0
DA:285,0
DA:287,0
DA:289,0
DA:294,7
DA:295,1
DA:298,6
DA:299,1
DA:302,5
DA:303,5
DA:304,5
DA:306,5
DA:307,397
DA:308,397
DA:309,397
DA:312,5
DA:313,5
DA:317,9
DA:319,6
DA:322,6
DA:323,6
DA:327,6
DA:328,1
DA:332,6
DA:333,2
DA:337,6
DA:338,1
DA:341,6
DA:345,6
DA:351,5
DA:353,5
DA:354,1
DA:357,4
DA:358,4
DA:360,4
DA:361,154
DA:364,154
DA:365,34
DA:366,34
DA:367,34
DA:371,154
DA:372,154
DA:373,147
DA:377,154
DA:379,154
DA:382,4
DA:386,4
LF:162
LH:97
BRDA:8,0,0,32
BRDA:18,1,0,1
BRDA:18,1,1,15
BRDA:24,2,0,1
BRDA:24,2,1,14
BRDA:41,3,0,15
BRDA:41,3,1,118
BRDA:45,4,0,5
BRDA:45,4,1,127
BRDA:45,5,0,132
BRDA:45,5,1,129
BRDA:50,6,0,0
BRDA:50,6,1,127
BRDA:56,7,0,6
BRDA:56,7,1,121
BRDA:56,8,0,127
BRDA:56,8,1,127
BRDA:74,9,0,0
BRDA:75,10,0,0
BRDA:75,11,0,7
BRDA:77,12,0,0
BRDA:77,12,1,7
BRDA:81,13,0,0
BRDA:81,13,1,7
BRDA:87,14,0,0
BRDA:87,14,1,129
BRDA:87,15,0,129
BRDA:87,15,1,129
BRDA:99,16,0,0
BRDA:99,16,1,22
BRDA:113,17,0,3
BRDA:114,18,0,2
BRDA:114,18,1,7
BRDA:114,19,0,9
BRDA:114,19,1,8
BRDA:134,20,0,0
BRDA:134,20,1,127
BRDA:134,21,0,127
BRDA:134,21,1,127
BRDA:145,22,0,0
BRDA:147,23,0,0
BRDA:148,24,0,0
BRDA:149,25,0,0
BRDA:152,26,0,0
BRDA:152,26,1,0
BRDA:152,27,0,0
BRDA:152,27,1,0
BRDA:156,28,0,0
BRDA:156,28,1,0
BRDA:156,29,0,0
BRDA:156,29,1,0
BRDA:156,29,2,0
BRDA:161,30,0,0
BRDA:161,30,1,0
BRDA:167,31,0,0
BRDA:167,31,1,0
BRDA:174,32,0,0
BRDA:174,32,1,0
BRDA:176,33,0,0
BRDA:176,33,1,0
BRDA:177,34,0,0
BRDA:177,34,1,0
BRDA:179,35,0,0
BRDA:179,35,1,0
BRDA:186,36,0,0
BRDA:186,36,1,0
BRDA:193,37,0,0
BRDA:193,37,1,0
BRDA:211,38,0,0
BRDA:213,39,0,0
BRDA:214,40,0,0
BRDA:215,41,0,0
BRDA:216,42,0,0
BRDA:217,43,0,0
BRDA:220,44,0,0
BRDA:220,44,1,0
BRDA:220,45,0,0
BRDA:220,45,1,0
BRDA:226,46,0,0
BRDA:226,46,1,0
BRDA:232,47,0,0
BRDA:232,47,1,0
BRDA:241,48,0,0
BRDA:241,48,1,0
BRDA:249,49,0,0
BRDA:249,49,1,0
BRDA:253,50,0,0
BRDA:253,50,1,0
BRDA:258,51,0,0
BRDA:258,51,1,0
BRDA:258,51,2,0
BRDA:265,52,0,0
BRDA:265,52,1,0
BRDA:265,53,0,0
BRDA:265,53,1,0
BRDA:281,54,0,0
BRDA:281,54,1,0
BRDA:285,55,0,0
BRDA:285,55,1,0
BRDA:294,56,0,1
BRDA:294,56,1,6
BRDA:294,57,0,7
BRDA:294,57,1,6
BRDA:298,58,0,1
BRDA:298,58,1,5
BRDA:313,59,0,1
BRDA:313,59,1,4
BRDA:316,60,0,5
BRDA:317,61,0,3
BRDA:317,61,1,6
BRDA:322,62,0,6
BRDA:322,62,1,0
BRDA:327,63,0,1
BRDA:327,63,1,5
BRDA:332,64,0,2
BRDA:332,64,1,4
BRDA:337,65,0,1
BRDA:337,65,1,5
BRDA:337,66,0,6
BRDA:337,66,1,1
BRDA:344,67,0,1
BRDA:345,68,0,1
BRDA:345,68,1,5
BRDA:348,69,0,0
BRDA:349,70,0,2
BRDA:350,71,0,1
BRDA:353,72,0,1
BRDA:353,72,1,4
BRDA:364,73,0,34
BRDA:364,73,1,120
BRDA:364,74,0,154
BRDA:364,74,1,146
BRDA:366,75,0,34
BRDA:366,75,1,0
BRDA:372,76,0,147
BRDA:372,76,1,7
BRDA:379,77,0,4
BRDA:379,77,1,150
BRF:138
BRH:67
end_of_record
TN:
SF:src/index.js
FN:21,createVectorSearchPipeline
FN:48,(anonymous_1)
FN:85,(anonymous_2)
FN:107,(anonymous_3)
FN:114,(anonymous_4)
FN:121,(anonymous_5)
FN:147,(anonymous_6)
FN:158,(anonymous_7)
FN:170,(anonymous_8)
FN:182,(anonymous_9)
FN:200,(anonymous_10)
FN:208,(anonymous_11)
FN:218,(anonymous_12)
FN:227,(anonymous_13)
FN:238,(anonymous_14)
FN:272,(anonymous_15)
FN:284,(anonymous_16)
FNF:17
FNH:17
FNDA:54,createVectorSearchPipeline
FNDA:19,(anonymous_1)
FNDA:10,(anonymous_2)
FNDA:9,(anonymous_3)
FNDA:113,(anonymous_4)
FNDA:112,(anonymous_5)
FNDA:5,(anonymous_6)
FNDA:58,(anonymous_7)
FNDA:2,(anonymous_8)
FNDA:5,(anonymous_9)
FNDA:2,(anonymous_10)
FNDA:2,(anonymous_11)
FNDA:2,(anonymous_12)
FNDA:2,(anonymous_13)
FNDA:1,(anonymous_14)
FNDA:1,(anonymous_15)
FNDA:54,(anonymous_16)
DA:5,3
DA:8,3
DA:9,3
DA:10,3
DA:11,3
DA:12,3
DA:22,54
DA:23,54
DA:24,54
DA:27,54
DA:31,54
DA:33,54
DA:49,19
DA:50,4
DA:53,15
DA:54,15
DA:55,13
DA:58,13
DA:59,3
DA:60,3
DA:65,13
DA:71,11
DA:86,10
DA:87,4
DA:90,6
DA:91,6
DA:92,4
DA:96,4
DA:108,9
DA:109,3
DA:112,6
DA:114,113
DA:115,6
DA:121,112
DA:131,5
DA:133,4
DA:148,5
DA:149,2
DA:152,3
DA:154,3
DA:155,2
DA:158,58
DA:168,2
DA:170,2
DA:172,2
DA:183,5
DA:184,2
DA:187,3
DA:188,3
DA:189,2
DA:191,2
DA:201,2
DA:209,2
DA:219,2
DA:228,2
DA:240,1
DA:241,0
DA:243,0
DA:245,0
DA:248,0
DA:249,0
DA:254,0
DA:255,0
DA:256,0
DA:260,0
DA:265,1
DA:273,1
DA:285,54
DA:291,3
LF:69
LH:60
BRDA:5,0,0,3
BRDA:5,0,1,0
BRDA:21,1,0,3
BRDA:28,2,0,54
BRDA:28,2,1,54
BRDA:29,3,0,54
BRDA:29,3,1,54
BRDA:48,4,0,15
BRDA:49,5,0,4
BRDA:49,5,1,15
BRDA:49,6,0,19
BRDA:49,6,1,16
BRDA:58,7,0,3
BRDA:58,7,1,10
BRDA:58,8,0,13
BRDA:58,8,1,3
BRDA:60,9,0,2
BRDA:60,9,1,1
BRDA:67,10,0,13
BRDA:67,10,1,10
BRDA:86,11,0,4
BRDA:86,11,1,6
BRDA:86,12,0,10
BRDA:86,12,1,7
BRDA:107,13,0,5
BRDA:108,14,0,3
BRDA:108,14,1,6
BRDA:108,15,0,9
BRDA:108,15,1,7
BRDA:117,16,0,6
BRDA:117,16,1,3
BRDA:147,17,0,4
BRDA:148,18,0,2
BRDA:148,18,1,3
BRDA:148,19,0,5
BRDA:148,19,1,4
BRDA:183,20,0,2
BRDA:183,20,1,3
BRDA:183,21,0,5
BRDA:183,21,1,4
BRDA:218,22,0,0
BRDA:238,23,0,1
BRDA:240,24,0,0
BRDA:240,24,1,1
BRDA:241,25,0,0
BRDA:241,25,1,0
BRDA:248,26,0,0
BRDA:248,26,1,0
BRDA:248,27,0,0
BRDA:248,27,1,0
BRDA:254,28,0,0
BRDA:254,28,1,0
BRF:52
BRH:41
end_of_record
TN:
SF:src/iris_connection_manager.js
FN:5,(anonymous_0)
FN:18,(anonymous_1)
FN:36,(anonymous_2)
FN:60,(anonymous_3)
FN:64,(anonymous_4)
FN:69,(anonymous_5)
FN:73,(anonymous_6)
FN:85,(anonymous_7)
FN:93,(anonymous_8)
FN:103,(anonymous_9)
FN:108,(anonymous_10)
FN:117,(anonymous_11)
FNF:12
FNH:12
FNDA:94,(anonymous_0)
FNDA:31,(anonymous_1)
FNDA:20,(anonymous_2)
FNDA:4,(anonymous_3)
FNDA:4,(anonymous_4)
FNDA:8,(anonymous_5)
FNDA:1,(anonymous_6)
FNDA:95,(anonymous_7)
FNDA:54,(anonymous_8)
FNDA:19,(anonymous_9)
FNDA:6,(anonymous_10)
FNDA:2,(anonymous_11)
DA:6,94
DA:14,94
DA:15,94
DA:19,31
DA:20,2
DA:23,29
DA:25,29
DA:37,20
DA:39,20
DA:40,3
DA:44,17
DA:45,2
DA:46,15
DA:47,1
DA:48,14
DA:49,2
DA:50,12
DA:51,1
DA:52,11
DA:53,1
DA:56,10
DA:61,4
DA:65,4
DA:66,4
DA:70,8
DA:74,1
DA:78,29
DA:79,29
DA:81,0
DA:86,95
DA:87,29
DA:88,29
DA:90,95
DA:94,54
DA:104,19
DA:105,18
DA:109,6
DA:118,2
DA:119,2
DA:120,2
DA:121,1
DA:123,1
DA:128,4
LF:43
LH:42
BRDA:5,0,0,5
BRDA:7,1,0,94
BRDA:7,1,1,6
BRDA:8,2,0,94
BRDA:8,2,1,7
BRDA:9,3,0,94
BRDA:9,3,1,7
BRDA:10,4,0,94
BRDA:10,4,1,9
BRDA:11,5,0,94
BRDA:11,5,1,9
BRDA:19,6,0,2
BRDA:19,6,1,29
BRDA:36,7,0,14
BRDA:39,8,0,3
BRDA:39,8,1,17
BRDA:44,9,0,2
BRDA:44,9,1,15
BRDA:45,10,0,2
BRDA:45,10,1,0
BRDA:46,11,0,1
BRDA:46,11,1,14
BRDA:47,12,0,1
BRDA:47,12,1,0
BRDA:48,13,0,2
BRDA:48,13,1,12
BRDA:50,14,0,1
BRDA:50,14,1,11
BRDA:52,15,0,1
BRDA:52,15,1,10
BRDA:64,16,0,1
BRDA:86,17,0,29
BRDA:86,17,1,66
BRDA:103,18,0,10
BRF:34
BRH:32
end_of_record
TN:
SF:src/real_iris_connection_manager.js
FN:10,(anonymous_0)
FN:23,(anonymous_1)
FN:43,(anonymous_2)
FN:59,(anonymous_3)
FN:71,(anonymous_4)
FN:81,(anonymous_5)
FN:86,(anonymous_6)
FN:95,(anonymous_7)
FNF:8
FNH:0
FNDA:0,(anonymous_0)
FNDA:0,(anonymous_1)
FNDA:0,(anonymous_2)
FNDA:0,(anonymous_3)
FNDA:0,(anonymous_4)
FNDA:0,(anonymous_5)
FNDA:0,(anonymous_6)
FNDA:0,(anonymous_7)
DA:4,0
DA:11,0
DA:19,0
DA:20,0
DA:24,0
DA:25,0
DA:28,0
DA:31,0
DA:39,0
DA:41,0
DA:44,0
DA:45,0
DA:47,0
DA:49,0
DA:54,0
DA:55,0
DA:60,0
DA:61,0
DA:62,0
DA:64,0
DA:66,0
DA:68,0
DA:72,0
DA:82,0
DA:83,0
DA:87,0
DA:96,0
DA:97,0
DA:98,0
DA:99,0
DA:101,0
DA:106,0
LF:32
LH:0
BRDA:10,0,0,0
BRDA:12,1,0,0
BRDA:12,1,1,0
BRDA:13,2,0,0
BRDA:13,2,1,0
BRDA:14,3,0,0
BRDA:14,3,1,0
BRDA:15,4,0,0
BRDA:15,4,1,0
BRDA:16,5,0,0
BRDA:16,5,1,0
BRDA:24,6,0,0
BRDA:24,6,1,0
BRDA:24,7,0,0
BRDA:24,7,1,0
BRDA:43,8,0,0
BRDA:47,9,0,0
BRDA:47,9,1,0
BRDA:60,10,0,0
BRDA:60,10,1,0
BRDA:81,11,0,0
BRF:21
BRH:0
end_of_record
TN:
SF:src/table_manager.js
FN:17,(anonymous_0)
FN:37,(anonymous_1)
FN:73,(anonymous_2)
FN:111,(anonymous_3)
FN:152,(anonymous_4)
FN:183,(anonymous_5)
FN:227,(anonymous_6)
FN:249,(anonymous_7)
FN:253,(anonymous_8)
FN:267,(anonymous_9)
FN:279,(anonymous_10)
FN:305,(anonymous_11)
FN:322,(anonymous_12)
FN:338,(anonymous_13)
FN:364,(anonymous_14)
FN:377,(anonymous_15)
FNF:16
FNH:1
FNDA:54,(anonymous_0)
FNDA:0,(anonymous_1)
FNDA:0,(anonymous_2)
FNDA:0,(anonymous_3)
FNDA:0,(anonymous_4)
FNDA:0,(anonymous_5)
FNDA:0,(anonymous_6)
FNDA:0,(anonymous_7)
FNDA:0,(anonymous_8)
FNDA:0,(anonymous_9)
FNDA:0,(anonymous_10)
FNDA:0,(anonymous_11)
FNDA:0,(anonymous_12)
FNDA:0,(anonymous_13)
FNDA:0,(anonymous_14)
FNDA:0,(anonymous_15)
DA:4,3
DA:18,54
DA:19,0
DA:22,54
DA:23,54
DA:29,54
DA:38,0
DA:39,0
DA:43,0
DA:47,0
DA:53,0
DA:54,0
DA:55,0
DA:58,0
DA:62,0
DA:64,0
DA:74,0
DA:75,0
DA:78,0
DA:80,0
DA:83,0
DA:84,0
DA:87,0
DA:88,0
DA:89,0
DA:90,0
DA:94,0
DA:97,0
DA:102,0
DA:112,0
DA:113,0
DA:116,0
DA:119,0
DA:120,0
DA:123,0
DA:124,0
DA:126,0
DA:127,0
DA:135,0
DA:137,0
DA:143,0
DA:153,0
DA:154,0
DA:158,0
DA:162,0
DA:174,0
DA:175,0
DA:176,0
DA:178,0
DA:179,0
DA:183,0
DA:184,0
DA:198,0
DA:208,0
DA:210,0
DA:217,0
DA:228,0
DA:229,0
DA:231,0
DA:232,0
DA:235,0
DA:236,0
DA:237,0
DA:240,0
DA:241,0
DA:248,0
DA:249,0
DA:251,0
DA:252,0
DA:253,0
DA:255,0
DA:256,0
DA:257,0
DA:261,0
DA:262,0
DA:267,0
DA:268,0
DA:272,0
DA:273,0
DA:277,0
DA:278,0
DA:279,0
DA:280,0
DA:282,0
DA:283,0
DA:287,0
DA:295,0
DA:306,0
DA:310,0
DA:317,0
DA:318,0
DA:319,0
DA:321,0
DA:322,0
DA:326,0
DA:327,0
DA:339,0
DA:340,0
DA:343,0
DA:344,0
DA:347,0
DA:348,0
DA:352,0
DA:363,0
DA:364,0
DA:365,0
DA:369,0
DA:378,0
DA:379,0
DA:384,0
DA:385,0
DA:389,3
LF:112
LH:6
BRDA:17,0,0,0
BRDA:18,1,0,0
BRDA:18,1,1,54
BRDA:37,2,0,0
BRDA:38,3,0,0
BRDA:38,3,1,0
BRDA:38,4,0,0
BRDA:38,4,1,0
BRDA:43,5,0,0
BRDA:43,5,1,0
BRDA:58,6,0,0
BRDA:58,6,1,0
BRDA:58,7,0,0
BRDA:58,7,1,0
BRDA:59,8,0,0
BRDA:59,8,1,0
BRDA:74,9,0,0
BRDA:74,9,1,0
BRDA:87,10,0,0
BRDA:87,10,1,0
BRDA:87,11,0,0
BRDA:87,11,1,0
BRDA:91,12,0,0
BRDA:91,12,1,0
BRDA:112,13,0,0
BRDA:112,13,1,0
BRDA:116,14,0,0
BRDA:116,14,1,0
BRDA:119,15,0,0
BRDA:119,15,1,0
BRDA:126,16,0,0
BRDA:126,16,1,0
BRDA:153,17,0,0
BRDA:153,17,1,0
BRDA:153,18,0,0
BRDA:153,18,1,0
BRDA:158,19,0,0
BRDA:158,19,1,0
BRDA:178,20,0,0
BRDA:178,20,1,0
BRDA:178,21,0,0
BRDA:178,21,1,0
BRDA:184,22,0,0
BRDA:184,22,1,0
BRDA:201,23,0,0
BRDA:201,23,1,0
BRDA:228,24,0,0
BRDA:228,24,1,0
BRDA:228,25,0,0
BRDA:228,25,1,0
BRDA:231,26,0,0
BRDA:231,26,1,0
BRDA:240,27,0,0
BRDA:240,27,1,0
BRDA:248,28,0,0
BRDA:248,28,1,0
BRDA:255,29,0,0
BRDA:255,29,1,0
BRDA:261,30,0,0
BRDA:261,30,1,0
BRDA:268,31,0,0
BRDA:268,31,1,0
BRDA:272,32,0,0
BRDA:272,32,1,0
BRDA:277,33,0,0
BRDA:277,33,1,0
BRDA:278,34,0,0
BRDA:278,34,1,0
BRDA:282,35,0,0
BRDA:282,35,1,0
BRDA:306,36,0,0
BRDA:306,36,1,0
BRDA:321,37,0,0
BRDA:321,37,1,0
BRDA:322,38,0,0
BRDA:322,38,1,0
BRDA:339,39,0,0
BRDA:339,39,1,0
BRDA:339,40,0,0
BRDA:339,40,1,0
BRDA:347,41,0,0
BRDA:347,41,1,0
BRDA:364,42,0,0
BRDA:364,42,1,0
BRDA:364,43,0,0
BRDA:364,43,1,0
BRDA:378,44,0,0
BRDA:378,44,1,0
BRDA:378,45,0,0
BRDA:378,45,1,0
BRF:90
BRH:1
end_of_record
TN:
SF:src/vector_sql_utils.js
FN:5,(anonymous_0)
FN:53,(anonymous_1)
FN:57,(anonymous_2)
FN:67,(anonymous_3)
FN:77,(anonymous_4)
FN:155,(anonymous_5)
FN:160,(anonymous_6)
FN:174,(anonymous_7)
FN:217,(anonymous_8)
FN:268,(anonymous_9)
FNF:10
FNH:7
FNDA:61,(anonymous_0)
FNDA:42,(anonymous_1)
FNDA:25,(anonymous_2)
FNDA:23,(anonymous_3)
FNDA:28,(anonymous_4)
FNDA:39,(anonymous_5)
FNDA:12328,(anonymous_6)
FNDA:0,(anonymous_7)
FNDA:0,(anonymous_8)
FNDA:0,(anonymous_9)
DA:6,61
DA:7,6
DA:11,55
DA:12,55
DA:15,55
DA:24,55
DA:25,290
DA:26,9
DA:31,46
DA:32,46
DA:34,46
DA:35,5465
DA:36,5465
DA:40,5462
DA:41,5462
DA:42,8
DA:46,5454
DA:47,5454
DA:50,35
DA:54,42
DA:58,25
DA:59,0
DA:63,25
DA:64,25
DA:68,23
DA:69,0
DA:73,23
DA:74,23
DA:89,28
DA:91,28
DA:92,0
DA:94,28
DA:95,2
DA:97,26
DA:98,1
DA:100,25
DA:101,2
DA:103,23
DA:104,0
DA:108,23
DA:109,23
DA:110,22
DA:112,23
DA:113,23
DA:116,23
DA:118,23
DA:121,23
DA:123,23
DA:124,0
DA:127,23
DA:129,4
DA:137,4
DA:138,16
DA:139,1
DA:143,3
DA:146,22
DA:147,22
DA:150,22
DA:152,22
DA:156,39
DA:157,0
DA:160,39
DA:161,12328
DA:162,0
DA:166,12328
DA:167,1
DA:170,12327
DA:184,0
DA:186,0
DA:187,0
DA:190,0
DA:191,0
DA:194,0
DA:195,0
DA:198,0
DA:199,0
DA:200,0
DA:203,0
DA:204,0
DA:205,0
DA:207,0
DA:208,0
DA:209,0
DA:212,0
DA:214,0
DA:224,0
DA:226,0
DA:227,0
DA:230,0
DA:231,0
DA:234,0
DA:235,0
DA:237,0
DA:238,0
DA:239,0
DA:242,0
DA:243,0
DA:244,0
DA:246,0
DA:250,0
DA:251,0
DA:252,0
DA:254,0
DA:255,0
DA:258,0
DA:259,0
DA:262,0
DA:263,0
DA:265,0
DA:272,0
DA:274,0
DA:275,0
DA:278,0
DA:279,0
DA:282,0
DA:283,0
DA:285,0
DA:289,5
LF:118
LH:61
BRDA:6,0,0,6
BRDA:6,0,1,55
BRDA:6,1,0,61
BRDA:6,1,1,58
BRDA:12,2,0,0
BRDA:12,2,1,55
BRDA:25,3,0,9
BRDA:25,3,1,281
BRDA:32,4,0,0
BRDA:32,4,1,46
BRDA:36,5,0,3
BRDA:36,5,1,5462
BRDA:41,6,0,8
BRDA:41,6,1,5454
BRDA:47,7,0,0
BRDA:47,7,1,5454
BRDA:47,8,0,5454
BRDA:47,8,1,5454
BRDA:54,9,0,42
BRDA:54,9,1,33
BRDA:54,9,2,30
BRDA:58,10,0,0
BRDA:58,10,1,25
BRDA:58,11,0,25
BRDA:58,11,1,25
BRDA:68,12,0,0
BRDA:68,12,1,23
BRDA:68,13,0,23
BRDA:68,13,1,23
BRDA:80,14,0,0
BRDA:81,15,0,0
BRDA:82,16,0,0
BRDA:83,17,0,10
BRDA:84,18,0,11
BRDA:85,19,0,28
BRDA:86,20,0,10
BRDA:87,21,0,28
BRDA:88,22,0,0
BRDA:91,23,0,0
BRDA:91,23,1,28
BRDA:94,24,0,2
BRDA:94,24,1,26
BRDA:97,25,0,1
BRDA:97,25,1,25
BRDA:100,26,0,2
BRDA:100,26,1,23
BRDA:103,27,0,0
BRDA:103,27,1,23
BRDA:109,28,0,22
BRDA:109,28,1,1
BRDA:123,29,0,0
BRDA:123,29,1,23
BRDA:127,30,0,4
BRDA:127,30,1,19
BRDA:138,31,0,1
BRDA:138,31,1,15
BRDA:146,32,0,22
BRDA:146,32,1,0
BRDA:156,33,0,0
BRDA:156,33,1,39
BRDA:161,34,0,0
BRDA:161,34,1,12328
BRDA:161,35,0,12328
BRDA:161,35,1,12328
BRDA:166,36,0,1
BRDA:166,36,1,12327
BRDA:166,37,0,12328
BRDA:166,37,1,7
BRDA:176,38,0,0
BRDA:183,39,0,0
BRDA:186,40,0,0
BRDA:186,40,1,0
BRDA:186,41,0,0
BRDA:186,41,1,0
BRDA:186,41,2,0
BRDA:190,42,0,0
BRDA:190,42,1,0
BRDA:194,43,0,0
BRDA:194,43,1,0
BRDA:204,44,0,0
BRDA:204,44,1,0
BRDA:219,45,0,0
BRDA:223,46,0,0
BRDA:226,47,0,0
BRDA:226,47,1,0
BRDA:230,48,0,0
BRDA:230,48,1,0
BRDA:237,49,0,0
BRDA:237,49,1,0
BRDA:242,50,0,0
BRDA:242,50,1,0
BRDA:243,51,0,0
BRDA:243,51,1,0
BRDA:251,52,0,0
BRDA:251,52,1,0
BRDA:258,53,0,0
BRDA:258,53,1,0
BRDA:270,54,0,0
BRDA:274,55,0,0
BRDA:274,55,1,0
BRDA:278,56,0,0
BRDA:278,56,1,0
BRF:102
BRH:53
end_of_record
